[     494ms] [ERROR] Failed to load resource: the server responded with a status of 404 (Not Found) @ http://localhost:3002/_next/static/webpack/3c8a7bf5341721fb.webpack.hot-update.json:0
[     562ms] [WARNING] Error while trying to use the following icon from the Manifest: http://localhost:3002/images/icons/icon-192.png (Download error or resource isn't a valid image) @ http://localhost:3002/:0
[     814ms] [ERROR] Failed to load resource: the server responded with a status of 404 (Not Found) @ http://localhost:3002/_next/static/webpack/3c8a7bf5341721fb.webpack.hot-update.json:0
[     876ms] [WARNING] Error while trying to use the following icon from the Manifest: http://localhost:3002/images/icons/icon-192.png (Download error or resource isn't a valid image) @ http://localhost:3002/:0
[    1127ms] [ERROR] Failed to load resource: the server responded with a status of 404 (Not Found) @ http://localhost:3002/_next/static/webpack/3c8a7bf5341721fb.webpack.hot-update.json:0
[    1175ms] [WARNING] Error while trying to use the following icon from the Manifest: http://localhost:3002/images/icons/icon-192.png (Download error or resource isn't a valid image) @ http://localhost:3002/:0
[    1421ms] [ERROR] Failed to load resource: the server responded with a status of 404 (Not Found) @ http://localhost:3002/_next/static/webpack/3c8a7bf5341721fb.webpack.hot-update.json:0
[    1469ms] [WARNING] Error while trying to use the following icon from the Manifest: http://localhost:3002/images/icons/icon-192.png (Download error or resource isn't a valid image) @ http://localhost:3002/:0
[    1710ms] [ERROR] Failed to load resource: the server responded with a status of 404 (Not Found) @ http://localhost:3002/_next/static/webpack/3c8a7bf5341721fb.webpack.hot-update.json:0
[    1761ms] [WARNING] Error while trying to use the following icon from the Manifest: http://localhost:3002/images/icons/icon-192.png (Download error or resource isn't a valid image) @ http://localhost:3002/:0
[    2001ms] [ERROR] Failed to load resource: the server responded with a status of 404 (Not Found) @ http://localhost:3002/_next/static/webpack/3c8a7bf5341721fb.webpack.hot-update.json:0
[    2054ms] [WARNING] Error while trying to use the following icon from the Manifest: http://localhost:3002/images/icons/icon-192.png (Download error or resource isn't a valid image) @ http://localhost:3002/:0
[    2296ms] [ERROR] Failed to load resource: the server responded with a status of 404 (Not Found) @ http://localhost:3002/_next/static/webpack/3c8a7bf5341721fb.webpack.hot-update.json:0
[    2353ms] [WARNING] Error while trying to use the following icon from the Manifest: http://localhost:3002/images/icons/icon-192.png (Download error or resource isn't a valid image) @ http://localhost:3002/:0
[    2606ms] [ERROR] Failed to load resource: the server responded with a status of 404 (Not Found) @ http://localhost:3002/_next/static/webpack/3c8a7bf5341721fb.webpack.hot-update.json:0
[    2663ms] [WARNING] Error while trying to use the following icon from the Manifest: http://localhost:3002/images/icons/icon-192.png (Download error or resource isn't a valid image) @ http://localhost:3002/:0
[    2894ms] [ERROR] Failed to load resource: the server responded with a status of 404 (Not Found) @ http://localhost:3002/_next/static/webpack/3c8a7bf5341721fb.webpack.hot-update.json:0
[    2940ms] [WARNING] Error while trying to use the following icon from the Manifest: http://localhost:3002/images/icons/icon-192.png (Download error or resource isn't a valid image) @ http://localhost:3002/:0
[    3176ms] [ERROR] Failed to load resource: the server responded with a status of 404 (Not Found) @ http://localhost:3002/_next/static/webpack/3c8a7bf5341721fb.webpack.hot-update.json:0
[    3228ms] [WARNING] Error while trying to use the following icon from the Manifest: http://localhost:3002/images/icons/icon-192.png (Download error or resource isn't a valid image) @ http://localhost:3002/:0
[    3476ms] [ERROR] Failed to load resource: the server responded with a status of 404 (Not Found) @ http://localhost:3002/_next/static/webpack/3c8a7bf5341721fb.webpack.hot-update.json:0
[    3548ms] [WARNING] Error while trying to use the following icon from the Manifest: http://localhost:3002/images/icons/icon-192.png (Download error or resource isn't a valid image) @ http://localhost:3002/:0
[    3804ms] [ERROR] Failed to load resource: the server responded with a status of 404 (Not Found) @ http://localhost:3002/_next/static/webpack/3c8a7bf5341721fb.webpack.hot-update.json:0
[    3856ms] [WARNING] Error while trying to use the following icon from the Manifest: http://localhost:3002/images/icons/icon-192.png (Download error or resource isn't a valid image) @ http://localhost:3002/:0
[    4085ms] [ERROR] Failed to load resource: the server responded with a status of 404 (Not Found) @ http://localhost:3002/_next/static/webpack/3c8a7bf5341721fb.webpack.hot-update.json:0
[    4134ms] [WARNING] Error while trying to use the following icon from the Manifest: http://localhost:3002/images/icons/icon-192.png (Download error or resource isn't a valid image) @ http://localhost:3002/:0
[    4368ms] [ERROR] Failed to load resource: the server responded with a status of 404 (Not Found) @ http://localhost:3002/_next/static/webpack/3c8a7bf5341721fb.webpack.hot-update.json:0
[    4416ms] [WARNING] Error while trying to use the following icon from the Manifest: http://localhost:3002/images/icons/icon-192.png (Download error or resource isn't a valid image) @ http://localhost:3002/:0
[    4650ms] [ERROR] Failed to load resource: the server responded with a status of 404 (Not Found) @ http://localhost:3002/_next/static/webpack/3c8a7bf5341721fb.webpack.hot-update.json:0
[    4705ms] [WARNING] Error while trying to use the following icon from the Manifest: http://localhost:3002/images/icons/icon-192.png (Download error or resource isn't a valid image) @ http://localhost:3002/:0
[    4932ms] [ERROR] Failed to load resource: the server responded with a status of 404 (Not Found) @ http://localhost:3002/_next/static/webpack/3c8a7bf5341721fb.webpack.hot-update.json:0
[    4978ms] [WARNING] Error while trying to use the following icon from the Manifest: http://localhost:3002/images/icons/icon-192.png (Download error or resource isn't a valid image) @ http://localhost:3002/:0
[    5207ms] [ERROR] Failed to load resource: the server responded with a status of 404 (Not Found) @ http://localhost:3002/_next/static/webpack/3c8a7bf5341721fb.webpack.hot-update.json:0
[    5250ms] [WARNING] Error while trying to use the following icon from the Manifest: http://localhost:3002/images/icons/icon-192.png (Download error or resource isn't a valid image) @ http://localhost:3002/:0
[    5484ms] [ERROR] Failed to load resource: the server responded with a status of 404 (Not Found) @ http://localhost:3002/_next/static/webpack/3c8a7bf5341721fb.webpack.hot-update.json:0
[    5529ms] [WARNING] Error while trying to use the following icon from the Manifest: http://localhost:3002/images/icons/icon-192.png (Download error or resource isn't a valid image) @ http://localhost:3002/:0
[    5755ms] [ERROR] Failed to load resource: the server responded with a status of 404 (Not Found) @ http://localhost:3002/_next/static/webpack/3c8a7bf5341721fb.webpack.hot-update.json:0
[    5799ms] [WARNING] Error while trying to use the following icon from the Manifest: http://localhost:3002/images/icons/icon-192.png (Download error or resource isn't a valid image) @ http://localhost:3002/:0
[    6045ms] [ERROR] Failed to load resource: the server responded with a status of 404 (Not Found) @ http://localhost:3002/_next/static/webpack/3c8a7bf5341721fb.webpack.hot-update.json:0
[    6094ms] [WARNING] Error while trying to use the following icon from the Manifest: http://localhost:3002/images/icons/icon-192.png (Download error or resource isn't a valid image) @ http://localhost:3002/:0
[    6335ms] [ERROR] Failed to load resource: the server responded with a status of 404 (Not Found) @ http://localhost:3002/_next/static/webpack/3c8a7bf5341721fb.webpack.hot-update.json:0
[    6383ms] [WARNING] Error while trying to use the following icon from the Manifest: http://localhost:3002/images/icons/icon-192.png (Download error or resource isn't a valid image) @ http://localhost:3002/:0
[    6620ms] [ERROR] Failed to load resource: the server responded with a status of 404 (Not Found) @ http://localhost:3002/_next/static/webpack/3c8a7bf5341721fb.webpack.hot-update.json:0
[    6668ms] [WARNING] Error while trying to use the following icon from the Manifest: http://localhost:3002/images/icons/icon-192.png (Download error or resource isn't a valid image) @ http://localhost:3002/:0
[    6887ms] [ERROR] Failed to load resource: the server responded with a status of 404 (Not Found) @ http://localhost:3002/_next/static/webpack/3c8a7bf5341721fb.webpack.hot-update.json:0
[    6942ms] [WARNING] Error while trying to use the following icon from the Manifest: http://localhost:3002/images/icons/icon-192.png (Download error or resource isn't a valid image) @ http://localhost:3002/:0
[    7171ms] [ERROR] Failed to load resource: the server responded with a status of 404 (Not Found) @ http://localhost:3002/_next/static/webpack/3c8a7bf5341721fb.webpack.hot-update.json:0
[    7222ms] [WARNING] Error while trying to use the following icon from the Manifest: http://localhost:3002/images/icons/icon-192.png (Download error or resource isn't a valid image) @ http://localhost:3002/:0
[    7447ms] [ERROR] Failed to load resource: the server responded with a status of 404 (Not Found) @ http://localhost:3002/_next/static/webpack/3c8a7bf5341721fb.webpack.hot-update.json:0
[    7497ms] [WARNING] Error while trying to use the following icon from the Manifest: http://localhost:3002/images/icons/icon-192.png (Download error or resource isn't a valid image) @ http://localhost:3002/:0
[    7781ms] [ERROR] Failed to load resource: the server responded with a status of 404 (Not Found) @ http://localhost:3002/_next/static/webpack/3c8a7bf5341721fb.webpack.hot-update.json:0
[    7832ms] [WARNING] Error while trying to use the following icon from the Manifest: http://localhost:3002/images/icons/icon-192.png (Download error or resource isn't a valid image) @ http://localhost:3002/:0
[    8061ms] [ERROR] Failed to load resource: the server responded with a status of 404 (Not Found) @ http://localhost:3002/_next/static/webpack/3c8a7bf5341721fb.webpack.hot-update.json:0
[    8109ms] [WARNING] Error while trying to use the following icon from the Manifest: http://localhost:3002/images/icons/icon-192.png (Download error or resource isn't a valid image) @ http://localhost:3002/:0
[    8351ms] [ERROR] Failed to load resource: the server responded with a status of 404 (Not Found) @ http://localhost:3002/_next/static/webpack/3c8a7bf5341721fb.webpack.hot-update.json:0
[    8399ms] [WARNING] Error while trying to use the following icon from the Manifest: http://localhost:3002/images/icons/icon-192.png (Download error or resource isn't a valid image) @ http://localhost:3002/:0
[    8637ms] [ERROR] Failed to load resource: the server responded with a status of 404 (Not Found) @ http://localhost:3002/_next/static/webpack/3c8a7bf5341721fb.webpack.hot-update.json:0
[    8684ms] [WARNING] Error while trying to use the following icon from the Manifest: http://localhost:3002/images/icons/icon-192.png (Download error or resource isn't a valid image) @ http://localhost:3002/:0
[    8918ms] [ERROR] Failed to load resource: the server responded with a status of 404 (Not Found) @ http://localhost:3002/_next/static/webpack/3c8a7bf5341721fb.webpack.hot-update.json:0
[    8966ms] [ERROR] Failed to load resource: the server responded with a status of 404 (Not Found) @ http://localhost:3002/images/icons/icon-192.png:0
[    8977ms] [WARNING] Error while trying to use the following icon from the Manifest: http://localhost:3002/images/icons/icon-192.png (Download error or resource isn't a valid image) @ http://localhost:3002/:0
[    9226ms] [ERROR] Failed to load resource: the server responded with a status of 404 (Not Found) @ http://localhost:3002/_next/static/webpack/3c8a7bf5341721fb.webpack.hot-update.json:0
[    9294ms] [WARNING] Error while trying to use the following icon from the Manifest: http://localhost:3002/images/icons/icon-192.png (Download error or resource isn't a valid image) @ http://localhost:3002/:0
[    9562ms] [ERROR] Failed to load resource: the server responded with a status of 404 (Not Found) @ http://localhost:3002/_next/static/webpack/3c8a7bf5341721fb.webpack.hot-update.json:0
[    9619ms] [WARNING] Error while trying to use the following icon from the Manifest: http://localhost:3002/images/icons/icon-192.png (Download error or resource isn't a valid image) @ http://localhost:3002/:0
[    9853ms] [ERROR] Failed to load resource: the server responded with a status of 404 (Not Found) @ http://localhost:3002/_next/static/webpack/3c8a7bf5341721fb.webpack.hot-update.json:0
[    9901ms] [WARNING] Error while trying to use the following icon from the Manifest: http://localhost:3002/images/icons/icon-192.png (Download error or resource isn't a valid image) @ http://localhost:3002/:0
[   10140ms] [ERROR] Failed to load resource: the server responded with a status of 404 (Not Found) @ http://localhost:3002/_next/static/webpack/3c8a7bf5341721fb.webpack.hot-update.json:0
[   10190ms] [WARNING] Error while trying to use the following icon from the Manifest: http://localhost:3002/images/icons/icon-192.png (Download error or resource isn't a valid image) @ http://localhost:3002/:0
[   10444ms] [ERROR] Failed to load resource: the server responded with a status of 404 (Not Found) @ http://localhost:3002/_next/static/webpack/3c8a7bf5341721fb.webpack.hot-update.json:0
[   10491ms] [WARNING] Error while trying to use the following icon from the Manifest: http://localhost:3002/images/icons/icon-192.png (Download error or resource isn't a valid image) @ http://localhost:3002/:0
[   10731ms] [ERROR] Failed to load resource: the server responded with a status of 404 (Not Found) @ http://localhost:3002/_next/static/webpack/3c8a7bf5341721fb.webpack.hot-update.json:0
[   10758ms] [ERROR] Failed to load resource: the server responded with a status of 404 (Not Found) @ http://localhost:3002/images/icons/icon-192.png:0
[   10759ms] [WARNING] Error while trying to use the following icon from the Manifest: http://localhost:3002/images/icons/icon-192.png (Download error or resource isn't a valid image) @ http://localhost:3002/:0
[   11035ms] [ERROR] Failed to load resource: the server responded with a status of 404 (Not Found) @ http://localhost:3002/_next/static/webpack/3c8a7bf5341721fb.webpack.hot-update.json:0
[   11088ms] [WARNING] Error while trying to use the following icon from the Manifest: http://localhost:3002/images/icons/icon-192.png (Download error or resource isn't a valid image) @ http://localhost:3002/:0
[   11333ms] [ERROR] Failed to load resource: the server responded with a status of 404 (Not Found) @ http://localhost:3002/_next/static/webpack/3c8a7bf5341721fb.webpack.hot-update.json:0
[   11382ms] [WARNING] Error while trying to use the following icon from the Manifest: http://localhost:3002/images/icons/icon-192.png (Download error or resource isn't a valid image) @ http://localhost:3002/:0
[   11647ms] [ERROR] Failed to load resource: the server responded with a status of 404 (Not Found) @ http://localhost:3002/_next/static/webpack/3c8a7bf5341721fb.webpack.hot-update.json:0
[   11697ms] [WARNING] Error while trying to use the following icon from the Manifest: http://localhost:3002/images/icons/icon-192.png (Download error or resource isn't a valid image) @ http://localhost:3002/:0
[   11933ms] [ERROR] Failed to load resource: the server responded with a status of 404 (Not Found) @ http://localhost:3002/_next/static/webpack/3c8a7bf5341721fb.webpack.hot-update.json:0
[   11976ms] [WARNING] Error while trying to use the following icon from the Manifest: http://localhost:3002/images/icons/icon-192.png (Download error or resource isn't a valid image) @ http://localhost:3002/:0
[   12203ms] [ERROR] Failed to load resource: the server responded with a status of 404 (Not Found) @ http://localhost:3002/_next/static/webpack/3c8a7bf5341721fb.webpack.hot-update.json:0
[   12248ms] [WARNING] Error while trying to use the following icon from the Manifest: http://localhost:3002/images/icons/icon-192.png (Download error or resource isn't a valid image) @ http://localhost:3002/:0
[   12487ms] [ERROR] Failed to load resource: the server responded with a status of 404 (Not Found) @ http://localhost:3002/_next/static/webpack/3c8a7bf5341721fb.webpack.hot-update.json:0
[   12534ms] [WARNING] Error while trying to use the following icon from the Manifest: http://localhost:3002/images/icons/icon-192.png (Download error or resource isn't a valid image) @ http://localhost:3002/:0
[   12793ms] [ERROR] Failed to load resource: the server responded with a status of 404 (Not Found) @ http://localhost:3002/_next/static/webpack/3c8a7bf5341721fb.webpack.hot-update.json:0
[   12841ms] [WARNING] Error while trying to use the following icon from the Manifest: http://localhost:3002/images/icons/icon-192.png (Download error or resource isn't a valid image) @ http://localhost:3002/:0
[   13076ms] [ERROR] Failed to load resource: the server responded with a status of 404 (Not Found) @ http://localhost:3002/_next/static/webpack/3c8a7bf5341721fb.webpack.hot-update.json:0
[   13121ms] [WARNING] Error while trying to use the following icon from the Manifest: http://localhost:3002/images/icons/icon-192.png (Download error or resource isn't a valid image) @ http://localhost:3002/:0
[   13369ms] [ERROR] Failed to load resource: the server responded with a status of 404 (Not Found) @ http://localhost:3002/_next/static/webpack/3c8a7bf5341721fb.webpack.hot-update.json:0
[   13412ms] [WARNING] Error while trying to use the following icon from the Manifest: http://localhost:3002/images/icons/icon-192.png (Download error or resource isn't a valid image) @ http://localhost:3002/:0
[   13650ms] [ERROR] Failed to load resource: the server responded with a status of 404 (Not Found) @ http://localhost:3002/_next/static/webpack/3c8a7bf5341721fb.webpack.hot-update.json:0
[   13700ms] [WARNING] Error while trying to use the following icon from the Manifest: http://localhost:3002/images/icons/icon-192.png (Download error or resource isn't a valid image) @ http://localhost:3002/:0
[   13941ms] [ERROR] Failed to load resource: the server responded with a status of 404 (Not Found) @ http://localhost:3002/_next/static/webpack/3c8a7bf5341721fb.webpack.hot-update.json:0
[   13996ms] [WARNING] Error while trying to use the following icon from the Manifest: http://localhost:3002/images/icons/icon-192.png (Download error or resource isn't a valid image) @ http://localhost:3002/:0
[   14225ms] [ERROR] Failed to load resource: the server responded with a status of 404 (Not Found) @ http://localhost:3002/_next/static/webpack/3c8a7bf5341721fb.webpack.hot-update.json:0
[   14269ms] [WARNING] Error while trying to use the following icon from the Manifest: http://localhost:3002/images/icons/icon-192.png (Download error or resource isn't a valid image) @ http://localhost:3002/:0
[   14498ms] [ERROR] Failed to load resource: the server responded with a status of 404 (Not Found) @ http://localhost:3002/_next/static/webpack/3c8a7bf5341721fb.webpack.hot-update.json:0
[   14540ms] [WARNING] Error while trying to use the following icon from the Manifest: http://localhost:3002/images/icons/icon-192.png (Download error or resource isn't a valid image) @ http://localhost:3002/:0
[   14772ms] [ERROR] Failed to load resource: the server responded with a status of 404 (Not Found) @ http://localhost:3002/_next/static/webpack/3c8a7bf5341721fb.webpack.hot-update.json:0
[   14814ms] [ERROR] Failed to load resource: the server responded with a status of 404 (Not Found) @ http://localhost:3002/images/icons/icon-192.png:0
[   14824ms] [WARNING] Error while trying to use the following icon from the Manifest: http://localhost:3002/images/icons/icon-192.png (Download error or resource isn't a valid image) @ http://localhost:3002/:0
[   15058ms] [ERROR] Failed to load resource: the server responded with a status of 404 (Not Found) @ http://localhost:3002/_next/static/webpack/3c8a7bf5341721fb.webpack.hot-update.json:0
[   15103ms] [WARNING] Error while trying to use the following icon from the Manifest: http://localhost:3002/images/icons/icon-192.png (Download error or resource isn't a valid image) @ http://localhost:3002/:0
[   15341ms] [ERROR] Failed to load resource: the server responded with a status of 404 (Not Found) @ http://localhost:3002/_next/static/webpack/3c8a7bf5341721fb.webpack.hot-update.json:0
[   15400ms] [WARNING] Error while trying to use the following icon from the Manifest: http://localhost:3002/images/icons/icon-192.png (Download error or resource isn't a valid image) @ http://localhost:3002/:0
[   15667ms] [ERROR] Failed to load resource: the server responded with a status of 404 (Not Found) @ http://localhost:3002/_next/static/webpack/3c8a7bf5341721fb.webpack.hot-update.json:0
[   15754ms] [WARNING] Error while trying to use the following icon from the Manifest: http://localhost:3002/images/icons/icon-192.png (Download error or resource isn't a valid image) @ http://localhost:3002/:0
[   16010ms] [ERROR] Failed to load resource: the server responded with a status of 404 (Not Found) @ http://localhost:3002/_next/static/webpack/3c8a7bf5341721fb.webpack.hot-update.json:0
[   16064ms] [WARNING] Error while trying to use the following icon from the Manifest: http://localhost:3002/images/icons/icon-192.png (Download error or resource isn't a valid image) @ http://localhost:3002/:0
[   16287ms] [ERROR] Failed to load resource: the server responded with a status of 404 (Not Found) @ http://localhost:3002/_next/static/webpack/3c8a7bf5341721fb.webpack.hot-update.json:0
[   16336ms] [WARNING] Error while trying to use the following icon from the Manifest: http://localhost:3002/images/icons/icon-192.png (Download error or resource isn't a valid image) @ http://localhost:3002/:0
[   16560ms] [ERROR] Failed to load resource: the server responded with a status of 404 (Not Found) @ http://localhost:3002/_next/static/webpack/3c8a7bf5341721fb.webpack.hot-update.json:0
[   16614ms] [WARNING] Error while trying to use the following icon from the Manifest: http://localhost:3002/images/icons/icon-192.png (Download error or resource isn't a valid image) @ http://localhost:3002/:0
[   16855ms] [ERROR] Failed to load resource: the server responded with a status of 404 (Not Found) @ http://localhost:3002/_next/static/webpack/3c8a7bf5341721fb.webpack.hot-update.json:0
[   16902ms] [WARNING] Error while trying to use the following icon from the Manifest: http://localhost:3002/images/icons/icon-192.png (Download error or resource isn't a valid image) @ http://localhost:3002/:0
[   17128ms] [ERROR] Failed to load resource: the server responded with a status of 404 (Not Found) @ http://localhost:3002/_next/static/webpack/3c8a7bf5341721fb.webpack.hot-update.json:0
[   17174ms] [WARNING] Error while trying to use the following icon from the Manifest: http://localhost:3002/images/icons/icon-192.png (Download error or resource isn't a valid image) @ http://localhost:3002/:0
[   17398ms] [ERROR] Failed to load resource: the server responded with a status of 404 (Not Found) @ http://localhost:3002/_next/static/webpack/3c8a7bf5341721fb.webpack.hot-update.json:0
[   17446ms] [WARNING] Error while trying to use the following icon from the Manifest: http://localhost:3002/images/icons/icon-192.png (Download error or resource isn't a valid image) @ http://localhost:3002/:0
[   17677ms] [ERROR] Failed to load resource: the server responded with a status of 404 (Not Found) @ http://localhost:3002/_next/static/webpack/3c8a7bf5341721fb.webpack.hot-update.json:0
[   17722ms] [WARNING] Error while trying to use the following icon from the Manifest: http://localhost:3002/images/icons/icon-192.png (Download error or resource isn't a valid image) @ http://localhost:3002/:0
[   17951ms] [ERROR] Failed to load resource: the server responded with a status of 404 (Not Found) @ http://localhost:3002/_next/static/webpack/3c8a7bf5341721fb.webpack.hot-update.json:0
[   18024ms] [WARNING] Error while trying to use the following icon from the Manifest: http://localhost:3002/images/icons/icon-192.png (Download error or resource isn't a valid image) @ http://localhost:3002/:0
[   18269ms] [ERROR] Failed to load resource: the server responded with a status of 404 (Not Found) @ http://localhost:3002/_next/static/webpack/3c8a7bf5341721fb.webpack.hot-update.json:0
[   18314ms] [WARNING] Error while trying to use the following icon from the Manifest: http://localhost:3002/images/icons/icon-192.png (Download error or resource isn't a valid image) @ http://localhost:3002/:0
[   18562ms] [ERROR] Failed to load resource: the server responded with a status of 404 (Not Found) @ http://localhost:3002/_next/static/webpack/3c8a7bf5341721fb.webpack.hot-update.json:0
[   18606ms] [WARNING] Error while trying to use the following icon from the Manifest: http://localhost:3002/images/icons/icon-192.png (Download error or resource isn't a valid image) @ http://localhost:3002/:0
[   18838ms] [ERROR] Failed to load resource: the server responded with a status of 404 (Not Found) @ http://localhost:3002/_next/static/webpack/3c8a7bf5341721fb.webpack.hot-update.json:0
[   18883ms] [WARNING] Error while trying to use the following icon from the Manifest: http://localhost:3002/images/icons/icon-192.png (Download error or resource isn't a valid image) @ http://localhost:3002/:0
[   19103ms] [ERROR] Failed to load resource: the server responded with a status of 404 (Not Found) @ http://localhost:3002/_next/static/webpack/3c8a7bf5341721fb.webpack.hot-update.json:0
[   19150ms] [WARNING] Error while trying to use the following icon from the Manifest: http://localhost:3002/images/icons/icon-192.png (Download error or resource isn't a valid image) @ http://localhost:3002/:0
[   19391ms] [ERROR] Failed to load resource: the server responded with a status of 404 (Not Found) @ http://localhost:3002/_next/static/webpack/3c8a7bf5341721fb.webpack.hot-update.json:0
[   19436ms] [WARNING] Error while trying to use the following icon from the Manifest: http://localhost:3002/images/icons/icon-192.png (Download error or resource isn't a valid image) @ http://localhost:3002/:0
[   19669ms] [ERROR] Failed to load resource: the server responded with a status of 404 (Not Found) @ http://localhost:3002/_next/static/webpack/3c8a7bf5341721fb.webpack.hot-update.json:0
[   19729ms] [WARNING] Error while trying to use the following icon from the Manifest: http://localhost:3002/images/icons/icon-192.png (Download error or resource isn't a valid image) @ http://localhost:3002/:0
[   19975ms] [ERROR] Failed to load resource: the server responded with a status of 404 (Not Found) @ http://localhost:3002/_next/static/webpack/3c8a7bf5341721fb.webpack.hot-update.json:0
[   20024ms] [WARNING] Error while trying to use the following icon from the Manifest: http://localhost:3002/images/icons/icon-192.png (Download error or resource isn't a valid image) @ http://localhost:3002/:0
[   20268ms] [ERROR] Failed to load resource: the server responded with a status of 404 (Not Found) @ http://localhost:3002/_next/static/webpack/3c8a7bf5341721fb.webpack.hot-update.json:0
[   20322ms] [WARNING] Error while trying to use the following icon from the Manifest: http://localhost:3002/images/icons/icon-192.png (Download error or resource isn't a valid image) @ http://localhost:3002/:0
[   20560ms] [ERROR] Failed to load resource: the server responded with a status of 404 (Not Found) @ http://localhost:3002/_next/static/webpack/3c8a7bf5341721fb.webpack.hot-update.json:0
[   20616ms] [WARNING] Error while trying to use the following icon from the Manifest: http://localhost:3002/images/icons/icon-192.png (Download error or resource isn't a valid image) @ http://localhost:3002/:0
[   20855ms] [ERROR] Failed to load resource: the server responded with a status of 404 (Not Found) @ http://localhost:3002/_next/static/webpack/3c8a7bf5341721fb.webpack.hot-update.json:0
[   20940ms] [WARNING] Error while trying to use the following icon from the Manifest: http://localhost:3002/images/icons/icon-192.png (Download error or resource isn't a valid image) @ http://localhost:3002/:0
[   21188ms] [ERROR] Failed to load resource: the server responded with a status of 404 (Not Found) @ http://localhost:3002/_next/static/webpack/3c8a7bf5341721fb.webpack.hot-update.json:0
[   21236ms] [WARNING] Error while trying to use the following icon from the Manifest: http://localhost:3002/images/icons/icon-192.png (Download error or resource isn't a valid image) @ http://localhost:3002/:0
[   21478ms] [ERROR] Failed to load resource: the server responded with a status of 404 (Not Found) @ http://localhost:3002/_next/static/webpack/3c8a7bf5341721fb.webpack.hot-update.json:0
[   21525ms] [WARNING] Error while trying to use the following icon from the Manifest: http://localhost:3002/images/icons/icon-192.png (Download error or resource isn't a valid image) @ http://localhost:3002/:0
[   21763ms] [ERROR] Failed to load resource: the server responded with a status of 404 (Not Found) @ http://localhost:3002/_next/static/webpack/3c8a7bf5341721fb.webpack.hot-update.json:0
[   21811ms] [WARNING] Error while trying to use the following icon from the Manifest: http://localhost:3002/images/icons/icon-192.png (Download error or resource isn't a valid image) @ http://localhost:3002/:0
[   22053ms] [ERROR] Failed to load resource: the server responded with a status of 404 (Not Found) @ http://localhost:3002/_next/static/webpack/3c8a7bf5341721fb.webpack.hot-update.json:0
[   22102ms] [WARNING] Error while trying to use the following icon from the Manifest: http://localhost:3002/images/icons/icon-192.png (Download error or resource isn't a valid image) @ http://localhost:3002/:0
[   22337ms] [ERROR] Failed to load resource: the server responded with a status of 404 (Not Found) @ http://localhost:3002/_next/static/webpack/3c8a7bf5341721fb.webpack.hot-update.json:0
[   22383ms] [WARNING] Error while trying to use the following icon from the Manifest: http://localhost:3002/images/icons/icon-192.png (Download error or resource isn't a valid image) @ http://localhost:3002/:0
[   22648ms] [ERROR] Failed to load resource: the server responded with a status of 404 (Not Found) @ http://localhost:3002/_next/static/webpack/3c8a7bf5341721fb.webpack.hot-update.json:0
[   22693ms] [WARNING] Error while trying to use the following icon from the Manifest: http://localhost:3002/images/icons/icon-192.png (Download error or resource isn't a valid image) @ http://localhost:3002/:0
[   22933ms] [ERROR] Failed to load resource: the server responded with a status of 404 (Not Found) @ http://localhost:3002/_next/static/webpack/3c8a7bf5341721fb.webpack.hot-update.json:0
[   22978ms] [WARNING] Error while trying to use the following icon from the Manifest: http://localhost:3002/images/icons/icon-192.png (Download error or resource isn't a valid image) @ http://localhost:3002/:0
[   23208ms] [ERROR] Failed to load resource: the server responded with a status of 404 (Not Found) @ http://localhost:3002/_next/static/webpack/3c8a7bf5341721fb.webpack.hot-update.json:0
[   23257ms] [WARNING] Error while trying to use the following icon from the Manifest: http://localhost:3002/images/icons/icon-192.png (Download error or resource isn't a valid image) @ http://localhost:3002/:0
[   23493ms] [ERROR] Failed to load resource: the server responded with a status of 404 (Not Found) @ http://localhost:3002/_next/static/webpack/3c8a7bf5341721fb.webpack.hot-update.json:0
[   23537ms] [WARNING] Error while trying to use the following icon from the Manifest: http://localhost:3002/images/icons/icon-192.png (Download error or resource isn't a valid image) @ http://localhost:3002/:0
[   23784ms] [ERROR] Failed to load resource: the server responded with a status of 404 (Not Found) @ http://localhost:3002/_next/static/webpack/3c8a7bf5341721fb.webpack.hot-update.json:0
[   23831ms] [WARNING] Error while trying to use the following icon from the Manifest: http://localhost:3002/images/icons/icon-192.png (Download error or resource isn't a valid image) @ http://localhost:3002/:0
[   24062ms] [ERROR] Failed to load resource: the server responded with a status of 404 (Not Found) @ http://localhost:3002/_next/static/webpack/3c8a7bf5341721fb.webpack.hot-update.json:0
[   24109ms] [WARNING] Error while trying to use the following icon from the Manifest: http://localhost:3002/images/icons/icon-192.png (Download error or resource isn't a valid image) @ http://localhost:3002/:0
[   24418ms] [ERROR] Failed to load resource: the server responded with a status of 404 (Not Found) @ http://localhost:3002/_next/static/webpack/3c8a7bf5341721fb.webpack.hot-update.json:0
[   24468ms] [WARNING] Error while trying to use the following icon from the Manifest: http://localhost:3002/images/icons/icon-192.png (Download error or resource isn't a valid image) @ http://localhost:3002/:0
[   24693ms] [ERROR] Failed to load resource: the server responded with a status of 404 (Not Found) @ http://localhost:3002/_next/static/webpack/3c8a7bf5341721fb.webpack.hot-update.json:0
[   24739ms] [WARNING] Error while trying to use the following icon from the Manifest: http://localhost:3002/images/icons/icon-192.png (Download error or resource isn't a valid image) @ http://localhost:3002/:0
[   24967ms] [ERROR] Failed to load resource: the server responded with a status of 404 (Not Found) @ http://localhost:3002/_next/static/webpack/3c8a7bf5341721fb.webpack.hot-update.json:0
[   25008ms] [WARNING] Error while trying to use the following icon from the Manifest: http://localhost:3002/images/icons/icon-192.png (Download error or resource isn't a valid image) @ http://localhost:3002/:0
[   25235ms] [ERROR] Failed to load resource: the server responded with a status of 404 (Not Found) @ http://localhost:3002/_next/static/webpack/3c8a7bf5341721fb.webpack.hot-update.json:0
[   25279ms] [WARNING] Error while trying to use the following icon from the Manifest: http://localhost:3002/images/icons/icon-192.png (Download error or resource isn't a valid image) @ http://localhost:3002/:0
[   25501ms] [ERROR] Failed to load resource: the server responded with a status of 404 (Not Found) @ http://localhost:3002/_next/static/webpack/3c8a7bf5341721fb.webpack.hot-update.json:0
[   25551ms] [WARNING] Error while trying to use the following icon from the Manifest: http://localhost:3002/images/icons/icon-192.png (Download error or resource isn't a valid image) @ http://localhost:3002/:0
[   25780ms] [ERROR] Failed to load resource: the server responded with a status of 404 (Not Found) @ http://localhost:3002/_next/static/webpack/3c8a7bf5341721fb.webpack.hot-update.json:0
[   25825ms] [WARNING] Error while trying to use the following icon from the Manifest: http://localhost:3002/images/icons/icon-192.png (Download error or resource isn't a valid image) @ http://localhost:3002/:0
[   26055ms] [ERROR] Failed to load resource: the server responded with a status of 404 (Not Found) @ http://localhost:3002/_next/static/webpack/3c8a7bf5341721fb.webpack.hot-update.json:0
[   26103ms] [WARNING] Error while trying to use the following icon from the Manifest: http://localhost:3002/images/icons/icon-192.png (Download error or resource isn't a valid image) @ http://localhost:3002/:0
[   26353ms] [ERROR] Failed to load resource: the server responded with a status of 404 (Not Found) @ http://localhost:3002/_next/static/webpack/3c8a7bf5341721fb.webpack.hot-update.json:0
[   26399ms] [WARNING] Error while trying to use the following icon from the Manifest: http://localhost:3002/images/icons/icon-192.png (Download error or resource isn't a valid image) @ http://localhost:3002/:0
[   26626ms] [ERROR] Failed to load resource: the server responded with a status of 404 (Not Found) @ http://localhost:3002/_next/static/webpack/3c8a7bf5341721fb.webpack.hot-update.json:0
[   26671ms] [WARNING] Error while trying to use the following icon from the Manifest: http://localhost:3002/images/icons/icon-192.png (Download error or resource isn't a valid image) @ http://localhost:3002/:0
[   26894ms] [ERROR] Failed to load resource: the server responded with a status of 404 (Not Found) @ http://localhost:3002/_next/static/webpack/3c8a7bf5341721fb.webpack.hot-update.json:0
[   26940ms] [WARNING] Error while trying to use the following icon from the Manifest: http://localhost:3002/images/icons/icon-192.png (Download error or resource isn't a valid image) @ http://localhost:3002/:0
[   27185ms] [ERROR] Failed to load resource: the server responded with a status of 404 (Not Found) @ http://localhost:3002/_next/static/webpack/3c8a7bf5341721fb.webpack.hot-update.json:0
[   27228ms] [WARNING] Error while trying to use the following icon from the Manifest: http://localhost:3002/images/icons/icon-192.png (Download error or resource isn't a valid image) @ http://localhost:3002/:0
[   27452ms] [ERROR] Failed to load resource: the server responded with a status of 404 (Not Found) @ http://localhost:3002/_next/static/webpack/3c8a7bf5341721fb.webpack.hot-update.json:0
[   27495ms] [WARNING] Error while trying to use the following icon from the Manifest: http://localhost:3002/images/icons/icon-192.png (Download error or resource isn't a valid image) @ http://localhost:3002/:0
[   27720ms] [ERROR] Failed to load resource: the server responded with a status of 404 (Not Found) @ http://localhost:3002/_next/static/webpack/3c8a7bf5341721fb.webpack.hot-update.json:0
[   27764ms] [WARNING] Error while trying to use the following icon from the Manifest: http://localhost:3002/images/icons/icon-192.png (Download error or resource isn't a valid image) @ http://localhost:3002/:0
[   27990ms] [ERROR] Failed to load resource: the server responded with a status of 404 (Not Found) @ http://localhost:3002/_next/static/webpack/3c8a7bf5341721fb.webpack.hot-update.json:0
[   28035ms] [WARNING] Error while trying to use the following icon from the Manifest: http://localhost:3002/images/icons/icon-192.png (Download error or resource isn't a valid image) @ http://localhost:3002/:0
[   28268ms] [ERROR] Failed to load resource: the server responded with a status of 404 (Not Found) @ http://localhost:3002/_next/static/webpack/3c8a7bf5341721fb.webpack.hot-update.json:0
[   28335ms] [WARNING] Error while trying to use the following icon from the Manifest: http://localhost:3002/images/icons/icon-192.png (Download error or resource isn't a valid image) @ http://localhost:3002/:0
[   28561ms] [ERROR] Failed to load resource: the server responded with a status of 404 (Not Found) @ http://localhost:3002/_next/static/webpack/3c8a7bf5341721fb.webpack.hot-update.json:0
[   28611ms] [WARNING] Error while trying to use the following icon from the Manifest: http://localhost:3002/images/icons/icon-192.png (Download error or resource isn't a valid image) @ http://localhost:3002/:0
[   28836ms] [ERROR] Failed to load resource: the server responded with a status of 404 (Not Found) @ http://localhost:3002/_next/static/webpack/3c8a7bf5341721fb.webpack.hot-update.json:0
[   28886ms] [WARNING] Error while trying to use the following icon from the Manifest: http://localhost:3002/images/icons/icon-192.png (Download error or resource isn't a valid image) @ http://localhost:3002/:0
[   29112ms] [ERROR] Failed to load resource: the server responded with a status of 404 (Not Found) @ http://localhost:3002/_next/static/webpack/3c8a7bf5341721fb.webpack.hot-update.json:0
[   29160ms] [WARNING] Error while trying to use the following icon from the Manifest: http://localhost:3002/images/icons/icon-192.png (Download error or resource isn't a valid image) @ http://localhost:3002/:0
[   29395ms] [ERROR] Failed to load resource: the server responded with a status of 404 (Not Found) @ http://localhost:3002/_next/static/webpack/3c8a7bf5341721fb.webpack.hot-update.json:0
[   29443ms] [WARNING] Error while trying to use the following icon from the Manifest: http://localhost:3002/images/icons/icon-192.png (Download error or resource isn't a valid image) @ http://localhost:3002/:0
[   29678ms] [ERROR] Failed to load resource: the server responded with a status of 404 (Not Found) @ http://localhost:3002/_next/static/webpack/3c8a7bf5341721fb.webpack.hot-update.json:0
[   29724ms] [WARNING] Error while trying to use the following icon from the Manifest: http://localhost:3002/images/icons/icon-192.png (Download error or resource isn't a valid image) @ http://localhost:3002/:0
[   29973ms] [ERROR] Failed to load resource: the server responded with a status of 404 (Not Found) @ http://localhost:3002/_next/static/webpack/3c8a7bf5341721fb.webpack.hot-update.json:0
[   30045ms] [WARNING] Error while trying to use the following icon from the Manifest: http://localhost:3002/images/icons/icon-192.png (Download error or resource isn't a valid image) @ http://localhost:3002/:0
[   30282ms] [ERROR] Failed to load resource: the server responded with a status of 404 (Not Found) @ http://localhost:3002/_next/static/webpack/3c8a7bf5341721fb.webpack.hot-update.json:0
[   30328ms] [WARNING] Error while trying to use the following icon from the Manifest: http://localhost:3002/images/icons/icon-192.png (Download error or resource isn't a valid image) @ http://localhost:3002/:0
[   30553ms] [ERROR] Failed to load resource: the server responded with a status of 404 (Not Found) @ http://localhost:3002/_next/static/webpack/3c8a7bf5341721fb.webpack.hot-update.json:0
[   30598ms] [WARNING] Error while trying to use the following icon from the Manifest: http://localhost:3002/images/icons/icon-192.png (Download error or resource isn't a valid image) @ http://localhost:3002/:0
[   30831ms] [ERROR] Failed to load resource: the server responded with a status of 404 (Not Found) @ http://localhost:3002/_next/static/webpack/3c8a7bf5341721fb.webpack.hot-update.json:0
[   30875ms] [WARNING] Error while trying to use the following icon from the Manifest: http://localhost:3002/images/icons/icon-192.png (Download error or resource isn't a valid image) @ http://localhost:3002/:0
[   31110ms] [ERROR] Failed to load resource: the server responded with a status of 404 (Not Found) @ http://localhost:3002/_next/static/webpack/3c8a7bf5341721fb.webpack.hot-update.json:0
[   31160ms] [WARNING] Error while trying to use the following icon from the Manifest: http://localhost:3002/images/icons/icon-192.png (Download error or resource isn't a valid image) @ http://localhost:3002/:0
[   31394ms] [ERROR] Failed to load resource: the server responded with a status of 404 (Not Found) @ http://localhost:3002/_next/static/webpack/3c8a7bf5341721fb.webpack.hot-update.json:0
[   31442ms] [WARNING] Error while trying to use the following icon from the Manifest: http://localhost:3002/images/icons/icon-192.png (Download error or resource isn't a valid image) @ http://localhost:3002/:0
[   31695ms] [ERROR] Failed to load resource: the server responded with a status of 404 (Not Found) @ http://localhost:3002/_next/static/webpack/3c8a7bf5341721fb.webpack.hot-update.json:0
[   31742ms] [WARNING] Error while trying to use the following icon from the Manifest: http://localhost:3002/images/icons/icon-192.png (Download error or resource isn't a valid image) @ http://localhost:3002/:0
[   31984ms] [ERROR] Failed to load resource: the server responded with a status of 404 (Not Found) @ http://localhost:3002/_next/static/webpack/3c8a7bf5341721fb.webpack.hot-update.json:0
[   32031ms] [WARNING] Error while trying to use the following icon from the Manifest: http://localhost:3002/images/icons/icon-192.png (Download error or resource isn't a valid image) @ http://localhost:3002/:0
[   32269ms] [ERROR] Failed to load resource: the server responded with a status of 404 (Not Found) @ http://localhost:3002/_next/static/webpack/3c8a7bf5341721fb.webpack.hot-update.json:0
[   32319ms] [WARNING] Error while trying to use the following icon from the Manifest: http://localhost:3002/images/icons/icon-192.png (Download error or resource isn't a valid image) @ http://localhost:3002/:0
[   32565ms] [ERROR] Failed to load resource: the server responded with a status of 404 (Not Found) @ http://localhost:3002/_next/static/webpack/3c8a7bf5341721fb.webpack.hot-update.json:0
[   32642ms] [WARNING] Error while trying to use the following icon from the Manifest: http://localhost:3002/images/icons/icon-192.png (Download error or resource isn't a valid image) @ http://localhost:3002/:0
[   33011ms] [ERROR] Failed to load resource: the server responded with a status of 404 (Not Found) @ http://localhost:3002/_next/static/webpack/3c8a7bf5341721fb.webpack.hot-update.json:0
[   33113ms] [WARNING] Error while trying to use the following icon from the Manifest: http://localhost:3002/images/icons/icon-192.png (Download error or resource isn't a valid image) @ http://localhost:3002/:0
[   33428ms] [ERROR] Failed to load resource: the server responded with a status of 404 (Not Found) @ http://localhost:3002/_next/static/webpack/3c8a7bf5341721fb.webpack.hot-update.json:0
[   33496ms] [WARNING] Error while trying to use the following icon from the Manifest: http://localhost:3002/images/icons/icon-192.png (Download error or resource isn't a valid image) @ http://localhost:3002/:0
[   33853ms] [ERROR] Failed to load resource: the server responded with a status of 404 (Not Found) @ http://localhost:3002/_next/static/webpack/3c8a7bf5341721fb.webpack.hot-update.json:0
[   33921ms] [WARNING] Error while trying to use the following icon from the Manifest: http://localhost:3002/images/icons/icon-192.png (Download error or resource isn't a valid image) @ http://localhost:3002/:0
[   34200ms] [ERROR] Failed to load resource: the server responded with a status of 404 (Not Found) @ http://localhost:3002/_next/static/webpack/3c8a7bf5341721fb.webpack.hot-update.json:0
[   34263ms] [WARNING] Error while trying to use the following icon from the Manifest: http://localhost:3002/images/icons/icon-192.png (Download error or resource isn't a valid image) @ http://localhost:3002/:0
[   34557ms] [ERROR] Failed to load resource: the server responded with a status of 404 (Not Found) @ http://localhost:3002/_next/static/webpack/3c8a7bf5341721fb.webpack.hot-update.json:0
[   34631ms] [WARNING] Error while trying to use the following icon from the Manifest: http://localhost:3002/images/icons/icon-192.png (Download error or resource isn't a valid image) @ http://localhost:3002/:0
[   34964ms] [ERROR] Failed to load resource: the server responded with a status of 404 (Not Found) @ http://localhost:3002/_next/static/webpack/3c8a7bf5341721fb.webpack.hot-update.json:0
[   35045ms] [WARNING] Error while trying to use the following icon from the Manifest: http://localhost:3002/images/icons/icon-192.png (Download error or resource isn't a valid image) @ http://localhost:3002/:0
[   35363ms] [ERROR] Failed to load resource: the server responded with a status of 404 (Not Found) @ http://localhost:3002/_next/static/webpack/3c8a7bf5341721fb.webpack.hot-update.json:0
[   35431ms] [WARNING] Error while trying to use the following icon from the Manifest: http://localhost:3002/images/icons/icon-192.png (Download error or resource isn't a valid image) @ http://localhost:3002/:0
[   35748ms] [ERROR] Failed to load resource: the server responded with a status of 404 (Not Found) @ http://localhost:3002/_next/static/webpack/3c8a7bf5341721fb.webpack.hot-update.json:0
[   35833ms] [WARNING] Error while trying to use the following icon from the Manifest: http://localhost:3002/images/icons/icon-192.png (Download error or resource isn't a valid image) @ http://localhost:3002/:0
[   36205ms] [ERROR] Failed to load resource: the server responded with a status of 404 (Not Found) @ http://localhost:3002/_next/static/webpack/3c8a7bf5341721fb.webpack.hot-update.json:0
[   36283ms] [WARNING] Error while trying to use the following icon from the Manifest: http://localhost:3002/images/icons/icon-192.png (Download error or resource isn't a valid image) @ http://localhost:3002/:0
[   36680ms] [ERROR] Failed to load resource: the server responded with a status of 404 (Not Found) @ http://localhost:3002/_next/static/webpack/3c8a7bf5341721fb.webpack.hot-update.json:0
[   36780ms] [WARNING] Error while trying to use the following icon from the Manifest: http://localhost:3002/images/icons/icon-192.png (Download error or resource isn't a valid image) @ http://localhost:3002/:0
[   37157ms] [ERROR] Failed to load resource: the server responded with a status of 404 (Not Found) @ http://localhost:3002/_next/static/webpack/3c8a7bf5341721fb.webpack.hot-update.json:0
[   37245ms] [WARNING] Error while trying to use the following icon from the Manifest: http://localhost:3002/images/icons/icon-192.png (Download error or resource isn't a valid image) @ http://localhost:3002/:0
[   37575ms] [ERROR] Failed to load resource: the server responded with a status of 404 (Not Found) @ http://localhost:3002/_next/static/webpack/3c8a7bf5341721fb.webpack.hot-update.json:0
[   37650ms] [WARNING] Error while trying to use the following icon from the Manifest: http://localhost:3002/images/icons/icon-192.png (Download error or resource isn't a valid image) @ http://localhost:3002/:0
[   37954ms] [ERROR] Failed to load resource: the server responded with a status of 404 (Not Found) @ http://localhost:3002/_next/static/webpack/3c8a7bf5341721fb.webpack.hot-update.json:0
[   38032ms] [WARNING] Error while trying to use the following icon from the Manifest: http://localhost:3002/images/icons/icon-192.png (Download error or resource isn't a valid image) @ http://localhost:3002/:0
[   38341ms] [ERROR] Failed to load resource: the server responded with a status of 404 (Not Found) @ http://localhost:3002/_next/static/webpack/3c8a7bf5341721fb.webpack.hot-update.json:0
[   38403ms] [WARNING] Error while trying to use the following icon from the Manifest: http://localhost:3002/images/icons/icon-192.png (Download error or resource isn't a valid image) @ http://localhost:3002/:0
[   38739ms] [ERROR] Failed to load resource: the server responded with a status of 404 (Not Found) @ http://localhost:3002/_next/static/webpack/3c8a7bf5341721fb.webpack.hot-update.json:0
[   38816ms] [WARNING] Error while trying to use the following icon from the Manifest: http://localhost:3002/images/icons/icon-192.png (Download error or resource isn't a valid image) @ http://localhost:3002/:0
[   39161ms] [ERROR] Failed to load resource: the server responded with a status of 404 (Not Found) @ http://localhost:3002/_next/static/webpack/3c8a7bf5341721fb.webpack.hot-update.json:0
[   39231ms] [WARNING] Error while trying to use the following icon from the Manifest: http://localhost:3002/images/icons/icon-192.png (Download error or resource isn't a valid image) @ http://localhost:3002/:0
[   39518ms] [ERROR] Failed to load resource: the server responded with a status of 404 (Not Found) @ http://localhost:3002/_next/static/webpack/3c8a7bf5341721fb.webpack.hot-update.json:0
[   39585ms] [WARNING] Error while trying to use the following icon from the Manifest: http://localhost:3002/images/icons/icon-192.png (Download error or resource isn't a valid image) @ http://localhost:3002/:0
[   39885ms] [ERROR] Failed to load resource: the server responded with a status of 404 (Not Found) @ http://localhost:3002/_next/static/webpack/3c8a7bf5341721fb.webpack.hot-update.json:0
[   39949ms] [WARNING] Error while trying to use the following icon from the Manifest: http://localhost:3002/images/icons/icon-192.png (Download error or resource isn't a valid image) @ http://localhost:3002/:0
[   40218ms] [ERROR] Failed to load resource: the server responded with a status of 404 (Not Found) @ http://localhost:3002/_next/static/webpack/3c8a7bf5341721fb.webpack.hot-update.json:0
[   40283ms] [WARNING] Error while trying to use the following icon from the Manifest: http://localhost:3002/images/icons/icon-192.png (Download error or resource isn't a valid image) @ http://localhost:3002/:0
[   40598ms] [ERROR] Failed to load resource: the server responded with a status of 404 (Not Found) @ http://localhost:3002/_next/static/webpack/3c8a7bf5341721fb.webpack.hot-update.json:0
[   40667ms] [WARNING] Error while trying to use the following icon from the Manifest: http://localhost:3002/images/icons/icon-192.png (Download error or resource isn't a valid image) @ http://localhost:3002/:0
[   40949ms] [ERROR] Failed to load resource: the server responded with a status of 404 (Not Found) @ http://localhost:3002/_next/static/webpack/3c8a7bf5341721fb.webpack.hot-update.json:0
[   41008ms] [WARNING] Error while trying to use the following icon from the Manifest: http://localhost:3002/images/icons/icon-192.png (Download error or resource isn't a valid image) @ http://localhost:3002/:0
[   41349ms] [ERROR] Failed to load resource: the server responded with a status of 404 (Not Found) @ http://localhost:3002/_next/static/webpack/3c8a7bf5341721fb.webpack.hot-update.json:0
[   41399ms] [ERROR] Failed to load resource: the server responded with a status of 404 (Not Found) @ http://localhost:3002/images/icons/icon-192.png:0
[   41400ms] [WARNING] Error while trying to use the following icon from the Manifest: http://localhost:3002/images/icons/icon-192.png (Download error or resource isn't a valid image) @ http://localhost:3002/:0
[   41691ms] [ERROR] Failed to load resource: the server responded with a status of 404 (Not Found) @ http://localhost:3002/_next/static/webpack/3c8a7bf5341721fb.webpack.hot-update.json:0
[   41768ms] [WARNING] Error while trying to use the following icon from the Manifest: http://localhost:3002/images/icons/icon-192.png (Download error or resource isn't a valid image) @ http://localhost:3002/:0
[   42050ms] [ERROR] Failed to load resource: the server responded with a status of 404 (Not Found) @ http://localhost:3002/_next/static/webpack/3c8a7bf5341721fb.webpack.hot-update.json:0
[   42116ms] [WARNING] Error while trying to use the following icon from the Manifest: http://localhost:3002/images/icons/icon-192.png (Download error or resource isn't a valid image) @ http://localhost:3002/:0
[   42408ms] [ERROR] Failed to load resource: the server responded with a status of 404 (Not Found) @ http://localhost:3002/_next/static/webpack/3c8a7bf5341721fb.webpack.hot-update.json:0
[   42447ms] [ERROR] Failed to load resource: the server responded with a status of 404 (Not Found) @ http://localhost:3002/images/icons/icon-192.png:0
[   42448ms] [WARNING] Error while trying to use the following icon from the Manifest: http://localhost:3002/images/icons/icon-192.png (Download error or resource isn't a valid image) @ http://localhost:3002/:0
[   42877ms] [ERROR] Failed to load resource: the server responded with a status of 404 (Not Found) @ http://localhost:3002/_next/static/webpack/3c8a7bf5341721fb.webpack.hot-update.json:0
[   42959ms] [WARNING] Error while trying to use the following icon from the Manifest: http://localhost:3002/images/icons/icon-192.png (Download error or resource isn't a valid image) @ http://localhost:3002/:0
[   43244ms] [ERROR] Failed to load resource: the server responded with a status of 404 (Not Found) @ http://localhost:3002/_next/static/webpack/3c8a7bf5341721fb.webpack.hot-update.json:0
[   43317ms] [WARNING] Error while trying to use the following icon from the Manifest: http://localhost:3002/images/icons/icon-192.png (Download error or resource isn't a valid image) @ http://localhost:3002/:0
[   43623ms] [ERROR] Failed to load resource: the server responded with a status of 404 (Not Found) @ http://localhost:3002/_next/static/webpack/3c8a7bf5341721fb.webpack.hot-update.json:0
[   43713ms] [WARNING] Error while trying to use the following icon from the Manifest: http://localhost:3002/images/icons/icon-192.png (Download error or resource isn't a valid image) @ http://localhost:3002/:0
[   44119ms] [ERROR] Failed to load resource: the server responded with a status of 404 (Not Found) @ http://localhost:3002/_next/static/webpack/3c8a7bf5341721fb.webpack.hot-update.json:0
[   44208ms] [WARNING] Error while trying to use the following icon from the Manifest: http://localhost:3002/images/icons/icon-192.png (Download error or resource isn't a valid image) @ http://localhost:3002/:0
[   44564ms] [ERROR] Failed to load resource: the server responded with a status of 404 (Not Found) @ http://localhost:3002/_next/static/webpack/3c8a7bf5341721fb.webpack.hot-update.json:0
[   44651ms] [WARNING] Error while trying to use the following icon from the Manifest: http://localhost:3002/images/icons/icon-192.png (Download error or resource isn't a valid image) @ http://localhost:3002/:0
[   45113ms] [ERROR] Failed to load resource: the server responded with a status of 404 (Not Found) @ http://localhost:3002/_next/static/webpack/3c8a7bf5341721fb.webpack.hot-update.json:0
[   45250ms] [WARNING] Error while trying to use the following icon from the Manifest: http://localhost:3002/images/icons/icon-192.png (Download error or resource isn't a valid image) @ http://localhost:3002/:0
[   45612ms] [ERROR] Failed to load resource: the server responded with a status of 404 (Not Found) @ http://localhost:3002/_next/static/webpack/3c8a7bf5341721fb.webpack.hot-update.json:0
[   45718ms] [WARNING] Error while trying to use the following icon from the Manifest: http://localhost:3002/images/icons/icon-192.png (Download error or resource isn't a valid image) @ http://localhost:3002/:0
[   46097ms] [ERROR] Failed to load resource: the server responded with a status of 404 (Not Found) @ http://localhost:3002/_next/static/webpack/3c8a7bf5341721fb.webpack.hot-update.json:0
[   46173ms] [WARNING] Error while trying to use the following icon from the Manifest: http://localhost:3002/images/icons/icon-192.png (Download error or resource isn't a valid image) @ http://localhost:3002/:0
[   46491ms] [ERROR] Failed to load resource: the server responded with a status of 404 (Not Found) @ http://localhost:3002/_next/static/webpack/3c8a7bf5341721fb.webpack.hot-update.json:0
[   46522ms] [ERROR] Failed to load resource: the server responded with a status of 404 (Not Found) @ http://localhost:3002/images/icons/icon-192.png:0
[   46522ms] [WARNING] Error while trying to use the following icon from the Manifest: http://localhost:3002/images/icons/icon-192.png (Download error or resource isn't a valid image) @ http://localhost:3002/:0
[   46919ms] [ERROR] Failed to load resource: the server responded with a status of 404 (Not Found) @ http://localhost:3002/_next/static/webpack/3c8a7bf5341721fb.webpack.hot-update.json:0
[   46951ms] [ERROR] Failed to load resource: the server responded with a status of 404 (Not Found) @ http://localhost:3002/images/icons/icon-192.png:0
[   46980ms] [WARNING] Error while trying to use the following icon from the Manifest: http://localhost:3002/images/icons/icon-192.png (Download error or resource isn't a valid image) @ http://localhost:3002/:0
[   47307ms] [ERROR] Failed to load resource: the server responded with a status of 404 (Not Found) @ http://localhost:3002/_next/static/webpack/3c8a7bf5341721fb.webpack.hot-update.json:0
[   47377ms] [WARNING] Error while trying to use the following icon from the Manifest: http://localhost:3002/images/icons/icon-192.png (Download error or resource isn't a valid image) @ http://localhost:3002/:0
[   47666ms] [ERROR] Failed to load resource: the server responded with a status of 404 (Not Found) @ http://localhost:3002/_next/static/webpack/3c8a7bf5341721fb.webpack.hot-update.json:0
[   47737ms] [WARNING] Error while trying to use the following icon from the Manifest: http://localhost:3002/images/icons/icon-192.png (Download error or resource isn't a valid image) @ http://localhost:3002/:0
[   48038ms] [ERROR] Failed to load resource: the server responded with a status of 404 (Not Found) @ http://localhost:3002/_next/static/webpack/3c8a7bf5341721fb.webpack.hot-update.json:0
[   48067ms] [ERROR] Failed to load resource: the server responded with a status of 404 (Not Found) @ http://localhost:3002/images/icons/icon-192.png:0
[   48090ms] [WARNING] Error while trying to use the following icon from the Manifest: http://localhost:3002/images/icons/icon-192.png (Download error or resource isn't a valid image) @ http://localhost:3002/:0
[   48408ms] [ERROR] Failed to load resource: the server responded with a status of 404 (Not Found) @ http://localhost:3002/_next/static/webpack/3c8a7bf5341721fb.webpack.hot-update.json:0
[   48478ms] [WARNING] Error while trying to use the following icon from the Manifest: http://localhost:3002/images/icons/icon-192.png (Download error or resource isn't a valid image) @ http://localhost:3002/:0
[   48761ms] [ERROR] Failed to load resource: the server responded with a status of 404 (Not Found) @ http://localhost:3002/_next/static/webpack/3c8a7bf5341721fb.webpack.hot-update.json:0
[   48858ms] [WARNING] Error while trying to use the following icon from the Manifest: http://localhost:3002/images/icons/icon-192.png (Download error or resource isn't a valid image) @ http://localhost:3002/:0
[   49176ms] [ERROR] Failed to load resource: the server responded with a status of 404 (Not Found) @ http://localhost:3002/_next/static/webpack/3c8a7bf5341721fb.webpack.hot-update.json:0
[   49238ms] [WARNING] Error while trying to use the following icon from the Manifest: http://localhost:3002/images/icons/icon-192.png (Download error or resource isn't a valid image) @ http://localhost:3002/:0
[   49511ms] [ERROR] Failed to load resource: the server responded with a status of 404 (Not Found) @ http://localhost:3002/_next/static/webpack/3c8a7bf5341721fb.webpack.hot-update.json:0
[   49581ms] [WARNING] Error while trying to use the following icon from the Manifest: http://localhost:3002/images/icons/icon-192.png (Download error or resource isn't a valid image) @ http://localhost:3002/:0
[   49865ms] [ERROR] Failed to load resource: the server responded with a status of 404 (Not Found) @ http://localhost:3002/_next/static/webpack/3c8a7bf5341721fb.webpack.hot-update.json:0
[   49933ms] [WARNING] Error while trying to use the following icon from the Manifest: http://localhost:3002/images/icons/icon-192.png (Download error or resource isn't a valid image) @ http://localhost:3002/:0
[   50250ms] [ERROR] Failed to load resource: the server responded with a status of 404 (Not Found) @ http://localhost:3002/_next/static/webpack/3c8a7bf5341721fb.webpack.hot-update.json:0
[   50358ms] [WARNING] Error while trying to use the following icon from the Manifest: http://localhost:3002/images/icons/icon-192.png (Download error or resource isn't a valid image) @ http://localhost:3002/:0
[   51850ms] [ERROR] Failed to load resource: the server responded with a status of 404 (Not Found) @ http://localhost:3002/_next/static/webpack/3c8a7bf5341721fb.webpack.hot-update.json:0
[   51892ms] [ERROR] Failed to load resource: the server responded with a status of 404 (Not Found) @ http://localhost:3002/images/icons/icon-192.png:0
[   51894ms] [WARNING] Error while trying to use the following icon from the Manifest: http://localhost:3002/images/icons/icon-192.png (Download error or resource isn't a valid image) @ http://localhost:3002/:0
[   52378ms] [ERROR] Failed to load resource: the server responded with a status of 404 (Not Found) @ http://localhost:3002/_next/static/webpack/3c8a7bf5341721fb.webpack.hot-update.json:0
[   52481ms] [WARNING] Error while trying to use the following icon from the Manifest: http://localhost:3002/images/icons/icon-192.png (Download error or resource isn't a valid image) @ http://localhost:3002/:0
[   52833ms] [ERROR] Failed to load resource: the server responded with a status of 404 (Not Found) @ http://localhost:3002/_next/static/webpack/3c8a7bf5341721fb.webpack.hot-update.json:0
[   52934ms] [WARNING] Error while trying to use the following icon from the Manifest: http://localhost:3002/images/icons/icon-192.png (Download error or resource isn't a valid image) @ http://localhost:3002/:0
[   53370ms] [ERROR] Failed to load resource: the server responded with a status of 404 (Not Found) @ http://localhost:3002/_next/static/webpack/3c8a7bf5341721fb.webpack.hot-update.json:0
[   53460ms] [WARNING] Error while trying to use the following icon from the Manifest: http://localhost:3002/images/icons/icon-192.png (Download error or resource isn't a valid image) @ http://localhost:3002/:0
[   53821ms] [ERROR] Failed to load resource: the server responded with a status of 404 (Not Found) @ http://localhost:3002/_next/static/webpack/3c8a7bf5341721fb.webpack.hot-update.json:0
[   53908ms] [WARNING] Error while trying to use the following icon from the Manifest: http://localhost:3002/images/icons/icon-192.png (Download error or resource isn't a valid image) @ http://localhost:3002/:0
[   54311ms] [ERROR] Failed to load resource: the server responded with a status of 404 (Not Found) @ http://localhost:3002/_next/static/webpack/3c8a7bf5341721fb.webpack.hot-update.json:0
[   54345ms] [ERROR] Failed to load resource: the server responded with a status of 404 (Not Found) @ http://localhost:3002/images/icons/icon-192.png:0
[   54375ms] [WARNING] Error while trying to use the following icon from the Manifest: http://localhost:3002/images/icons/icon-192.png (Download error or resource isn't a valid image) @ http://localhost:3002/:0
[   54895ms] [ERROR] Failed to load resource: the server responded with a status of 404 (Not Found) @ http://localhost:3002/_next/static/webpack/3c8a7bf5341721fb.webpack.hot-update.json:0
[   54988ms] [WARNING] Error while trying to use the following icon from the Manifest: http://localhost:3002/images/icons/icon-192.png (Download error or resource isn't a valid image) @ http://localhost:3002/:0
[   55673ms] [ERROR] Failed to load resource: the server responded with a status of 404 (Not Found) @ http://localhost:3002/_next/static/webpack/3c8a7bf5341721fb.webpack.hot-update.json:0
[   56056ms] [ERROR] Failed to load resource: the server responded with a status of 404 (Not Found) @ http://localhost:3002/_next/static/webpack/3c8a7bf5341721fb.webpack.hot-update.json:0
[   56114ms] [WARNING] Error while trying to use the following icon from the Manifest: http://localhost:3002/images/icons/icon-192.png (Download error or resource isn't a valid image) @ http://localhost:3002/:0
[   56413ms] [ERROR] Failed to load resource: the server responded with a status of 404 (Not Found) @ http://localhost:3002/_next/static/webpack/3c8a7bf5341721fb.webpack.hot-update.json:0
[   56485ms] [WARNING] Error while trying to use the following icon from the Manifest: http://localhost:3002/images/icons/icon-192.png (Download error or resource isn't a valid image) @ http://localhost:3002/:0
[   56774ms] [ERROR] Failed to load resource: the server responded with a status of 404 (Not Found) @ http://localhost:3002/_next/static/webpack/3c8a7bf5341721fb.webpack.hot-update.json:0
[   56837ms] [WARNING] Error while trying to use the following icon from the Manifest: http://localhost:3002/images/icons/icon-192.png (Download error or resource isn't a valid image) @ http://localhost:3002/:0
[   57111ms] [ERROR] Failed to load resource: the server responded with a status of 404 (Not Found) @ http://localhost:3002/_next/static/webpack/3c8a7bf5341721fb.webpack.hot-update.json:0
[   57173ms] [WARNING] Error while trying to use the following icon from the Manifest: http://localhost:3002/images/icons/icon-192.png (Download error or resource isn't a valid image) @ http://localhost:3002/:0
[   57460ms] [ERROR] Failed to load resource: the server responded with a status of 404 (Not Found) @ http://localhost:3002/_next/static/webpack/3c8a7bf5341721fb.webpack.hot-update.json:0
[   57540ms] [ERROR] Failed to load resource: the server responded with a status of 404 (Not Found) @ http://localhost:3002/images/icons/icon-192.png:0
[   57546ms] [WARNING] Error while trying to use the following icon from the Manifest: http://localhost:3002/images/icons/icon-192.png (Download error or resource isn't a valid image) @ http://localhost:3002/:0
[   57831ms] [ERROR] Failed to load resource: the server responded with a status of 404 (Not Found) @ http://localhost:3002/_next/static/webpack/3c8a7bf5341721fb.webpack.hot-update.json:0
[   57900ms] [WARNING] Error while trying to use the following icon from the Manifest: http://localhost:3002/images/icons/icon-192.png (Download error or resource isn't a valid image) @ http://localhost:3002/:0
[   58176ms] [ERROR] Failed to load resource: the server responded with a status of 404 (Not Found) @ http://localhost:3002/_next/static/webpack/3c8a7bf5341721fb.webpack.hot-update.json:0
[   58243ms] [WARNING] Error while trying to use the following icon from the Manifest: http://localhost:3002/images/icons/icon-192.png (Download error or resource isn't a valid image) @ http://localhost:3002/:0
[   58551ms] [ERROR] Failed to load resource: the server responded with a status of 404 (Not Found) @ http://localhost:3002/_next/static/webpack/3c8a7bf5341721fb.webpack.hot-update.json:0
[   58622ms] [WARNING] Error while trying to use the following icon from the Manifest: http://localhost:3002/images/icons/icon-192.png (Download error or resource isn't a valid image) @ http://localhost:3002/:0
[   58917ms] [ERROR] Failed to load resource: the server responded with a status of 404 (Not Found) @ http://localhost:3002/_next/static/webpack/3c8a7bf5341721fb.webpack.hot-update.json:0
[   58983ms] [WARNING] Error while trying to use the following icon from the Manifest: http://localhost:3002/images/icons/icon-192.png (Download error or resource isn't a valid image) @ http://localhost:3002/:0
[   59255ms] [ERROR] Failed to load resource: the server responded with a status of 404 (Not Found) @ http://localhost:3002/_next/static/webpack/3c8a7bf5341721fb.webpack.hot-update.json:0
[   59315ms] [WARNING] Error while trying to use the following icon from the Manifest: http://localhost:3002/images/icons/icon-192.png (Download error or resource isn't a valid image) @ http://localhost:3002/:0
[   59611ms] [ERROR] Failed to load resource: the server responded with a status of 404 (Not Found) @ http://localhost:3002/_next/static/webpack/3c8a7bf5341721fb.webpack.hot-update.json:0
[   59682ms] [WARNING] Error while trying to use the following icon from the Manifest: http://localhost:3002/images/icons/icon-192.png (Download error or resource isn't a valid image) @ http://localhost:3002/:0
[   59971ms] [ERROR] Failed to load resource: the server responded with a status of 404 (Not Found) @ http://localhost:3002/_next/static/webpack/3c8a7bf5341721fb.webpack.hot-update.json:0
[   60033ms] [WARNING] Error while trying to use the following icon from the Manifest: http://localhost:3002/images/icons/icon-192.png (Download error or resource isn't a valid image) @ http://localhost:3002/:0
[   60337ms] [ERROR] Failed to load resource: the server responded with a status of 404 (Not Found) @ http://localhost:3002/_next/static/webpack/3c8a7bf5341721fb.webpack.hot-update.json:0
[   60401ms] [WARNING] Error while trying to use the following icon from the Manifest: http://localhost:3002/images/icons/icon-192.png (Download error or resource isn't a valid image) @ http://localhost:3002/:0
[   60685ms] [ERROR] Failed to load resource: the server responded with a status of 404 (Not Found) @ http://localhost:3002/_next/static/webpack/3c8a7bf5341721fb.webpack.hot-update.json:0
[   60752ms] [WARNING] Error while trying to use the following icon from the Manifest: http://localhost:3002/images/icons/icon-192.png (Download error or resource isn't a valid image) @ http://localhost:3002/:0
[   61071ms] [ERROR] Failed to load resource: the server responded with a status of 404 (Not Found) @ http://localhost:3002/_next/static/webpack/3c8a7bf5341721fb.webpack.hot-update.json:0
[   61098ms] [ERROR] Failed to load resource: the server responded with a status of 404 (Not Found) @ http://localhost:3002/images/icons/icon-192.png:0
[   61120ms] [WARNING] Error while trying to use the following icon from the Manifest: http://localhost:3002/images/icons/icon-192.png (Download error or resource isn't a valid image) @ http://localhost:3002/:0
[   61446ms] [ERROR] Failed to load resource: the server responded with a status of 404 (Not Found) @ http://localhost:3002/_next/static/webpack/3c8a7bf5341721fb.webpack.hot-update.json:0
[   61511ms] [WARNING] Error while trying to use the following icon from the Manifest: http://localhost:3002/images/icons/icon-192.png (Download error or resource isn't a valid image) @ http://localhost:3002/:0
[   61923ms] [ERROR] Failed to load resource: the server responded with a status of 404 (Not Found) @ http://localhost:3002/_next/static/webpack/3c8a7bf5341721fb.webpack.hot-update.json:0
[   62030ms] [WARNING] Error while trying to use the following icon from the Manifest: http://localhost:3002/images/icons/icon-192.png (Download error or resource isn't a valid image) @ http://localhost:3002/:0
[   62338ms] [ERROR] Failed to load resource: the server responded with a status of 404 (Not Found) @ http://localhost:3002/_next/static/webpack/3c8a7bf5341721fb.webpack.hot-update.json:0
[   62415ms] [WARNING] Error while trying to use the following icon from the Manifest: http://localhost:3002/images/icons/icon-192.png (Download error or resource isn't a valid image) @ http://localhost:3002/:0
[   62720ms] [ERROR] Failed to load resource: the server responded with a status of 404 (Not Found) @ http://localhost:3002/_next/static/webpack/3c8a7bf5341721fb.webpack.hot-update.json:0
[   62801ms] [WARNING] Error while trying to use the following icon from the Manifest: http://localhost:3002/images/icons/icon-192.png (Download error or resource isn't a valid image) @ http://localhost:3002/:0
[   63068ms] [ERROR] Failed to load resource: the server responded with a status of 404 (Not Found) @ http://localhost:3002/_next/static/webpack/3c8a7bf5341721fb.webpack.hot-update.json:0
[   63149ms] [WARNING] Error while trying to use the following icon from the Manifest: http://localhost:3002/images/icons/icon-192.png (Download error or resource isn't a valid image) @ http://localhost:3002/:0
[   63477ms] [ERROR] Failed to load resource: the server responded with a status of 404 (Not Found) @ http://localhost:3002/_next/static/webpack/3c8a7bf5341721fb.webpack.hot-update.json:0
[   63564ms] [WARNING] Error while trying to use the following icon from the Manifest: http://localhost:3002/images/icons/icon-192.png (Download error or resource isn't a valid image) @ http://localhost:3002/:0
[   63870ms] [ERROR] Failed to load resource: the server responded with a status of 404 (Not Found) @ http://localhost:3002/_next/static/webpack/3c8a7bf5341721fb.webpack.hot-update.json:0
[   63942ms] [WARNING] Error while trying to use the following icon from the Manifest: http://localhost:3002/images/icons/icon-192.png (Download error or resource isn't a valid image) @ http://localhost:3002/:0
[   64230ms] [ERROR] Failed to load resource: the server responded with a status of 404 (Not Found) @ http://localhost:3002/_next/static/webpack/3c8a7bf5341721fb.webpack.hot-update.json:0
[   64296ms] [WARNING] Error while trying to use the following icon from the Manifest: http://localhost:3002/images/icons/icon-192.png (Download error or resource isn't a valid image) @ http://localhost:3002/:0
[   64570ms] [ERROR] Failed to load resource: the server responded with a status of 404 (Not Found) @ http://localhost:3002/_next/static/webpack/3c8a7bf5341721fb.webpack.hot-update.json:0
[   64640ms] [WARNING] Error while trying to use the following icon from the Manifest: http://localhost:3002/images/icons/icon-192.png (Download error or resource isn't a valid image) @ http://localhost:3002/:0
[   64980ms] [ERROR] Failed to load resource: the server responded with a status of 404 (Not Found) @ http://localhost:3002/_next/static/webpack/3c8a7bf5341721fb.webpack.hot-update.json:0
[   65062ms] [WARNING] Error while trying to use the following icon from the Manifest: http://localhost:3002/images/icons/icon-192.png (Download error or resource isn't a valid image) @ http://localhost:3002/:0
[   65407ms] [ERROR] Failed to load resource: the server responded with a status of 404 (Not Found) @ http://localhost:3002/_next/static/webpack/3c8a7bf5341721fb.webpack.hot-update.json:0
[   65492ms] [WARNING] Error while trying to use the following icon from the Manifest: http://localhost:3002/images/icons/icon-192.png (Download error or resource isn't a valid image) @ http://localhost:3002/:0
[   65822ms] [ERROR] Failed to load resource: the server responded with a status of 404 (Not Found) @ http://localhost:3002/_next/static/webpack/3c8a7bf5341721fb.webpack.hot-update.json:0
[   65917ms] [WARNING] Error while trying to use the following icon from the Manifest: http://localhost:3002/images/icons/icon-192.png (Download error or resource isn't a valid image) @ http://localhost:3002/:0
[   66269ms] [ERROR] Failed to load resource: the server responded with a status of 404 (Not Found) @ http://localhost:3002/_next/static/webpack/3c8a7bf5341721fb.webpack.hot-update.json:0
[   66339ms] [ERROR] Failed to load resource: the server responded with a status of 404 (Not Found) @ http://localhost:3002/images/icons/icon-192.png:0
[   66348ms] [WARNING] Error while trying to use the following icon from the Manifest: http://localhost:3002/images/icons/icon-192.png (Download error or resource isn't a valid image) @ http://localhost:3002/:0
[   66846ms] [ERROR] Failed to load resource: the server responded with a status of 404 (Not Found) @ http://localhost:3002/_next/static/webpack/3c8a7bf5341721fb.webpack.hot-update.json:0
[   66959ms] [WARNING] Error while trying to use the following icon from the Manifest: http://localhost:3002/images/icons/icon-192.png (Download error or resource isn't a valid image) @ http://localhost:3002/:0
[   67343ms] [ERROR] Failed to load resource: the server responded with a status of 404 (Not Found) @ http://localhost:3002/_next/static/webpack/3c8a7bf5341721fb.webpack.hot-update.json:0
[   67424ms] [WARNING] Error while trying to use the following icon from the Manifest: http://localhost:3002/images/icons/icon-192.png (Download error or resource isn't a valid image) @ http://localhost:3002/:0
[   67741ms] [ERROR] Failed to load resource: the server responded with a status of 404 (Not Found) @ http://localhost:3002/_next/static/webpack/3c8a7bf5341721fb.webpack.hot-update.json:0
[   67816ms] [WARNING] Error while trying to use the following icon from the Manifest: http://localhost:3002/images/icons/icon-192.png (Download error or resource isn't a valid image) @ http://localhost:3002/:0
[   68134ms] [ERROR] Failed to load resource: the server responded with a status of 404 (Not Found) @ http://localhost:3002/_next/static/webpack/3c8a7bf5341721fb.webpack.hot-update.json:0
[   68212ms] [WARNING] Error while trying to use the following icon from the Manifest: http://localhost:3002/images/icons/icon-192.png (Download error or resource isn't a valid image) @ http://localhost:3002/:0
[   68559ms] [ERROR] Failed to load resource: the server responded with a status of 404 (Not Found) @ http://localhost:3002/_next/static/webpack/3c8a7bf5341721fb.webpack.hot-update.json:0
[   68631ms] [WARNING] Error while trying to use the following icon from the Manifest: http://localhost:3002/images/icons/icon-192.png (Download error or resource isn't a valid image) @ http://localhost:3002/:0
[   68914ms] [ERROR] Failed to load resource: the server responded with a status of 404 (Not Found) @ http://localhost:3002/_next/static/webpack/3c8a7bf5341721fb.webpack.hot-update.json:0
[   68981ms] [WARNING] Error while trying to use the following icon from the Manifest: http://localhost:3002/images/icons/icon-192.png (Download error or resource isn't a valid image) @ http://localhost:3002/:0
[   69255ms] [ERROR] Failed to load resource: the server responded with a status of 404 (Not Found) @ http://localhost:3002/_next/static/webpack/3c8a7bf5341721fb.webpack.hot-update.json:0
[   69316ms] [WARNING] Error while trying to use the following icon from the Manifest: http://localhost:3002/images/icons/icon-192.png (Download error or resource isn't a valid image) @ http://localhost:3002/:0
[   69603ms] [ERROR] Failed to load resource: the server responded with a status of 404 (Not Found) @ http://localhost:3002/_next/static/webpack/3c8a7bf5341721fb.webpack.hot-update.json:0
[   69672ms] [WARNING] Error while trying to use the following icon from the Manifest: http://localhost:3002/images/icons/icon-192.png (Download error or resource isn't a valid image) @ http://localhost:3002/:0
[   69945ms] [ERROR] Failed to load resource: the server responded with a status of 404 (Not Found) @ http://localhost:3002/_next/static/webpack/3c8a7bf5341721fb.webpack.hot-update.json:0
[   69996ms] [ERROR] Failed to load resource: the server responded with a status of 404 (Not Found) @ http://localhost:3002/images/icons/icon-192.png:0
[   69997ms] [WARNING] Error while trying to use the following icon from the Manifest: http://localhost:3002/images/icons/icon-192.png (Download error or resource isn't a valid image) @ http://localhost:3002/:0
[   70281ms] [ERROR] Failed to load resource: the server responded with a status of 404 (Not Found) @ http://localhost:3002/_next/static/webpack/3c8a7bf5341721fb.webpack.hot-update.json:0
[   70349ms] [WARNING] Error while trying to use the following icon from the Manifest: http://localhost:3002/images/icons/icon-192.png (Download error or resource isn't a valid image) @ http://localhost:3002/:0
[   70618ms] [ERROR] Failed to load resource: the server responded with a status of 404 (Not Found) @ http://localhost:3002/_next/static/webpack/3c8a7bf5341721fb.webpack.hot-update.json:0
[   70679ms] [WARNING] Error while trying to use the following icon from the Manifest: http://localhost:3002/images/icons/icon-192.png (Download error or resource isn't a valid image) @ http://localhost:3002/:0
[   70953ms] [ERROR] Failed to load resource: the server responded with a status of 404 (Not Found) @ http://localhost:3002/_next/static/webpack/3c8a7bf5341721fb.webpack.hot-update.json:0
[   71000ms] [ERROR] Failed to load resource: the server responded with a status of 404 (Not Found) @ http://localhost:3002/images/icons/icon-192.png:0
[   71001ms] [WARNING] Error while trying to use the following icon from the Manifest: http://localhost:3002/images/icons/icon-192.png (Download error or resource isn't a valid image) @ http://localhost:3002/:0
[   71282ms] [ERROR] Failed to load resource: the server responded with a status of 404 (Not Found) @ http://localhost:3002/_next/static/webpack/3c8a7bf5341721fb.webpack.hot-update.json:0
[   71342ms] [WARNING] Error while trying to use the following icon from the Manifest: http://localhost:3002/images/icons/icon-192.png (Download error or resource isn't a valid image) @ http://localhost:3002/:0
[   71605ms] [ERROR] Failed to load resource: the server responded with a status of 404 (Not Found) @ http://localhost:3002/_next/static/webpack/3c8a7bf5341721fb.webpack.hot-update.json:0
[   71652ms] [ERROR] Failed to load resource: the server responded with a status of 404 (Not Found) @ http://localhost:3002/images/icons/icon-192.png:0
[   71653ms] [WARNING] Error while trying to use the following icon from the Manifest: http://localhost:3002/images/icons/icon-192.png (Download error or resource isn't a valid image) @ http://localhost:3002/:0
[   71927ms] [ERROR] Failed to load resource: the server responded with a status of 404 (Not Found) @ http://localhost:3002/_next/static/webpack/3c8a7bf5341721fb.webpack.hot-update.json:0
[   71985ms] [WARNING] Error while trying to use the following icon from the Manifest: http://localhost:3002/images/icons/icon-192.png (Download error or resource isn't a valid image) @ http://localhost:3002/:0
[   72253ms] [ERROR] Failed to load resource: the server responded with a status of 404 (Not Found) @ http://localhost:3002/_next/static/webpack/3c8a7bf5341721fb.webpack.hot-update.json:0
[   72303ms] [WARNING] Error while trying to use the following icon from the Manifest: http://localhost:3002/images/icons/icon-192.png (Download error or resource isn't a valid image) @ http://localhost:3002/:0
[   72631ms] [ERROR] Failed to load resource: the server responded with a status of 404 (Not Found) @ http://localhost:3002/_next/static/webpack/3c8a7bf5341721fb.webpack.hot-update.json:0
[   72706ms] [WARNING] Error while trying to use the following icon from the Manifest: http://localhost:3002/images/icons/icon-192.png (Download error or resource isn't a valid image) @ http://localhost:3002/:0
[   72956ms] [ERROR] Failed to load resource: the server responded with a status of 404 (Not Found) @ http://localhost:3002/_next/static/webpack/3c8a7bf5341721fb.webpack.hot-update.json:0
[   73021ms] [WARNING] Error while trying to use the following icon from the Manifest: http://localhost:3002/images/icons/icon-192.png (Download error or resource isn't a valid image) @ http://localhost:3002/:0
[   73285ms] [ERROR] Failed to load resource: the server responded with a status of 404 (Not Found) @ http://localhost:3002/_next/static/webpack/3c8a7bf5341721fb.webpack.hot-update.json:0
[   73350ms] [WARNING] Error while trying to use the following icon from the Manifest: http://localhost:3002/images/icons/icon-192.png (Download error or resource isn't a valid image) @ http://localhost:3002/:0
[   73613ms] [ERROR] Failed to load resource: the server responded with a status of 404 (Not Found) @ http://localhost:3002/_next/static/webpack/3c8a7bf5341721fb.webpack.hot-update.json:0
[   73678ms] [WARNING] Error while trying to use the following icon from the Manifest: http://localhost:3002/images/icons/icon-192.png (Download error or resource isn't a valid image) @ http://localhost:3002/:0
[   73946ms] [ERROR] Failed to load resource: the server responded with a status of 404 (Not Found) @ http://localhost:3002/_next/static/webpack/3c8a7bf5341721fb.webpack.hot-update.json:0
[   74008ms] [WARNING] Error while trying to use the following icon from the Manifest: http://localhost:3002/images/icons/icon-192.png (Download error or resource isn't a valid image) @ http://localhost:3002/:0
[   74284ms] [ERROR] Failed to load resource: the server responded with a status of 404 (Not Found) @ http://localhost:3002/_next/static/webpack/3c8a7bf5341721fb.webpack.hot-update.json:0
[   74325ms] [ERROR] Failed to load resource: the server responded with a status of 404 (Not Found) @ http://localhost:3002/images/icons/icon-192.png:0
[   74325ms] [WARNING] Error while trying to use the following icon from the Manifest: http://localhost:3002/images/icons/icon-192.png (Download error or resource isn't a valid image) @ http://localhost:3002/:0
[   74676ms] [ERROR] Failed to load resource: the server responded with a status of 404 (Not Found) @ http://localhost:3002/_next/static/webpack/3c8a7bf5341721fb.webpack.hot-update.json:0
[   74740ms] [WARNING] Error while trying to use the following icon from the Manifest: http://localhost:3002/images/icons/icon-192.png (Download error or resource isn't a valid image) @ http://localhost:3002/:0
[   75000ms] [ERROR] Failed to load resource: the server responded with a status of 404 (Not Found) @ http://localhost:3002/_next/static/webpack/3c8a7bf5341721fb.webpack.hot-update.json:0
[   75057ms] [WARNING] Error while trying to use the following icon from the Manifest: http://localhost:3002/images/icons/icon-192.png (Download error or resource isn't a valid image) @ http://localhost:3002/:0
[   75313ms] [ERROR] Failed to load resource: the server responded with a status of 404 (Not Found) @ http://localhost:3002/_next/static/webpack/3c8a7bf5341721fb.webpack.hot-update.json:0
[   75369ms] [WARNING] Error while trying to use the following icon from the Manifest: http://localhost:3002/images/icons/icon-192.png (Download error or resource isn't a valid image) @ http://localhost:3002/:0
[   75657ms] [ERROR] Failed to load resource: the server responded with a status of 404 (Not Found) @ http://localhost:3002/_next/static/webpack/3c8a7bf5341721fb.webpack.hot-update.json:0
[   75722ms] [WARNING] Error while trying to use the following icon from the Manifest: http://localhost:3002/images/icons/icon-192.png (Download error or resource isn't a valid image) @ http://localhost:3002/:0
[   75976ms] [ERROR] Failed to load resource: the server responded with a status of 404 (Not Found) @ http://localhost:3002/_next/static/webpack/3c8a7bf5341721fb.webpack.hot-update.json:0
[   76042ms] [WARNING] Error while trying to use the following icon from the Manifest: http://localhost:3002/images/icons/icon-192.png (Download error or resource isn't a valid image) @ http://localhost:3002/:0
[   76314ms] [ERROR] Failed to load resource: the server responded with a status of 404 (Not Found) @ http://localhost:3002/_next/static/webpack/3c8a7bf5341721fb.webpack.hot-update.json:0
[   76383ms] [WARNING] Error while trying to use the following icon from the Manifest: http://localhost:3002/images/icons/icon-192.png (Download error or resource isn't a valid image) @ http://localhost:3002/:0
[   76718ms] [ERROR] Failed to load resource: the server responded with a status of 404 (Not Found) @ http://localhost:3002/_next/static/webpack/3c8a7bf5341721fb.webpack.hot-update.json:0
[   76785ms] [WARNING] Error while trying to use the following icon from the Manifest: http://localhost:3002/images/icons/icon-192.png (Download error or resource isn't a valid image) @ http://localhost:3002/:0
[   77106ms] [ERROR] Failed to load resource: the server responded with a status of 404 (Not Found) @ http://localhost:3002/_next/static/webpack/3c8a7bf5341721fb.webpack.hot-update.json:0
[   77164ms] [WARNING] Error while trying to use the following icon from the Manifest: http://localhost:3002/images/icons/icon-192.png (Download error or resource isn't a valid image) @ http://localhost:3002/:0
