[    1822ms] Error: Minified React error #418; visit https://reactjs.org/docs/error-decoder.html?invariant=418 for the full message or use the non-minified dev environment for full errors and additional helpful warnings.
    at lh (https://anyflow.pro/_next/static/chunks/framework-e4f935a0d9f5a98d.js:1:46550)
    at i (https://anyflow.pro/_next/static/chunks/framework-e4f935a0d9f5a98d.js:1:121061)
    at oF (https://anyflow.pro/_next/static/chunks/framework-e4f935a0d9f5a98d.js:1:99045)
    at oM (https://anyflow.pro/_next/static/chunks/framework-e4f935a0d9f5a98d.js:1:98915)
    at ow (https://anyflow.pro/_next/static/chunks/framework-e4f935a0d9f5a98d.js:1:93988)
    at x (https://anyflow.pro/_next/static/chunks/framework-e4f935a0d9f5a98d.js:1:130714)
    at MessagePort.T (https://anyflow.pro/_next/static/chunks/framework-e4f935a0d9f5a98d.js:1:131244)
[    1823ms] Error: Minified React error #418; visit https://reactjs.org/docs/error-decoder.html?invariant=418 for the full message or use the non-minified dev environment for full errors and additional helpful warnings.
    at lh (https://anyflow.pro/_next/static/chunks/framework-e4f935a0d9f5a98d.js:1:46550)
    at i (https://anyflow.pro/_next/static/chunks/framework-e4f935a0d9f5a98d.js:1:121061)
    at oF (https://anyflow.pro/_next/static/chunks/framework-e4f935a0d9f5a98d.js:1:99045)
    at oM (https://anyflow.pro/_next/static/chunks/framework-e4f935a0d9f5a98d.js:1:98915)
    at ow (https://anyflow.pro/_next/static/chunks/framework-e4f935a0d9f5a98d.js:1:93988)
    at x (https://anyflow.pro/_next/static/chunks/framework-e4f935a0d9f5a98d.js:1:130714)
    at MessagePort.T (https://anyflow.pro/_next/static/chunks/framework-e4f935a0d9f5a98d.js:1:131244)
[    1823ms] Error: Minified React error #418; visit https://reactjs.org/docs/error-decoder.html?invariant=418 for the full message or use the non-minified dev environment for full errors and additional helpful warnings.
    at lh (https://anyflow.pro/_next/static/chunks/framework-e4f935a0d9f5a98d.js:1:46550)
    at i (https://anyflow.pro/_next/static/chunks/framework-e4f935a0d9f5a98d.js:1:121061)
    at oF (https://anyflow.pro/_next/static/chunks/framework-e4f935a0d9f5a98d.js:1:99045)
    at oM (https://anyflow.pro/_next/static/chunks/framework-e4f935a0d9f5a98d.js:1:98915)
    at ow (https://anyflow.pro/_next/static/chunks/framework-e4f935a0d9f5a98d.js:1:93988)
    at x (https://anyflow.pro/_next/static/chunks/framework-e4f935a0d9f5a98d.js:1:130714)
    at MessagePort.T (https://anyflow.pro/_next/static/chunks/framework-e4f935a0d9f5a98d.js:1:131244)
[    1823ms] Error: Minified React error #418; visit https://reactjs.org/docs/error-decoder.html?invariant=418 for the full message or use the non-minified dev environment for full errors and additional helpful warnings.
    at lh (https://anyflow.pro/_next/static/chunks/framework-e4f935a0d9f5a98d.js:1:46550)
    at i (https://anyflow.pro/_next/static/chunks/framework-e4f935a0d9f5a98d.js:1:121061)
    at oF (https://anyflow.pro/_next/static/chunks/framework-e4f935a0d9f5a98d.js:1:99045)
    at oM (https://anyflow.pro/_next/static/chunks/framework-e4f935a0d9f5a98d.js:1:98915)
    at ow (https://anyflow.pro/_next/static/chunks/framework-e4f935a0d9f5a98d.js:1:93988)
    at x (https://anyflow.pro/_next/static/chunks/framework-e4f935a0d9f5a98d.js:1:130714)
    at MessagePort.T (https://anyflow.pro/_next/static/chunks/framework-e4f935a0d9f5a98d.js:1:131244)
[    1824ms] Error: Minified React error #418; visit https://reactjs.org/docs/error-decoder.html?invariant=418 for the full message or use the non-minified dev environment for full errors and additional helpful warnings.
    at lh (https://anyflow.pro/_next/static/chunks/framework-e4f935a0d9f5a98d.js:1:46550)
    at i (https://anyflow.pro/_next/static/chunks/framework-e4f935a0d9f5a98d.js:1:121061)
    at oF (https://anyflow.pro/_next/static/chunks/framework-e4f935a0d9f5a98d.js:1:99045)
    at oM (https://anyflow.pro/_next/static/chunks/framework-e4f935a0d9f5a98d.js:1:98915)
    at ow (https://anyflow.pro/_next/static/chunks/framework-e4f935a0d9f5a98d.js:1:93988)
    at x (https://anyflow.pro/_next/static/chunks/framework-e4f935a0d9f5a98d.js:1:130714)
    at MessagePort.T (https://anyflow.pro/_next/static/chunks/framework-e4f935a0d9f5a98d.js:1:131244)
[    1825ms] Error: Minified React error #418; visit https://reactjs.org/docs/error-decoder.html?invariant=418 for the full message or use the non-minified dev environment for full errors and additional helpful warnings.
    at lh (https://anyflow.pro/_next/static/chunks/framework-e4f935a0d9f5a98d.js:1:46550)
    at i (https://anyflow.pro/_next/static/chunks/framework-e4f935a0d9f5a98d.js:1:121061)
    at oF (https://anyflow.pro/_next/static/chunks/framework-e4f935a0d9f5a98d.js:1:99045)
    at oM (https://anyflow.pro/_next/static/chunks/framework-e4f935a0d9f5a98d.js:1:98915)
    at ow (https://anyflow.pro/_next/static/chunks/framework-e4f935a0d9f5a98d.js:1:93988)
    at x (https://anyflow.pro/_next/static/chunks/framework-e4f935a0d9f5a98d.js:1:130714)
    at MessagePort.T (https://anyflow.pro/_next/static/chunks/framework-e4f935a0d9f5a98d.js:1:131244)
[    1825ms] Error: Minified React error #418; visit https://reactjs.org/docs/error-decoder.html?invariant=418 for the full message or use the non-minified dev environment for full errors and additional helpful warnings.
    at lh (https://anyflow.pro/_next/static/chunks/framework-e4f935a0d9f5a98d.js:1:46550)
    at i (https://anyflow.pro/_next/static/chunks/framework-e4f935a0d9f5a98d.js:1:121061)
    at oF (https://anyflow.pro/_next/static/chunks/framework-e4f935a0d9f5a98d.js:1:99045)
    at oM (https://anyflow.pro/_next/static/chunks/framework-e4f935a0d9f5a98d.js:1:98915)
    at ow (https://anyflow.pro/_next/static/chunks/framework-e4f935a0d9f5a98d.js:1:93988)
    at x (https://anyflow.pro/_next/static/chunks/framework-e4f935a0d9f5a98d.js:1:130714)
    at MessagePort.T (https://anyflow.pro/_next/static/chunks/framework-e4f935a0d9f5a98d.js:1:131244)
[    1826ms] Error: Minified React error #418; visit https://reactjs.org/docs/error-decoder.html?invariant=418 for the full message or use the non-minified dev environment for full errors and additional helpful warnings.
    at lh (https://anyflow.pro/_next/static/chunks/framework-e4f935a0d9f5a98d.js:1:46550)
    at i (https://anyflow.pro/_next/static/chunks/framework-e4f935a0d9f5a98d.js:1:121061)
    at oF (https://anyflow.pro/_next/static/chunks/framework-e4f935a0d9f5a98d.js:1:99045)
    at oM (https://anyflow.pro/_next/static/chunks/framework-e4f935a0d9f5a98d.js:1:98915)
    at ow (https://anyflow.pro/_next/static/chunks/framework-e4f935a0d9f5a98d.js:1:93988)
    at x (https://anyflow.pro/_next/static/chunks/framework-e4f935a0d9f5a98d.js:1:130714)
    at MessagePort.T (https://anyflow.pro/_next/static/chunks/framework-e4f935a0d9f5a98d.js:1:131244)
[    1827ms] Error: Minified React error #423; visit https://reactjs.org/docs/error-decoder.html?invariant=423 for the full message or use the non-minified dev environment for full errors and additional helpful warnings.
    at i (https://anyflow.pro/_next/static/chunks/framework-e4f935a0d9f5a98d.js:1:120720)
    at oF (https://anyflow.pro/_next/static/chunks/framework-e4f935a0d9f5a98d.js:1:99045)
    at oM (https://anyflow.pro/_next/static/chunks/framework-e4f935a0d9f5a98d.js:1:98915)
    at oS (https://anyflow.pro/_next/static/chunks/framework-e4f935a0d9f5a98d.js:1:95686)
    at ow (https://anyflow.pro/_next/static/chunks/framework-e4f935a0d9f5a98d.js:1:94241)
    at x (https://anyflow.pro/_next/static/chunks/framework-e4f935a0d9f5a98d.js:1:130714)
    at MessagePort.T (https://anyflow.pro/_next/static/chunks/framework-e4f935a0d9f5a98d.js:1:131244)
[    1928ms] [ERROR] Failed to load resource: the server responded with a status of 503 () @ https://anyflow.pro/_next/static/chunks/317-aeb94b463b7dfabc.js:0
[    1928ms] [ERROR] Failed to load resource: the server responded with a status of 503 () @ https://anyflow.pro/_next/static/chunks/pages/chains-ee0191a7a2e35ff8.js:0
[    1929ms] [ERROR] Failed to load resource: the server responded with a status of 503 () @ https://anyflow.pro/_next/static/chunks/878-202d4c27faf8de2b.js:0
[    1929ms] [ERROR] Failed to load resource: the server responded with a status of 503 () @ https://anyflow.pro/_next/static/chunks/287-e844d9981f2e2c22.js:0
[    1929ms] [ERROR] Failed to load resource: the server responded with a status of 503 () @ https://anyflow.pro/_next/static/chunks/509-76ee2db50215327c.js:0
[    1929ms] [ERROR] Failed to load resource: the server responded with a status of 503 () @ https://anyflow.pro/_next/static/chunks/pages/blog-7098bb57de1bf69b.js:0
[   16555ms] [WARNING] THREE.WebGLProgram: Program Info Log: (221,81-129): warning X4122: sum of 0.996094 and -2.98545e-017 cannot be represented accurately in double precision
(220,37-61): warning X4122: sum of 1 and -1.49272e-017 cannot be represented accurately in double precision
(221,82-106): warning X4122: sum of 1 and -1.49272e-017 cannot be represented accurately in double precision
(220,37-61): warning X4122: sum of 1 and -1.66644e-018 cannot be represented accurately in double precision
(221,82-106): warning X4122: sum of 1 and -1.66644e-018 cannot be represented accurately in double precision
(207,10-67): warning X4008: floating point division by zero
(207,10-67): warning X4008: floating point division by zero
(207,10-67): warning X4008: floating point division by zero


  @ https://labs.anyflow.agency/_next/static/chunks/2d25d158cb1e089d.js:0
