[   23326ms] [ERROR] Failed to load resource: the server responded with a status of 400 (Bad Request) @ http://localhost:3003/_next/image/?url=%2Fimages%2Fsoapbox.png&w=828&q=75:0
[   23330ms] [ERROR] Failed to load resource: the server responded with a status of 400 (Bad Request) @ http://localhost:3003/_next/image/?url=%2Fimages%2Fdiscipleone.png&w=828&q=75:0
[   23340ms] [ERROR] Failed to load resource: the server responded with a status of 400 (Bad Request) @ http://localhost:3003/_next/image/?url=%2Fimages%2Fviaapp.png&w=828&q=75:0
[   23341ms] [ERROR] Failed to load resource: the server responded with a status of 404 (Not Found) @ http://localhost:3003/images/icons/icon-192.png:0
[   23345ms] [WARNING] Error while trying to use the following icon from the Manifest: http://localhost:3003/images/icons/icon-192.png (Download error or resource isn't a valid image) @ http://localhost:3003/projects/:0
[   59147ms] [ERROR] Failed to load resource: the server responded with a status of 400 (Bad Request) @ http://localhost:3003/_next/image/?url=%2Fimages%2Fparsalink.png&w=828&q=75:0
[   74591ms] [ERROR] Failed to load resource: the server responded with a status of 400 (Bad Request) @ http://localhost:3003/_next/image/?url=%2Fimages%2Fquantum-animation.png&w=828&q=75:0
[   78776ms] [WARNING] GSAP target .EnhancedProjectsSection_sectionLabel__Bz5k8 not found. https://gsap.com @ webpack-internal:///../../node_modules/.pnpm/gsap@3.13.0/node_modules/gsap/gsap-core.js:162
[   78779ms] [WARNING] GSAP target  not found. https://gsap.com @ webpack-internal:///../../node_modules/.pnpm/gsap@3.13.0/node_modules/gsap/gsap-core.js:162
[   78780ms] [WARNING] GSAP target .EnhancedProjectsSection_projectName__lEFLp not found. https://gsap.com @ webpack-internal:///../../node_modules/.pnpm/gsap@3.13.0/node_modules/gsap/gsap-core.js:162
[   78780ms] [WARNING] GSAP target  not found. https://gsap.com @ webpack-internal:///../../node_modules/.pnpm/gsap@3.13.0/node_modules/gsap/gsap-core.js:162
[   78780ms] [WARNING] GSAP target .EnhancedProjectsSection_projectImageWrapper__bsHs3 not found. https://gsap.com @ webpack-internal:///../../node_modules/.pnpm/gsap@3.13.0/node_modules/gsap/gsap-core.js:162
[   78780ms] [WARNING] GSAP target  not found. https://gsap.com @ webpack-internal:///../../node_modules/.pnpm/gsap@3.13.0/node_modules/gsap/gsap-core.js:162
[   78980ms] [WARNING] GSAP target  not found. https://gsap.com @ webpack-internal:///../../node_modules/.pnpm/gsap@3.13.0/node_modules/gsap/gsap-core.js:162
[   79071ms] [ERROR] Failed to load resource: the server responded with a status of 400 (Bad Request) @ http://localhost:3003/_next/image/?url=%2Fimages%2Fsoapbox.png&w=640&q=75:0
[   79080ms] [WARNING] GSAP target  not found. https://gsap.com @ webpack-internal:///../../node_modules/.pnpm/gsap@3.13.0/node_modules/gsap/gsap-core.js:162
[   79087ms] [ERROR] Failed to load resource: the server responded with a status of 400 (Bad Request) @ http://localhost:3003/_next/image/?url=%2Fimages%2Fdiscipleone.png&w=640&q=75:0
[   79104ms] [ERROR] Failed to load resource: the server responded with a status of 400 (Bad Request) @ http://localhost:3003/_next/image/?url=%2Fimages%2Fviaapp.png&w=640&q=75:0
[   79122ms] [ERROR] Failed to load resource: the server responded with a status of 400 (Bad Request) @ http://localhost:3003/_next/image/?url=%2Fimages%2Fparsalink.png&w=640&q=75:0
[   79152ms] [ERROR] Failed to load resource: the server responded with a status of 400 (Bad Request) @ http://localhost:3003/_next/image/?url=%2Fimages%2Fquantum-animation.png&w=640&q=75:0
[   79178ms] [WARNING] GSAP target  not found. https://gsap.com @ webpack-internal:///../../node_modules/.pnpm/gsap@3.13.0/node_modules/gsap/gsap-core.js:162
[   81021ms] [ERROR] Failed to load resource: the server responded with a status of 400 (Bad Request) @ http://localhost:3003/_next/image/?url=%2Fimages%2Fdiscipleone.png&w=828&q=75:0
[   81025ms] [ERROR] Failed to load resource: the server responded with a status of 400 (Bad Request) @ http://localhost:3003/_next/image/?url=%2Fimages%2Fsoapbox.png&w=828&q=75:0
[   81035ms] [ERROR] Failed to load resource: the server responded with a status of 400 (Bad Request) @ http://localhost:3003/_next/image/?url=%2Fimages%2Fviaapp.png&w=828&q=75:0
[  102569ms] [ERROR] Failed to load resource: the server responded with a status of 400 (Bad Request) @ http://localhost:3003/_next/image/?url=%2Fimages%2Fparsalink.png&w=828&q=75:0
