[    1331ms] [ERROR] Failed to load resource: the server responded with a status of 404 (Not Found) @ http://localhost:3000/images/icons/icon-192.png:0
[    1332ms] [WARNING] Error while trying to use the following icon from the Manifest: http://localhost:3000/images/icons/icon-192.png (Download error or resource isn't a valid image) @ http://localhost:3000/projects/:0
[   82839ms] [WARNING] Image with src "/images/rooted-in-christ.jpg" has either width or height modified, but not the other. If you use CSS to change the size of your image, also include the styles 'width: "auto"' or 'height: "auto"' to maintain the aspect ratio. @ webpack-internal:///../../node_modules/.pnpm/next@14.2.25_react-dom@18.3.1_react@18.3.1_sass@1.93.2/node_modules/next/dist/shared/lib/utils/warn-once.js:15
[  187022ms] [ERROR] 🚨 Global Error: NotFoundError: Failed to execute 'removeChild' on 'Node': The node to be removed is not a child of this node.
    at removeChild (webpack-internal:///../../node_modules/.pnpm/react-dom@18.3.1_react@18.3.1/node_modules/react-dom/cjs/react-dom.development.js:11099:18)
    at commitDeletionEffectsOnFiber (webpack-internal:///../../node_modules/.pnpm/react-dom@18.3.1_react@18.3.1/node_modules/react-dom/cjs/react-dom.development.js:24062:15)
    at recursivelyTraverseDeletionEffects (webpack-internal:///../../node_modules/.pnpm/react-dom@18.3.1_react@18.3.1/node_modules/react-dom/cjs/react-dom.development.js:24023:5)
    at commitDeletionEffectsOnFiber (webpack-internal:///../../node_modules/.pnpm/react-dom@18.3.1_react@18.3.1/node_modules/react-dom/cjs/react-dom.development.js:24152:9)
    at commitDeletionEffects (webpack-internal:///../../node_modules/.pnpm/react-dom@18.3.1_react@18.3.1/node_modules/react-dom/cjs/react-dom.development.js:24010:5)
    at recursivelyTraverseMutationEffects (webpack-internal:///../../node_modules/.pnpm/react-dom@18.3.1_react@18.3.1/node_modules/react-dom/cjs/react-dom.development.js:24293:9)
    at commitMutationEffectsOnFiber (webpack-internal:///../../node_modules/.pnpm/react-dom@18.3.1_react@18.3.1/node_modules/react-dom/cjs/react-dom.development.js:24327:9)
    at recursivelyTraverseMutationEffects (webpack-internal:///../../node_modules/.pnpm/react-dom@18.3.1_react@18.3.1/node_modules/react-dom/cjs/react-dom.development.js:24307:7)
    at commitMutationEffectsOnFiber (webpack-internal:///../../node_modules/.pnpm/react-dom@18.3.1_react@18.3.1/node_modules/react-dom/cjs/react-dom.development.js:24380:9)
    at recursivelyTraverseMutationEffects (webpack-internal:///../../node_modules/.pnpm/react-dom@18.3.1_react@18.3.1/node_modules/react-dom/cjs/react-dom.development.js:24307:7)
    at commitMutationEffectsOnFiber (webpack-internal:///../../node_modules/.pnpm/react-dom@18.3.1_react@18.3.1/node_modules/react-dom/cjs/react-dom.development.js:24610:9)
    at recursivelyTraverseMutationEffects (webpack-internal:///../../node_modules/.pnpm/react-dom@18.3.1_react@18.3.1/node_modules/react-dom/cjs/react-dom.development.js:24307:7)
    at commitMutationEffectsOnFiber (webpack-internal:///../../node_modules/.pnpm/react-dom@18.3.1_react@18.3.1/node_modules/react-dom/cjs/react-dom.development.js:24327:9)
    at recursivelyTraverseMutationEffects (webpack-internal:///../../node_modules/.pnpm/react-dom@18.3.1_react@18.3.1/node_modules/react-dom/cjs/react-dom.development.js:24307:7)
    at commitMutationEffectsOnFiber (webpack-internal:///../../node_modules/.pnpm/react-dom@18.3.1_react@18.3.1/node_modules/react-dom/cjs/react-dom.development.js:24610:9)
    at recursivelyTraverseMutationEffects (webpack-internal:///../../node_modules/.pnpm/react-dom@18.3.1_react@18.3.1/node_modules/react-dom/cjs/react-dom.development.js:24307:7)
    at commitMutationEffectsOnFiber (webpack-internal:///../../node_modules/.pnpm/react-dom@18.3.1_react@18.3.1/node_modules/react-dom/cjs/react-dom.development.js:24327:9)
    at recursivelyTraverseMutationEffects (webpack-internal:///../../node_modules/.pnpm/react-dom@18.3.1_react@18.3.1/node_modules/react-dom/cjs/react-dom.development.js:24307:7)
    at commitMutationEffectsOnFiber (webpack-internal:///../../node_modules/.pnpm/react-dom@18.3.1_react@18.3.1/node_modules/react-dom/cjs/react-dom.development.js:24327:9)
    at recursivelyTraverseMutationEffects (webpack-internal:///../../node_modules/.pnpm/react-dom@18.3.1_react@18.3.1/node_modules/react-dom/cjs/react-dom.development.js:24307:7)
    at commitMutationEffectsOnFiber (webpack-internal:///../../node_modules/.pnpm/react-dom@18.3.1_react@18.3.1/node_modules/react-dom/cjs/react-dom.development.js:24610:9)
    at recursivelyTraverseMutationEffects (webpack-internal:///../../node_modules/.pnpm/react-dom@18.3.1_react@18.3.1/node_modules/react-dom/cjs/react-dom.development.js:24307:7)
    at commitMutationEffectsOnFiber (webpack-internal:///../../node_modules/.pnpm/react-dom@18.3.1_react@18.3.1/node_modules/react-dom/cjs/react-dom.development.js:24327:9)
    at recursivelyTraverseMutationEffects (webpack-internal:///../../node_modules/.pnpm/react-dom@18.3.1_react@18.3.1/node_modules/react-dom/cjs/react-dom.development.js:24307:7)
    at commitMutationEffectsOnFiber (webpack-internal:///../../node_modules/.pnpm/react-dom@18.3.1_react@18.3.1/node_modules/react-dom/cjs/react-dom.development.js:24366:9)
    at recursivelyTraverseMutationEffects (webpack-internal:///../../node_modules/.pnpm/react-dom@18.3.1_react@18.3.1/node_modules/react-dom/cjs/react-dom.development.js:24307:7)
    at commitMutationEffectsOnFiber (webpack-internal:///../../node_modules/.pnpm/react-dom@18.3.1_react@18.3.1/node_modules/react-dom/cjs/react-dom.development.js:24380:9)
    at recursivelyTraverseMutationEffects (webpack-internal:///../../node_modules/.pnpm/react-dom@18.3.1_react@18.3.1/node_modules/react-dom/cjs/react-dom.development.js:24307:7)
    at commitMutationEffectsOnFiber (webpack-internal:///../../node_modules/.pnpm/react-dom@18.3.1_react@18.3.1/node_modules/react-dom/cjs/react-dom.development.js:24610:9)
    at recursivelyTraverseMutationEffects (webpack-internal:///../../node_modules/.pnpm/react-dom@18.3.1_react@18.3.1/node_modules/react-dom/cjs/react-dom.development.js:24307:7)
    at commitMutationEffectsOnFiber (webpack-internal:///../../node_modules/.pnpm/react-dom@18.3.1_react@18.3.1/node_modules/react-dom/cjs/react-dom.development.js:24327:9)
    at recursivelyTraverseMutationEffects (webpack-internal:///../../node_modules/.pnpm/react-dom@18.3.1_react@18.3.1/node_modules/react-dom/cjs/react-dom.development.js:24307:7)
    at commitMutationEffectsOnFiber (webpack-internal:///../../node_modules/.pnpm/react-dom@18.3.1_react@18.3.1/node_modules/react-dom/cjs/react-dom.development.js:24610:9)
    at recursivelyTraverseMutationEffects (webpack-internal:///../../node_modules/.pnpm/react-dom@18.3.1_react@18.3.1/node_modules/react-dom/cjs/react-dom.development.js:24307:7)
    at commitMutationEffectsOnFiber (webpack-internal:///../../node_modules/.pnpm/react-dom@18.3.1_react@18.3.1/node_modules/react-dom/cjs/react-dom.development.js:24327:9)
    at recursivelyTraverseMutationEffects (webpack-internal:///../../node_modules/.pnpm/react-dom@18.3.1_react@18.3.1/node_modules/react-dom/cjs/react-dom.development.js:24307:7)
    at commitMutationEffectsOnFiber (webpack-internal:///../../node_modules/.pnpm/react-dom@18.3.1_react@18.3.1/node_modules/react-dom/cjs/react-dom.development.js:24327:9)
    at recursivelyTraverseMutationEffects (webpack-internal:///../../node_modules/.pnpm/react-dom@18.3.1_react@18.3.1/node_modules/react-dom/cjs/react-dom.development.js:24307:7)
    at commitMutationEffectsOnFiber (webpack-internal:///../../node_modules/.pnpm/react-dom@18.3.1_react@18.3.1/node_modules/react-dom/cjs/react-dom.development.js:24327:9)
    at recursivelyTraverseMutationEffects (webpack-internal:///../../node_modules/.pnpm/react-dom@18.3.1_react@18.3.1/node_modules/react-dom/cjs/react-dom.development.js:24307:7)
    at commitMutationEffectsOnFiber (webpack-internal:///../../node_modules/.pnpm/react-dom@18.3.1_react@18.3.1/node_modules/react-dom/cjs/react-dom.development.js:24610:9)
    at recursivelyTraverseMutationEffects (webpack-internal:///../../node_modules/.pnpm/react-dom@18.3.1_react@18.3.1/node_modules/react-dom/cjs/react-dom.development.js:24307:7)
    at commitMutationEffectsOnFiber (webpack-internal:///../../node_modules/.pnpm/react-dom@18.3.1_react@18.3.1/node_modules/react-dom/cjs/react-dom.development.js:24610:9)
    at recursivelyTraverseMutationEffects (webpack-internal:///../../node_modules/.pnpm/react-dom@18.3.1_react@18.3.1/node_modules/react-dom/cjs/react-dom.development.js:24307:7)
    at commitMutationEffectsOnFiber (webpack-internal:///../../node_modules/.pnpm/react-dom@18.3.1_react@18.3.1/node_modules/react-dom/cjs/react-dom.development.js:24610:9)
    at recursivelyTraverseMutationEffects (webpack-internal:///../../node_modules/.pnpm/react-dom@18.3.1_react@18.3.1/node_modules/react-dom/cjs/react-dom.development.js:24307:7)
    at commitMutationEffectsOnFiber (webpack-internal:///../../node_modules/.pnpm/react-dom@18.3.1_react@18.3.1/node_modules/react-dom/cjs/react-dom.development.js:24610:9)
    at recursivelyTraverseMutationEffects (webpack-internal:///../../node_modules/.pnpm/react-dom@18.3.1_react@18.3.1/node_modules/react-dom/cjs/react-dom.development.js:24307:7)
    at commitMutationEffectsOnFiber (webpack-internal:///../../node_modules/.pnpm/react-dom@18.3.1_react@18.3.1/node_modules/react-dom/cjs/react-dom.development.js:24610:9)
    at recursivelyTraverseMutationEffects (webpack-internal:///../../node_modules/.pnpm/react-dom@18.3.1_react@18.3.1/node_modules/react-dom/cjs/react-dom.development.js:24307:7) @ webpack-internal:///../../node_modules/.pnpm/next@14.2.25_react-dom@18.3.1_react@18.3.1_sass@1.93.2/node_modules/next/dist/client/components/react-dev-overlay/internal/helpers/hydration-error-info.js:62
[  187027ms] NotFoundError: Failed to execute 'removeChild' on 'Node': The node to be removed is not a child of this node.
    at removeChild (webpack-internal:///../../node_modules/.pnpm/react-dom@18.3.1_react@18.3.1/node_modules/react-dom/cjs/react-dom.development.js:11099:18)
    at commitDeletionEffectsOnFiber (webpack-internal:///../../node_modules/.pnpm/react-dom@18.3.1_react@18.3.1/node_modules/react-dom/cjs/react-dom.development.js:24062:15)
    at recursivelyTraverseDeletionEffects (webpack-internal:///../../node_modules/.pnpm/react-dom@18.3.1_react@18.3.1/node_modules/react-dom/cjs/react-dom.development.js:24023:5)
    at commitDeletionEffectsOnFiber (webpack-internal:///../../node_modules/.pnpm/react-dom@18.3.1_react@18.3.1/node_modules/react-dom/cjs/react-dom.development.js:24152:9)
    at commitDeletionEffects (webpack-internal:///../../node_modules/.pnpm/react-dom@18.3.1_react@18.3.1/node_modules/react-dom/cjs/react-dom.development.js:24010:5)
    at recursivelyTraverseMutationEffects (webpack-internal:///../../node_modules/.pnpm/react-dom@18.3.1_react@18.3.1/node_modules/react-dom/cjs/react-dom.development.js:24293:9)
    at commitMutationEffectsOnFiber (webpack-internal:///../../node_modules/.pnpm/react-dom@18.3.1_react@18.3.1/node_modules/react-dom/cjs/react-dom.development.js:24327:9)
    at recursivelyTraverseMutationEffects (webpack-internal:///../../node_modules/.pnpm/react-dom@18.3.1_react@18.3.1/node_modules/react-dom/cjs/react-dom.development.js:24307:7)
    at commitMutationEffectsOnFiber (webpack-internal:///../../node_modules/.pnpm/react-dom@18.3.1_react@18.3.1/node_modules/react-dom/cjs/react-dom.development.js:24380:9)
    at recursivelyTraverseMutationEffects (webpack-internal:///../../node_modules/.pnpm/react-dom@18.3.1_react@18.3.1/node_modules/react-dom/cjs/react-dom.development.js:24307:7)
    at commitMutationEffectsOnFiber (webpack-internal:///../../node_modules/.pnpm/react-dom@18.3.1_react@18.3.1/node_modules/react-dom/cjs/react-dom.development.js:24610:9)
    at recursivelyTraverseMutationEffects (webpack-internal:///../../node_modules/.pnpm/react-dom@18.3.1_react@18.3.1/node_modules/react-dom/cjs/react-dom.development.js:24307:7)
    at commitMutationEffectsOnFiber (webpack-internal:///../../node_modules/.pnpm/react-dom@18.3.1_react@18.3.1/node_modules/react-dom/cjs/react-dom.development.js:24327:9)
    at recursivelyTraverseMutationEffects (webpack-internal:///../../node_modules/.pnpm/react-dom@18.3.1_react@18.3.1/node_modules/react-dom/cjs/react-dom.development.js:24307:7)
    at commitMutationEffectsOnFiber (webpack-internal:///../../node_modules/.pnpm/react-dom@18.3.1_react@18.3.1/node_modules/react-dom/cjs/react-dom.development.js:24610:9)
    at recursivelyTraverseMutationEffects (webpack-internal:///../../node_modules/.pnpm/react-dom@18.3.1_react@18.3.1/node_modules/react-dom/cjs/react-dom.development.js:24307:7)
    at commitMutationEffectsOnFiber (webpack-internal:///../../node_modules/.pnpm/react-dom@18.3.1_react@18.3.1/node_modules/react-dom/cjs/react-dom.development.js:24327:9)
    at recursivelyTraverseMutationEffects (webpack-internal:///../../node_modules/.pnpm/react-dom@18.3.1_react@18.3.1/node_modules/react-dom/cjs/react-dom.development.js:24307:7)
    at commitMutationEffectsOnFiber (webpack-internal:///../../node_modules/.pnpm/react-dom@18.3.1_react@18.3.1/node_modules/react-dom/cjs/react-dom.development.js:24327:9)
    at recursivelyTraverseMutationEffects (webpack-internal:///../../node_modules/.pnpm/react-dom@18.3.1_react@18.3.1/node_modules/react-dom/cjs/react-dom.development.js:24307:7)
    at commitMutationEffectsOnFiber (webpack-internal:///../../node_modules/.pnpm/react-dom@18.3.1_react@18.3.1/node_modules/react-dom/cjs/react-dom.development.js:24610:9)
    at recursivelyTraverseMutationEffects (webpack-internal:///../../node_modules/.pnpm/react-dom@18.3.1_react@18.3.1/node_modules/react-dom/cjs/react-dom.development.js:24307:7)
    at commitMutationEffectsOnFiber (webpack-internal:///../../node_modules/.pnpm/react-dom@18.3.1_react@18.3.1/node_modules/react-dom/cjs/react-dom.development.js:24327:9)
    at recursivelyTraverseMutationEffects (webpack-internal:///../../node_modules/.pnpm/react-dom@18.3.1_react@18.3.1/node_modules/react-dom/cjs/react-dom.development.js:24307:7)
    at commitMutationEffectsOnFiber (webpack-internal:///../../node_modules/.pnpm/react-dom@18.3.1_react@18.3.1/node_modules/react-dom/cjs/react-dom.development.js:24366:9)
    at recursivelyTraverseMutationEffects (webpack-internal:///../../node_modules/.pnpm/react-dom@18.3.1_react@18.3.1/node_modules/react-dom/cjs/react-dom.development.js:24307:7)
    at commitMutationEffectsOnFiber (webpack-internal:///../../node_modules/.pnpm/react-dom@18.3.1_react@18.3.1/node_modules/react-dom/cjs/react-dom.development.js:24380:9)
    at recursivelyTraverseMutationEffects (webpack-internal:///../../node_modules/.pnpm/react-dom@18.3.1_react@18.3.1/node_modules/react-dom/cjs/react-dom.development.js:24307:7)
    at commitMutationEffectsOnFiber (webpack-internal:///../../node_modules/.pnpm/react-dom@18.3.1_react@18.3.1/node_modules/react-dom/cjs/react-dom.development.js:24610:9)
    at recursivelyTraverseMutationEffects (webpack-internal:///../../node_modules/.pnpm/react-dom@18.3.1_react@18.3.1/node_modules/react-dom/cjs/react-dom.development.js:24307:7)
    at commitMutationEffectsOnFiber (webpack-internal:///../../node_modules/.pnpm/react-dom@18.3.1_react@18.3.1/node_modules/react-dom/cjs/react-dom.development.js:24327:9)
    at recursivelyTraverseMutationEffects (webpack-internal:///../../node_modules/.pnpm/react-dom@18.3.1_react@18.3.1/node_modules/react-dom/cjs/react-dom.development.js:24307:7)
    at commitMutationEffectsOnFiber (webpack-internal:///../../node_modules/.pnpm/react-dom@18.3.1_react@18.3.1/node_modules/react-dom/cjs/react-dom.development.js:24610:9)
    at recursivelyTraverseMutationEffects (webpack-internal:///../../node_modules/.pnpm/react-dom@18.3.1_react@18.3.1/node_modules/react-dom/cjs/react-dom.development.js:24307:7)
    at commitMutationEffectsOnFiber (webpack-internal:///../../node_modules/.pnpm/react-dom@18.3.1_react@18.3.1/node_modules/react-dom/cjs/react-dom.development.js:24327:9)
    at recursivelyTraverseMutationEffects (webpack-internal:///../../node_modules/.pnpm/react-dom@18.3.1_react@18.3.1/node_modules/react-dom/cjs/react-dom.development.js:24307:7)
    at commitMutationEffectsOnFiber (webpack-internal:///../../node_modules/.pnpm/react-dom@18.3.1_react@18.3.1/node_modules/react-dom/cjs/react-dom.development.js:24327:9)
    at recursivelyTraverseMutationEffects (webpack-internal:///../../node_modules/.pnpm/react-dom@18.3.1_react@18.3.1/node_modules/react-dom/cjs/react-dom.development.js:24307:7)
    at commitMutationEffectsOnFiber (webpack-internal:///../../node_modules/.pnpm/react-dom@18.3.1_react@18.3.1/node_modules/react-dom/cjs/react-dom.development.js:24327:9)
    at recursivelyTraverseMutationEffects (webpack-internal:///../../node_modules/.pnpm/react-dom@18.3.1_react@18.3.1/node_modules/react-dom/cjs/react-dom.development.js:24307:7)
    at commitMutationEffectsOnFiber (webpack-internal:///../../node_modules/.pnpm/react-dom@18.3.1_react@18.3.1/node_modules/react-dom/cjs/react-dom.development.js:24610:9)
    at recursivelyTraverseMutationEffects (webpack-internal:///../../node_modules/.pnpm/react-dom@18.3.1_react@18.3.1/node_modules/react-dom/cjs/react-dom.development.js:24307:7)
    at commitMutationEffectsOnFiber (webpack-internal:///../../node_modules/.pnpm/react-dom@18.3.1_react@18.3.1/node_modules/react-dom/cjs/react-dom.development.js:24610:9)
    at recursivelyTraverseMutationEffects (webpack-internal:///../../node_modules/.pnpm/react-dom@18.3.1_react@18.3.1/node_modules/react-dom/cjs/react-dom.development.js:24307:7)
    at commitMutationEffectsOnFiber (webpack-internal:///../../node_modules/.pnpm/react-dom@18.3.1_react@18.3.1/node_modules/react-dom/cjs/react-dom.development.js:24610:9)
    at recursivelyTraverseMutationEffects (webpack-internal:///../../node_modules/.pnpm/react-dom@18.3.1_react@18.3.1/node_modules/react-dom/cjs/react-dom.development.js:24307:7)
    at commitMutationEffectsOnFiber (webpack-internal:///../../node_modules/.pnpm/react-dom@18.3.1_react@18.3.1/node_modules/react-dom/cjs/react-dom.development.js:24610:9)
    at recursivelyTraverseMutationEffects (webpack-internal:///../../node_modules/.pnpm/react-dom@18.3.1_react@18.3.1/node_modules/react-dom/cjs/react-dom.development.js:24307:7)
    at commitMutationEffectsOnFiber (webpack-internal:///../../node_modules/.pnpm/react-dom@18.3.1_react@18.3.1/node_modules/react-dom/cjs/react-dom.development.js:24610:9)
    at recursivelyTraverseMutationEffects (webpack-internal:///../../node_modules/.pnpm/react-dom@18.3.1_react@18.3.1/node_modules/react-dom/cjs/react-dom.development.js:24307:7)
[  187077ms] [ERROR] The above error occurred in the <ProjectShowcase> component:

    at commitMutationEffectsOnFiber (webpack-internal:///../../node_modules/.pnpm/react-dom@18.3.1_react@18.3.1/node_modules/react-dom/cjs/react-dom.development.js:24610:9)
    at ProjectPage
    at main
    at commitMutationEffectsOnFiber (webpack-internal:///../../node_modules/.pnpm/react-dom@18.3.1_react@18.3.1/node_modules/react-dom/cjs/react-dom.development.js:24610:9)
    at eval (webpack-internal:///../../node_modules/.pnpm/@studio-freight+react-lenis@0.0.47_react-dom@18.3.1_react@18.3.1/node_modules/@studio-freight/react-lenis/dist/react-lenis.mjs:14:621)
    at SmoothScrolling (webpack-internal:///./components/SmoothScrolling/index.tsx:11:11)
    at RemoteControlProvider (webpack-internal:///./contexts/RemoteControlContext.tsx:22:11)
    at commitMutationEffectsOnFiber (webpack-internal:///../../node_modules/.pnpm/react-dom@18.3.1_react@18.3.1/node_modules/react-dom/cjs/react-dom.development.js:24610:9)
    at div
    at commitMutationEffectsOnFiber (webpack-internal:///../../node_modules/.pnpm/react-dom@18.3.1_react@18.3.1/node_modules/react-dom/cjs/react-dom.development.js:24610:9)
    at PresenceChild (webpack-internal:///../../node_modules/.pnpm/framer-motion@11.18.2_react-dom@18.3.1_react@18.3.1/node_modules/framer-motion/dist/es/components/AnimatePresence/PresenceChild.mjs:18:26)
    at AnimatePresence (webpack-internal:///../../node_modules/.pnpm/framer-motion@11.18.2_react-dom@18.3.1_react@18.3.1/node_modules/framer-motion/dist/es/components/AnimatePresence/index.mjs:56:28)
    at App (webpack-internal:///./pages/_app.tsx:87:11)
    at PathnameContextProviderAdapter (webpack-internal:///../../node_modules/.pnpm/next@14.2.25_react-dom@18.3.1_react@18.3.1_sass@1.93.2/node_modules/next/dist/shared/lib/router/adapters.js:81:11)
    at commitMutationEffectsOnFiber (webpack-internal:///../../node_modules/.pnpm/react-dom@18.3.1_react@18.3.1/node_modules/react-dom/cjs/react-dom.development.js:24610:9)
    at ReactDevOverlay (webpack-internal:///../../node_modules/.pnpm/next@14.2.25_react-dom@18.3.1_react@18.3.1_sass@1.93.2/node_modules/next/dist/client/components/react-dev-overlay/pages/ReactDevOverlay.js:33:11)
    at commitMutationEffectsOnFiber (webpack-internal:///../../node_modules/.pnpm/react-dom@18.3.1_react@18.3.1/node_modules/react-dom/cjs/react-dom.development.js:24610:9)
    at AppContainer (webpack-internal:///../../node_modules/.pnpm/next@14.2.25_react-dom@18.3.1_react@18.3.1_sass@1.93.2/node_modules/next/dist/client/index.js:189:11)
    at Root (webpack-internal:///../../node_modules/.pnpm/next@14.2.25_react-dom@18.3.1_react@18.3.1_sass@1.93.2/node_modules/next/dist/client/index.js:413:11)

React will try to recreate this component tree from scratch using the error boundary you provided, ErrorBoundary. @ webpack-internal:///../../node_modules/.pnpm/next@14.2.25_react-dom@18.3.1_react@18.3.1_sass@1.93.2/node_modules/next/dist/client/components/react-dev-overlay/internal/helpers/hydration-error-info.js:62
