[    2263ms] [WARNING] Statsig is not ready to log exposures, will retry in 1 seconds @ https://www.figma.com/webpack-artifacts/assets/vendor-core-f234877ad2dd8132.min.js.br:53
[    2859ms] [ERROR] Error fetching plan user: [Object] @ https://www.figma.com/webpack-artifacts/assets/vendor-core-f234877ad2dd8132.min.js.br:53
[    3980ms] [WARNING] [GSI_LOGGER]: Your client application uses one of the Google One Tap prompt UI status methods that may stop functioning when FedCM becomes mandatory. Refer to the migration guide to update your code accordingly and opt-in to FedCM to test your changes. Learn more: https://developers.google.com/identity/gsi/web/guides/fedcm-migration?s=dc#display_moment and https://developers.google.com/identity/gsi/web/guides/fedcm-migration?s=dc#skipped_moment @ https://www.figma.com/webpack-artifacts/assets/vendor-core-f234877ad2dd8132.min.js.br:53
[    3981ms] [WARNING] [GSI_LOGGER]: Currently, you disable FedCM on Google One Tap. FedCM for One Tap will become mandatory soon, and you won’t be able to disable it. Refer to the migration guide to update your code accordingly to ensure users will not be blocked from logging in. Learn more: https://developers.google.com/identity/gsi/web/guides/fedcm-migration @ https://www.figma.com/webpack-artifacts/assets/vendor-core-f234877ad2dd8132.min.js.br:53
[    8342ms] [ERROR] Failed to load resource: the server responded with a status of 401 () @ https://www.figma.com/api/files/2kf31jQG2xStpDq7kcM5aM/prototype/view:0
[    9194ms] [ERROR] Attestation check for Attribution Reporting on https://www.facebook.com failed. @ https://www.figma.com/proto/2kf31jQG2xStpDq7kcM5aM/-25-Card-Design-Pack-%E2%9C%A6-By-Dmazing--Community-?node-id=6-667&p=f&t=7VEpbn5xXcSlFG6F-0&scaling=min-zoom&content-scaling=fixed&page-id=2%3A2:0
[  321123ms] [ERROR] Cross-Origin-Opener-Policy policy would block the window.closed call. @ https://www.figma.com/webpack-artifacts/assets/prototype_app_beta-43089431d7971e5b.min.js.br:209
[  321123ms] [ERROR] Cross-Origin-Opener-Policy policy would block the window.closed call. @ https://www.figma.com/webpack-artifacts/assets/prototype_app_beta-43089431d7971e5b.min.js.br:209
[  327929ms] [WARNING] Statsig is not ready to log exposures, will retry in 1 seconds @ https://www.figma.com/webpack-artifacts/assets/vendor-core-cac2c8b5af23f2c4.min.js.br:53
[  328626ms] [ERROR] Error fetching plan user: [Object] @ https://www.figma.com/webpack-artifacts/assets/vendor-core-cac2c8b5af23f2c4.min.js.br:53
[  328774ms] [ERROR] Error fetching plan user: [Object] @ https://www.figma.com/webpack-artifacts/assets/vendor-core-cac2c8b5af23f2c4.min.js.br:53
[  332773ms] [WARNING] [file_browser.navigation_mark] You appear to be logging a relative timestamp and not an epoch timestamp. Try adding performance.timeOrigin to the timestamp. @ https://www.figma.com/webpack-artifacts/assets/vendor-core-cac2c8b5af23f2c4.min.js.br:53
[  332995ms] [WARNING] ignoring 'close' event on old socket @ https://www.figma.com/webpack-artifacts/assets/vendor-core-cac2c8b5af23f2c4.min.js.br:53
[  335664ms] [WARNING] Statsig is not ready to log exposures, will retry in 1 seconds @ https://www.figma.com/webpack-artifacts/assets/vendor-core-cac2c8b5af23f2c4.min.js.br:53
[  337009ms] [WARNING] Canvas2D: Multiple readback operations using getImageData are faster with the willReadFrequently attribute set to true. See: https://html.spec.whatwg.org/multipage/canvas.html#concept-canvas-will-read-frequently @ https://www.figma.com/webpack-artifacts/assets/7746-e5701dd0f182ab33.min.js.br:1654
[  337138ms] [WARNING] Canvas2D: Multiple readback operations using getImageData are faster with the willReadFrequently attribute set to true. See: https://html.spec.whatwg.org/multipage/canvas.html#concept-canvas-will-read-frequently @ https://www.figma.com/webpack-artifacts/assets/7746-e5701dd0f182ab33.min.js.br:1654
[  337170ms] [WARNING] Canvas2D: Multiple readback operations using getImageData are faster with the willReadFrequently attribute set to true. See: https://html.spec.whatwg.org/multipage/canvas.html#concept-canvas-will-read-frequently @ https://www.figma.com/webpack-artifacts/assets/7746-e5701dd0f182ab33.min.js.br:1654
[  337204ms] [WARNING] Canvas2D: Multiple readback operations using getImageData are faster with the willReadFrequently attribute set to true. See: https://html.spec.whatwg.org/multipage/canvas.html#concept-canvas-will-read-frequently @ https://www.figma.com/webpack-artifacts/assets/7746-e5701dd0f182ab33.min.js.br:1654
[  337237ms] [WARNING] Canvas2D: Multiple readback operations using getImageData are faster with the willReadFrequently attribute set to true. See: https://html.spec.whatwg.org/multipage/canvas.html#concept-canvas-will-read-frequently @ https://www.figma.com/webpack-artifacts/assets/7746-e5701dd0f182ab33.min.js.br:1654
[  337535ms] [WARNING] Canvas2D: Multiple readback operations using getImageData are faster with the willReadFrequently attribute set to true. See: https://html.spec.whatwg.org/multipage/canvas.html#concept-canvas-will-read-frequently @ https://www.figma.com/webpack-artifacts/assets/7746-e5701dd0f182ab33.min.js.br:1654
[  337545ms] [WARNING] Canvas2D: Multiple readback operations using getImageData are faster with the willReadFrequently attribute set to true. See: https://html.spec.whatwg.org/multipage/canvas.html#concept-canvas-will-read-frequently @ https://www.figma.com/webpack-artifacts/assets/7746-e5701dd0f182ab33.min.js.br:1654
[  337555ms] [WARNING] Canvas2D: Multiple readback operations using getImageData are faster with the willReadFrequently attribute set to true. See: https://html.spec.whatwg.org/multipage/canvas.html#concept-canvas-will-read-frequently @ https://www.figma.com/webpack-artifacts/assets/7746-e5701dd0f182ab33.min.js.br:1654
[  337565ms] [WARNING] Canvas2D: Multiple readback operations using getImageData are faster with the willReadFrequently attribute set to true. See: https://html.spec.whatwg.org/multipage/canvas.html#concept-canvas-will-read-frequently @ https://www.figma.com/webpack-artifacts/assets/7746-e5701dd0f182ab33.min.js.br:1654
[  337691ms] [WARNING] Canvas2D: Multiple readback operations using getImageData are faster with the willReadFrequently attribute set to true. See: https://html.spec.whatwg.org/multipage/canvas.html#concept-canvas-will-read-frequently @ https://www.figma.com/webpack-artifacts/assets/7746-e5701dd0f182ab33.min.js.br:1654
[  337704ms] [WARNING] Canvas2D: Multiple readback operations using getImageData are faster with the willReadFrequently attribute set to true. See: https://html.spec.whatwg.org/multipage/canvas.html#concept-canvas-will-read-frequently @ https://www.figma.com/webpack-artifacts/assets/7746-e5701dd0f182ab33.min.js.br:1654
[  337715ms] [WARNING] Canvas2D: Multiple readback operations using getImageData are faster with the willReadFrequently attribute set to true. See: https://html.spec.whatwg.org/multipage/canvas.html#concept-canvas-will-read-frequently @ https://www.figma.com/webpack-artifacts/assets/7746-e5701dd0f182ab33.min.js.br:1654
[  337726ms] [WARNING] Canvas2D: Multiple readback operations using getImageData are faster with the willReadFrequently attribute set to true. See: https://html.spec.whatwg.org/multipage/canvas.html#concept-canvas-will-read-frequently @ https://www.figma.com/webpack-artifacts/assets/7746-e5701dd0f182ab33.min.js.br:1654
[  337736ms] [WARNING] Canvas2D: Multiple readback operations using getImageData are faster with the willReadFrequently attribute set to true. See: https://html.spec.whatwg.org/multipage/canvas.html#concept-canvas-will-read-frequently @ https://www.figma.com/webpack-artifacts/assets/7746-e5701dd0f182ab33.min.js.br:1654
[  337891ms] [WARNING] Canvas2D: Multiple readback operations using getImageData are faster with the willReadFrequently attribute set to true. See: https://html.spec.whatwg.org/multipage/canvas.html#concept-canvas-will-read-frequently @ https://www.figma.com/webpack-artifacts/assets/7746-e5701dd0f182ab33.min.js.br:1654
[  337901ms] [WARNING] Canvas2D: Multiple readback operations using getImageData are faster with the willReadFrequently attribute set to true. See: https://html.spec.whatwg.org/multipage/canvas.html#concept-canvas-will-read-frequently @ https://www.figma.com/webpack-artifacts/assets/7746-e5701dd0f182ab33.min.js.br:1654
[  337911ms] [WARNING] Canvas2D: Multiple readback operations using getImageData are faster with the willReadFrequently attribute set to true. See: https://html.spec.whatwg.org/multipage/canvas.html#concept-canvas-will-read-frequently @ https://www.figma.com/webpack-artifacts/assets/7746-e5701dd0f182ab33.min.js.br:1654
[  337920ms] [WARNING] Canvas2D: Multiple readback operations using getImageData are faster with the willReadFrequently attribute set to true. See: https://html.spec.whatwg.org/multipage/canvas.html#concept-canvas-will-read-frequently @ https://www.figma.com/webpack-artifacts/assets/7746-e5701dd0f182ab33.min.js.br:1654
[  337931ms] [WARNING] Canvas2D: Multiple readback operations using getImageData are faster with the willReadFrequently attribute set to true. See: https://html.spec.whatwg.org/multipage/canvas.html#concept-canvas-will-read-frequently @ https://www.figma.com/webpack-artifacts/assets/7746-e5701dd0f182ab33.min.js.br:1654
[  337941ms] [WARNING] Canvas2D: Multiple readback operations using getImageData are faster with the willReadFrequently attribute set to true. See: https://html.spec.whatwg.org/multipage/canvas.html#concept-canvas-will-read-frequently @ https://www.figma.com/webpack-artifacts/assets/7746-e5701dd0f182ab33.min.js.br:1654
[  344102ms] [WARNING] Canvas2D: Multiple readback operations using getImageData are faster with the willReadFrequently attribute set to true. See: https://html.spec.whatwg.org/multipage/canvas.html#concept-canvas-will-read-frequently @ https://www.figma.com/webpack-artifacts/assets/7746-e5701dd0f182ab33.min.js.br:1654
[  344324ms] [WARNING] Canvas2D: Multiple readback operations using getImageData are faster with the willReadFrequently attribute set to true. See: https://html.spec.whatwg.org/multipage/canvas.html#concept-canvas-will-read-frequently @ https://www.figma.com/webpack-artifacts/assets/7746-e5701dd0f182ab33.min.js.br:1654
[  344333ms] [WARNING] Canvas2D: Multiple readback operations using getImageData are faster with the willReadFrequently attribute set to true. See: https://html.spec.whatwg.org/multipage/canvas.html#concept-canvas-will-read-frequently @ https://www.figma.com/webpack-artifacts/assets/7746-e5701dd0f182ab33.min.js.br:1654
[  344454ms] [WARNING] Canvas2D: Multiple readback operations using getImageData are faster with the willReadFrequently attribute set to true. See: https://html.spec.whatwg.org/multipage/canvas.html#concept-canvas-will-read-frequently @ https://www.figma.com/webpack-artifacts/assets/7746-e5701dd0f182ab33.min.js.br:1654
[  344470ms] [WARNING] Canvas2D: Multiple readback operations using getImageData are faster with the willReadFrequently attribute set to true. See: https://html.spec.whatwg.org/multipage/canvas.html#concept-canvas-will-read-frequently @ https://www.figma.com/webpack-artifacts/assets/7746-e5701dd0f182ab33.min.js.br:1654
[  344487ms] [WARNING] Canvas2D: Multiple readback operations using getImageData are faster with the willReadFrequently attribute set to true. See: https://html.spec.whatwg.org/multipage/canvas.html#concept-canvas-will-read-frequently @ https://www.figma.com/webpack-artifacts/assets/7746-e5701dd0f182ab33.min.js.br:1654
[  353588ms] [WARNING] Statsig is not ready to log exposures, will retry in 1 seconds @ https://www.figma.com/webpack-artifacts/assets/vendor-core-cac2c8b5af23f2c4.min.js.br:53
[  353954ms] [WARNING] The powerPreference option is currently ignored when calling requestAdapter() on Windows. See https://crbug.com/369219127 @ https://www.figma.com/webpack-artifacts/assets/7746-e5701dd0f182ab33.min.js.br:896
[  354298ms] [ERROR] Error fetching plan user: [Object] @ https://www.figma.com/webpack-artifacts/assets/vendor-core-cac2c8b5af23f2c4.min.js.br:53
[  354298ms] [ERROR] Error fetching plan user: [Object] @ https://www.figma.com/webpack-artifacts/assets/vendor-core-cac2c8b5af23f2c4.min.js.br:53
[  355293ms] [ERROR] Failed to load resource: the server responded with a status of 403 () @ https://www.figma.com/api/folders/147590140:0
[  355299ms] E: XHR for "/api/folders/147590140" failed with status 403
    at C (https://www.figma.com/webpack-artifacts/assets/7746-e5701dd0f182ab33.min.js.br:1655:13698)
    at async Object.P [as get] (https://www.figma.com/webpack-artifacts/assets/7746-e5701dd0f182ab33.min.js.br:1655:14081)
    at async https://www.figma.com/webpack-artifacts/assets/7746-e5701dd0f182ab33.min.js.br:1450:139160
    at async h.validate (https://www.figma.com/webpack-artifacts/assets/figma_app-4cd3007bda359d4a.min.js.br:418:1472442)
    at async h.fetchObject (https://www.figma.com/webpack-artifacts/assets/7746-e5701dd0f182ab33.min.js.br:911:271623)
    at async g (https://www.figma.com/webpack-artifacts/assets/7746-e5701dd0f182ab33.min.js.br:911:252005)
[  357081ms] [WARNING] Canvas2D: Multiple readback operations using getImageData are faster with the willReadFrequently attribute set to true. See: https://html.spec.whatwg.org/multipage/canvas.html#concept-canvas-will-read-frequently @ https://static.figma.com/fullscreen/389fff3c03d950d1297ba9a6e2b20dc44706922e/fullscreen-wasm-4-0-21/compiled_wasm.js.br:1
[  357671ms] [ERROR] Access to image at 'https://www.gravatar.com/avatar/145a57c899f90aee5de1b21b56c58612?size=240&default=https%3A%2F%2Fs3-alpha.figma.com%2Fstatic%2Fuser_a_v2.png?c=1' from origin 'https://www.figma.com' has been blocked by CORS policy: No 'Access-Control-Allow-Origin' header is present on the requested resource. @ https://www.figma.com/design/2kf31jQG2xStpDq7kcM5aM/-25-Card-Design-Pack-%E2%9C%A6-By-Dmazing--Community-?node-id=2-2&p=f&t=zAjZ2Cz28vUSVDr0-0:0
[  357671ms] [ERROR] Failed to load resource: net::ERR_FAILED @ https://www.gravatar.com/avatar/145a57c899f90aee5de1b21b56c58612?size=240&default=https%3A%2F%2Fs3-alpha.figma.com%2Fstatic%2Fuser_a_v2.png?c=1:0
[  357983ms] [ERROR] Failed to load resource: the server responded with a status of 401 () @ https://www.figma.com/api/make/fetch_ds_code_gen_status:0
