[     725ms] [WARNING] Image with src "/images/rooted-in-christ.jpg" has either width or height modified, but not the other. If you use CSS to change the size of your image, also include the styles 'width: "auto"' or 'height: "auto"' to maintain the aspect ratio. @ webpack-internal:///../../node_modules/.pnpm/next@14.2.25_react-dom@18.3.1_react@18.3.1_sass@1.93.2/node_modules/next/dist/shared/lib/utils/warn-once.js:15
[     761ms] [ERROR] Failed to load resource: the server responded with a status of 404 (Not Found) @ http://localhost:3000/images/icons/icon-192.png:0
[     774ms] [WARNING] Error while trying to use the following icon from the Manifest: http://localhost:3000/images/icons/icon-192.png (Download error or resource isn't a valid image) @ http://localhost:3000/controller/FLYMYT/:0
[  102321ms] [WARNING] [Fast Refresh] performing full reload

Fast Refresh will perform a full reload when you edit a file that's imported by modules outside of the React rendering tree.
You might have a file which exports a React component but also exports a value that is imported by a non-React component file.
Consider migrating the non-React component export to a separate file and importing it into both files.

It is also possible the parent component of the component you edited is a class component, which disables Fast Refresh.
Fast Refresh requires at least one parent function component in your React tree. @ webpack-internal:///../../node_modules/.pnpm/next@14.2.25_react-dom@18.3.1_react@18.3.1_sass@1.93.2/node_modules/next/dist/client/components/react-dev-overlay/pages/hot-reloader-client.js:347
[  103334ms] [ERROR] Failed to load resource: the server responded with a status of 500 (Internal Server Error) @ http://localhost:3000/controller/FLYMYT/:0
[  104044ms] [ERROR] 🚨 Global Error: Error: The default export is not a React Component in page: "/controller/[sessionId]"
    at e8 (file://C:\Users\max\abdalkader\node_modules\.pnpm\next@14.2.25_react-dom@18.3.1_react@18.3.1_sass@1.93.2\node_modules\next\dist\compiled\next-server\pages.runtime.dev.js:17:194)
    at e5.render (file://C:\Users\max\abdalkader\node_modules\.pnpm\next@14.2.25_react-dom@18.3.1_react@18.3.1_sass@1.93.2\node_modules\next\dist\compiled\next-server\pages.runtime.dev.js:28:593)
    at doRender (file://C:\Users\max\abdalkader\node_modules\.pnpm\next@14.2.25_react-dom@18.3.1_react@18.3.1_sass@1.93.2\node_modules\next\dist\server\base-server.js:1414:48)
    at cacheEntry.responseCache.get.routeKind (file://C:\Users\max\abdalkader\node_modules\.pnpm\next@14.2.25_react-dom@18.3.1_react@18.3.1_sass@1.93.2\node_modules\next\dist\server\base-server.js:1588:34)
    at ResponseCache.get (file://C:\Users\max\abdalkader\node_modules\.pnpm\next@14.2.25_react-dom@18.3.1_react@18.3.1_sass@1.93.2\node_modules\next\dist\server\response-cache\index.js:49:26)
    at DevServer.renderToResponseWithComponentsImpl (file://C:\Users\max\abdalkader\node_modules\.pnpm\next@14.2.25_react-dom@18.3.1_react@18.3.1_sass@1.93.2\node_modules\next\dist\server\base-server.js:1496:53)
    at <unknown> (file://C:\Users\max\abdalkader\node_modules\.pnpm\next@14.2.25_react-dom@18.3.1_react@18.3.1_sass@1.93.2\node_modules\next\dist\server\base-server.js:1014:121)
    at NextTracerImpl.trace (file://C:\Users\max\abdalkader\node_modules\.pnpm\next@14.2.25_react-dom@18.3.1_react@18.3.1_sass@1.93.2\node_modules\next\dist\server\lib\trace\tracer.js:105:20)
    at DevServer.renderToResponseWithComponents (file://C:\Users\max\abdalkader\node_modules\.pnpm\next@14.2.25_react-dom@18.3.1_react@18.3.1_sass@1.93.2\node_modules\next\dist\server\base-server.js:1014:41)
    at DevServer.renderPageComponent (file://C:\Users\max\abdalkader\node_modules\.pnpm\next@14.2.25_react-dom@18.3.1_react@18.3.1_sass@1.93.2\node_modules\next\dist\server\base-server.js:1924:35)
    at async DevServer.renderToResponseImpl (file://C:\Users\max\abdalkader\node_modules\.pnpm\next@14.2.25_react-dom@18.3.1_react@18.3.1_sass@1.93.2\node_modules\next\dist\server\base-server.js:1962:32)
    at async DevServer.pipeImpl (file://C:\Users\max\abdalkader\node_modules\.pnpm\next@14.2.25_react-dom@18.3.1_react@18.3.1_sass@1.93.2\node_modules\next\dist\server\base-server.js:922:25)
    at async NextNodeServer.handleCatchallRenderRequest (file://C:\Users\max\abdalkader\node_modules\.pnpm\next@14.2.25_react-dom@18.3.1_react@18.3.1_sass@1.93.2\node_modules\next\dist\server\next-server.js:272:17)
    at async DevServer.handleRequestImpl (file://C:\Users\max\abdalkader\node_modules\.pnpm\next@14.2.25_react-dom@18.3.1_react@18.3.1_sass@1.93.2\node_modules\next\dist\server\base-server.js:818:17)
    at async (file://C:\Users\max\abdalkader\node_modules\.pnpm\next@14.2.25_react-dom@18.3.1_react@18.3.1_sass@1.93.2\node_modules\next\dist\server\dev\next-dev-server.js:339:20) @ webpack-internal:///../../node_modules/.pnpm/next@14.2.25_react-dom@18.3.1_react@18.3.1_sass@1.93.2/node_modules/next/dist/client/components/react-dev-overlay/internal/helpers/hydration-error-info.js:62
[  104046ms] Error: The default export is not a React Component in page: "/controller/[sessionId]"
    at e8 (file://C:\Users\max\abdalkader\node_modules\.pnpm\next@14.2.25_react-dom@18.3.1_react@18.3.1_sass@1.93.2\node_modules\next\dist\compiled\next-server\pages.runtime.dev.js:17:194)
    at e5.render (file://C:\Users\max\abdalkader\node_modules\.pnpm\next@14.2.25_react-dom@18.3.1_react@18.3.1_sass@1.93.2\node_modules\next\dist\compiled\next-server\pages.runtime.dev.js:28:593)
    at doRender (file://C:\Users\max\abdalkader\node_modules\.pnpm\next@14.2.25_react-dom@18.3.1_react@18.3.1_sass@1.93.2\node_modules\next\dist\server\base-server.js:1414:48)
    at cacheEntry.responseCache.get.routeKind (file://C:\Users\max\abdalkader\node_modules\.pnpm\next@14.2.25_react-dom@18.3.1_react@18.3.1_sass@1.93.2\node_modules\next\dist\server\base-server.js:1588:34)
    at ResponseCache.get (file://C:\Users\max\abdalkader\node_modules\.pnpm\next@14.2.25_react-dom@18.3.1_react@18.3.1_sass@1.93.2\node_modules\next\dist\server\response-cache\index.js:49:26)
    at DevServer.renderToResponseWithComponentsImpl (file://C:\Users\max\abdalkader\node_modules\.pnpm\next@14.2.25_react-dom@18.3.1_react@18.3.1_sass@1.93.2\node_modules\next\dist\server\base-server.js:1496:53)
    at <unknown> (file://C:\Users\max\abdalkader\node_modules\.pnpm\next@14.2.25_react-dom@18.3.1_react@18.3.1_sass@1.93.2\node_modules\next\dist\server\base-server.js:1014:121)
    at NextTracerImpl.trace (file://C:\Users\max\abdalkader\node_modules\.pnpm\next@14.2.25_react-dom@18.3.1_react@18.3.1_sass@1.93.2\node_modules\next\dist\server\lib\trace\tracer.js:105:20)
    at DevServer.renderToResponseWithComponents (file://C:\Users\max\abdalkader\node_modules\.pnpm\next@14.2.25_react-dom@18.3.1_react@18.3.1_sass@1.93.2\node_modules\next\dist\server\base-server.js:1014:41)
    at DevServer.renderPageComponent (file://C:\Users\max\abdalkader\node_modules\.pnpm\next@14.2.25_react-dom@18.3.1_react@18.3.1_sass@1.93.2\node_modules\next\dist\server\base-server.js:1924:35)
    at async DevServer.renderToResponseImpl (file://C:\Users\max\abdalkader\node_modules\.pnpm\next@14.2.25_react-dom@18.3.1_react@18.3.1_sass@1.93.2\node_modules\next\dist\server\base-server.js:1962:32)
    at async DevServer.pipeImpl (file://C:\Users\max\abdalkader\node_modules\.pnpm\next@14.2.25_react-dom@18.3.1_react@18.3.1_sass@1.93.2\node_modules\next\dist\server\base-server.js:922:25)
    at async NextNodeServer.handleCatchallRenderRequest (file://C:\Users\max\abdalkader\node_modules\.pnpm\next@14.2.25_react-dom@18.3.1_react@18.3.1_sass@1.93.2\node_modules\next\dist\server\next-server.js:272:17)
    at async DevServer.handleRequestImpl (file://C:\Users\max\abdalkader\node_modules\.pnpm\next@14.2.25_react-dom@18.3.1_react@18.3.1_sass@1.93.2\node_modules\next\dist\server\base-server.js:818:17)
    at async (file://C:\Users\max\abdalkader\node_modules\.pnpm\next@14.2.25_react-dom@18.3.1_react@18.3.1_sass@1.93.2\node_modules\next\dist\server\dev\next-dev-server.js:339:20)
[  104275ms] [WARNING] [Fast Refresh] performing full reload because your application had an unrecoverable error @ webpack-internal:///../../node_modules/.pnpm/next@14.2.25_react-dom@18.3.1_react@18.3.1_sass@1.93.2/node_modules/next/dist/client/components/react-dev-overlay/pages/hot-reloader-client.js:349
[  104603ms] [ERROR] Failed to load resource: the server responded with a status of 404 (Not Found) @ http://localhost:3000/images/icons/icon-192.png:0
[  104604ms] [WARNING] Error while trying to use the following icon from the Manifest: http://localhost:3000/images/icons/icon-192.png (Download error or resource isn't a valid image) @ http://localhost:3000/controller/FLYMYT/:0
[  104658ms] [ERROR] Failed to load resource: the server responded with a status of 500 (Internal Server Error) @ http://localhost:3000/controller/FLYMYT/:0
[  105097ms] [ERROR] 🚨 Global Error: Error: The default export is not a React Component in page: "/controller/[sessionId]"
    at e8 (file://C:\Users\max\abdalkader\node_modules\.pnpm\next@14.2.25_react-dom@18.3.1_react@18.3.1_sass@1.93.2\node_modules\next\dist\compiled\next-server\pages.runtime.dev.js:17:194)
    at e5.render (file://C:\Users\max\abdalkader\node_modules\.pnpm\next@14.2.25_react-dom@18.3.1_react@18.3.1_sass@1.93.2\node_modules\next\dist\compiled\next-server\pages.runtime.dev.js:28:593)
    at doRender (file://C:\Users\max\abdalkader\node_modules\.pnpm\next@14.2.25_react-dom@18.3.1_react@18.3.1_sass@1.93.2\node_modules\next\dist\server\base-server.js:1414:48)
    at cacheEntry.responseCache.get.routeKind (file://C:\Users\max\abdalkader\node_modules\.pnpm\next@14.2.25_react-dom@18.3.1_react@18.3.1_sass@1.93.2\node_modules\next\dist\server\base-server.js:1588:34)
    at ResponseCache.get (file://C:\Users\max\abdalkader\node_modules\.pnpm\next@14.2.25_react-dom@18.3.1_react@18.3.1_sass@1.93.2\node_modules\next\dist\server\response-cache\index.js:49:26)
    at DevServer.renderToResponseWithComponentsImpl (file://C:\Users\max\abdalkader\node_modules\.pnpm\next@14.2.25_react-dom@18.3.1_react@18.3.1_sass@1.93.2\node_modules\next\dist\server\base-server.js:1496:53)
    at <unknown> (file://C:\Users\max\abdalkader\node_modules\.pnpm\next@14.2.25_react-dom@18.3.1_react@18.3.1_sass@1.93.2\node_modules\next\dist\server\base-server.js:1014:121)
    at NextTracerImpl.trace (file://C:\Users\max\abdalkader\node_modules\.pnpm\next@14.2.25_react-dom@18.3.1_react@18.3.1_sass@1.93.2\node_modules\next\dist\server\lib\trace\tracer.js:105:20)
    at DevServer.renderToResponseWithComponents (file://C:\Users\max\abdalkader\node_modules\.pnpm\next@14.2.25_react-dom@18.3.1_react@18.3.1_sass@1.93.2\node_modules\next\dist\server\base-server.js:1014:41)
    at DevServer.renderPageComponent (file://C:\Users\max\abdalkader\node_modules\.pnpm\next@14.2.25_react-dom@18.3.1_react@18.3.1_sass@1.93.2\node_modules\next\dist\server\base-server.js:1924:35)
    at async DevServer.renderToResponseImpl (file://C:\Users\max\abdalkader\node_modules\.pnpm\next@14.2.25_react-dom@18.3.1_react@18.3.1_sass@1.93.2\node_modules\next\dist\server\base-server.js:1962:32)
    at async DevServer.pipeImpl (file://C:\Users\max\abdalkader\node_modules\.pnpm\next@14.2.25_react-dom@18.3.1_react@18.3.1_sass@1.93.2\node_modules\next\dist\server\base-server.js:922:25)
    at async NextNodeServer.handleCatchallRenderRequest (file://C:\Users\max\abdalkader\node_modules\.pnpm\next@14.2.25_react-dom@18.3.1_react@18.3.1_sass@1.93.2\node_modules\next\dist\server\next-server.js:272:17)
    at async DevServer.handleRequestImpl (file://C:\Users\max\abdalkader\node_modules\.pnpm\next@14.2.25_react-dom@18.3.1_react@18.3.1_sass@1.93.2\node_modules\next\dist\server\base-server.js:818:17)
    at async (file://C:\Users\max\abdalkader\node_modules\.pnpm\next@14.2.25_react-dom@18.3.1_react@18.3.1_sass@1.93.2\node_modules\next\dist\server\dev\next-dev-server.js:339:20) @ webpack-internal:///../../node_modules/.pnpm/next@14.2.25_react-dom@18.3.1_react@18.3.1_sass@1.93.2/node_modules/next/dist/client/components/react-dev-overlay/internal/helpers/hydration-error-info.js:62
[  105100ms] Error: The default export is not a React Component in page: "/controller/[sessionId]"
    at e8 (file://C:\Users\max\abdalkader\node_modules\.pnpm\next@14.2.25_react-dom@18.3.1_react@18.3.1_sass@1.93.2\node_modules\next\dist\compiled\next-server\pages.runtime.dev.js:17:194)
    at e5.render (file://C:\Users\max\abdalkader\node_modules\.pnpm\next@14.2.25_react-dom@18.3.1_react@18.3.1_sass@1.93.2\node_modules\next\dist\compiled\next-server\pages.runtime.dev.js:28:593)
    at doRender (file://C:\Users\max\abdalkader\node_modules\.pnpm\next@14.2.25_react-dom@18.3.1_react@18.3.1_sass@1.93.2\node_modules\next\dist\server\base-server.js:1414:48)
    at cacheEntry.responseCache.get.routeKind (file://C:\Users\max\abdalkader\node_modules\.pnpm\next@14.2.25_react-dom@18.3.1_react@18.3.1_sass@1.93.2\node_modules\next\dist\server\base-server.js:1588:34)
    at ResponseCache.get (file://C:\Users\max\abdalkader\node_modules\.pnpm\next@14.2.25_react-dom@18.3.1_react@18.3.1_sass@1.93.2\node_modules\next\dist\server\response-cache\index.js:49:26)
    at DevServer.renderToResponseWithComponentsImpl (file://C:\Users\max\abdalkader\node_modules\.pnpm\next@14.2.25_react-dom@18.3.1_react@18.3.1_sass@1.93.2\node_modules\next\dist\server\base-server.js:1496:53)
    at <unknown> (file://C:\Users\max\abdalkader\node_modules\.pnpm\next@14.2.25_react-dom@18.3.1_react@18.3.1_sass@1.93.2\node_modules\next\dist\server\base-server.js:1014:121)
    at NextTracerImpl.trace (file://C:\Users\max\abdalkader\node_modules\.pnpm\next@14.2.25_react-dom@18.3.1_react@18.3.1_sass@1.93.2\node_modules\next\dist\server\lib\trace\tracer.js:105:20)
    at DevServer.renderToResponseWithComponents (file://C:\Users\max\abdalkader\node_modules\.pnpm\next@14.2.25_react-dom@18.3.1_react@18.3.1_sass@1.93.2\node_modules\next\dist\server\base-server.js:1014:41)
    at DevServer.renderPageComponent (file://C:\Users\max\abdalkader\node_modules\.pnpm\next@14.2.25_react-dom@18.3.1_react@18.3.1_sass@1.93.2\node_modules\next\dist\server\base-server.js:1924:35)
    at async DevServer.renderToResponseImpl (file://C:\Users\max\abdalkader\node_modules\.pnpm\next@14.2.25_react-dom@18.3.1_react@18.3.1_sass@1.93.2\node_modules\next\dist\server\base-server.js:1962:32)
    at async DevServer.pipeImpl (file://C:\Users\max\abdalkader\node_modules\.pnpm\next@14.2.25_react-dom@18.3.1_react@18.3.1_sass@1.93.2\node_modules\next\dist\server\base-server.js:922:25)
    at async NextNodeServer.handleCatchallRenderRequest (file://C:\Users\max\abdalkader\node_modules\.pnpm\next@14.2.25_react-dom@18.3.1_react@18.3.1_sass@1.93.2\node_modules\next\dist\server\next-server.js:272:17)
    at async DevServer.handleRequestImpl (file://C:\Users\max\abdalkader\node_modules\.pnpm\next@14.2.25_react-dom@18.3.1_react@18.3.1_sass@1.93.2\node_modules\next\dist\server\base-server.js:818:17)
    at async (file://C:\Users\max\abdalkader\node_modules\.pnpm\next@14.2.25_react-dom@18.3.1_react@18.3.1_sass@1.93.2\node_modules\next\dist\server\dev\next-dev-server.js:339:20)
[  105144ms] [ERROR] Failed to load resource: the server responded with a status of 404 (Not Found) @ http://localhost:3000/images/icons/icon-192.png:0
[  105145ms] [WARNING] Error while trying to use the following icon from the Manifest: http://localhost:3000/images/icons/icon-192.png (Download error or resource isn't a valid image) @ http://localhost:3000/controller/FLYMYT/:0
[  113059ms] [WARNING] [Fast Refresh] performing full reload because your application had an unrecoverable error @ webpack-internal:///../../node_modules/.pnpm/next@14.2.25_react-dom@18.3.1_react@18.3.1_sass@1.93.2/node_modules/next/dist/client/components/react-dev-overlay/pages/hot-reloader-client.js:349
[  113891ms] [WARNING] Image with src "/images/rooted-in-christ.jpg" has either width or height modified, but not the other. If you use CSS to change the size of your image, also include the styles 'width: "auto"' or 'height: "auto"' to maintain the aspect ratio. @ webpack-internal:///../../node_modules/.pnpm/next@14.2.25_react-dom@18.3.1_react@18.3.1_sass@1.93.2/node_modules/next/dist/shared/lib/utils/warn-once.js:15
[  113949ms] [ERROR] Failed to load resource: the server responded with a status of 404 (Not Found) @ http://localhost:3000/images/icons/icon-192.png:0
[  113952ms] [WARNING] Error while trying to use the following icon from the Manifest: http://localhost:3000/images/icons/icon-192.png (Download error or resource isn't a valid image) @ http://localhost:3000/controller/FLYMYT/:0
[  142500ms] [WARNING] [Fast Refresh] performing full reload

Fast Refresh will perform a full reload when you edit a file that's imported by modules outside of the React rendering tree.
You might have a file which exports a React component but also exports a value that is imported by a non-React component file.
Consider migrating the non-React component export to a separate file and importing it into both files.

It is also possible the parent component of the component you edited is a class component, which disables Fast Refresh.
Fast Refresh requires at least one parent function component in your React tree. @ webpack-internal:///../../node_modules/.pnpm/next@14.2.25_react-dom@18.3.1_react@18.3.1_sass@1.93.2/node_modules/next/dist/client/components/react-dev-overlay/pages/hot-reloader-client.js:347
[  143841ms] [ERROR] Failed to load resource: the server responded with a status of 404 (Not Found) @ http://localhost:3000/images/icons/icon-192.png:0
[  143865ms] [WARNING] Error while trying to use the following icon from the Manifest: http://localhost:3000/images/icons/icon-192.png (Download error or resource isn't a valid image) @ http://localhost:3000/controller/FLYMYT/:0
[  143899ms] [WARNING] Image with src "/images/rooted-in-christ.jpg" has either width or height modified, but not the other. If you use CSS to change the size of your image, also include the styles 'width: "auto"' or 'height: "auto"' to maintain the aspect ratio. @ webpack-internal:///../../node_modules/.pnpm/next@14.2.25_react-dom@18.3.1_react@18.3.1_sass@1.93.2/node_modules/next/dist/shared/lib/utils/warn-once.js:15
[  152561ms] [WARNING] [Fast Refresh] performing full reload

Fast Refresh will perform a full reload when you edit a file that's imported by modules outside of the React rendering tree.
You might have a file which exports a React component but also exports a value that is imported by a non-React component file.
Consider migrating the non-React component export to a separate file and importing it into both files.

It is also possible the parent component of the component you edited is a class component, which disables Fast Refresh.
Fast Refresh requires at least one parent function component in your React tree. @ webpack-internal:///../../node_modules/.pnpm/next@14.2.25_react-dom@18.3.1_react@18.3.1_sass@1.93.2/node_modules/next/dist/client/components/react-dev-overlay/pages/hot-reloader-client.js:347
[  153528ms] [ERROR] Failed to load resource: the server responded with a status of 404 (Not Found) @ http://localhost:3000/_next/static/webpack/08e4252855de5243.webpack.hot-update.json:0
[  153580ms] [ERROR] Failed to load resource: the server responded with a status of 404 (Not Found) @ http://localhost:3000/images/icons/icon-192.png:0
[  153581ms] [WARNING] Error while trying to use the following icon from the Manifest: http://localhost:3000/images/icons/icon-192.png (Download error or resource isn't a valid image) @ http://localhost:3000/controller/FLYMYT/:0
[  154054ms] [ERROR] Failed to load resource: the server responded with a status of 404 (Not Found) @ http://localhost:3000/_next/static/webpack/08e4252855de5243.webpack.hot-update.json:0
[  154101ms] [ERROR] Failed to load resource: the server responded with a status of 404 (Not Found) @ http://localhost:3000/images/icons/icon-192.png:0
[  154106ms] [WARNING] Error while trying to use the following icon from the Manifest: http://localhost:3000/images/icons/icon-192.png (Download error or resource isn't a valid image) @ http://localhost:3000/controller/FLYMYT/:0
[  154126ms] [WARNING] [Fast Refresh] performing full reload

Fast Refresh will perform a full reload when you edit a file that's imported by modules outside of the React rendering tree.
You might have a file which exports a React component but also exports a value that is imported by a non-React component file.
Consider migrating the non-React component export to a separate file and importing it into both files.

It is also possible the parent component of the component you edited is a class component, which disables Fast Refresh.
Fast Refresh requires at least one parent function component in your React tree. @ webpack-internal:///../../node_modules/.pnpm/next@14.2.25_react-dom@18.3.1_react@18.3.1_sass@1.93.2/node_modules/next/dist/client/components/react-dev-overlay/pages/hot-reloader-client.js:347
[  154622ms] [ERROR] Failed to load resource: the server responded with a status of 404 (Not Found) @ http://localhost:3000/_next/static/webpack/08e4252855de5243.webpack.hot-update.json:0
[  154681ms] [ERROR] Failed to load resource: the server responded with a status of 404 (Not Found) @ http://localhost:3000/images/icons/icon-192.png:0
[  154681ms] [WARNING] Error while trying to use the following icon from the Manifest: http://localhost:3000/images/icons/icon-192.png (Download error or resource isn't a valid image) @ http://localhost:3000/controller/FLYMYT/:0
[  155196ms] [ERROR] Failed to load resource: the server responded with a status of 404 (Not Found) @ http://localhost:3000/_next/static/webpack/08e4252855de5243.webpack.hot-update.json:0
[  155248ms] [ERROR] Failed to load resource: the server responded with a status of 404 (Not Found) @ http://localhost:3000/images/icons/icon-192.png:0
[  155249ms] [WARNING] Error while trying to use the following icon from the Manifest: http://localhost:3000/images/icons/icon-192.png (Download error or resource isn't a valid image) @ http://localhost:3000/controller/FLYMYT/:0
[  155706ms] [ERROR] Failed to load resource: the server responded with a status of 404 (Not Found) @ http://localhost:3000/_next/static/webpack/08e4252855de5243.webpack.hot-update.json:0
[  155740ms] [ERROR] Failed to load resource: the server responded with a status of 404 (Not Found) @ http://localhost:3000/_next/static/webpack/08e4252855de5243.webpack.hot-update.json:0
[  155755ms] [ERROR] Failed to load resource: the server responded with a status of 404 (Not Found) @ http://localhost:3000/images/icons/icon-192.png:0
[  155756ms] [WARNING] Error while trying to use the following icon from the Manifest: http://localhost:3000/images/icons/icon-192.png (Download error or resource isn't a valid image) @ http://localhost:3000/controller/FLYMYT/:0
[  156260ms] [ERROR] Failed to load resource: the server responded with a status of 404 (Not Found) @ http://localhost:3000/_next/static/webpack/08e4252855de5243.webpack.hot-update.json:0
[  156319ms] [ERROR] Failed to load resource: the server responded with a status of 404 (Not Found) @ http://localhost:3000/images/icons/icon-192.png:0
[  156320ms] [WARNING] Error while trying to use the following icon from the Manifest: http://localhost:3000/images/icons/icon-192.png (Download error or resource isn't a valid image) @ http://localhost:3000/controller/FLYMYT/:0
[  156783ms] [ERROR] Failed to load resource: the server responded with a status of 404 (Not Found) @ http://localhost:3000/_next/static/webpack/08e4252855de5243.webpack.hot-update.json:0
[  156830ms] [ERROR] Failed to load resource: the server responded with a status of 404 (Not Found) @ http://localhost:3000/images/icons/icon-192.png:0
[  156834ms] [WARNING] Error while trying to use the following icon from the Manifest: http://localhost:3000/images/icons/icon-192.png (Download error or resource isn't a valid image) @ http://localhost:3000/controller/FLYMYT/:0
[  157232ms] [ERROR] Failed to load resource: the server responded with a status of 404 (Not Found) @ http://localhost:3000/_next/static/webpack/08e4252855de5243.webpack.hot-update.json:0
[  157281ms] [WARNING] [Fast Refresh] performing full reload

Fast Refresh will perform a full reload when you edit a file that's imported by modules outside of the React rendering tree.
You might have a file which exports a React component but also exports a value that is imported by a non-React component file.
Consider migrating the non-React component export to a separate file and importing it into both files.

It is also possible the parent component of the component you edited is a class component, which disables Fast Refresh.
Fast Refresh requires at least one parent function component in your React tree. @ webpack-internal:///../../node_modules/.pnpm/next@14.2.25_react-dom@18.3.1_react@18.3.1_sass@1.93.2/node_modules/next/dist/client/components/react-dev-overlay/pages/hot-reloader-client.js:347
[  157758ms] [ERROR] Failed to load resource: the server responded with a status of 404 (Not Found) @ http://localhost:3000/_next/static/webpack/08e4252855de5243.webpack.hot-update.json:0
[  158228ms] [ERROR] Failed to load resource: the server responded with a status of 404 (Not Found) @ http://localhost:3000/_next/static/webpack/08e4252855de5243.webpack.hot-update.json:0
[  158289ms] [WARNING] Error while trying to use the following icon from the Manifest: http://localhost:3000/images/icons/icon-192.png (Download error or resource isn't a valid image) @ http://localhost:3000/controller/FLYMYT/:0
[  158736ms] [ERROR] Failed to load resource: the server responded with a status of 404 (Not Found) @ http://localhost:3000/_next/static/webpack/08e4252855de5243.webpack.hot-update.json:0
[  159232ms] [ERROR] Failed to load resource: the server responded with a status of 404 (Not Found) @ http://localhost:3000/_next/static/webpack/08e4252855de5243.webpack.hot-update.json:0
[  159748ms] [ERROR] Failed to load resource: the server responded with a status of 404 (Not Found) @ http://localhost:3000/_next/static/webpack/08e4252855de5243.webpack.hot-update.json:0
[  160255ms] [ERROR] Failed to load resource: the server responded with a status of 404 (Not Found) @ http://localhost:3000/_next/static/webpack/08e4252855de5243.webpack.hot-update.json:0
[  160297ms] [WARNING] [Fast Refresh] performing full reload

Fast Refresh will perform a full reload when you edit a file that's imported by modules outside of the React rendering tree.
You might have a file which exports a React component but also exports a value that is imported by a non-React component file.
Consider migrating the non-React component export to a separate file and importing it into both files.

It is also possible the parent component of the component you edited is a class component, which disables Fast Refresh.
Fast Refresh requires at least one parent function component in your React tree. @ webpack-internal:///../../node_modules/.pnpm/next@14.2.25_react-dom@18.3.1_react@18.3.1_sass@1.93.2/node_modules/next/dist/client/components/react-dev-overlay/pages/hot-reloader-client.js:347
[  160770ms] [ERROR] Failed to load resource: the server responded with a status of 404 (Not Found) @ http://localhost:3000/_next/static/webpack/08e4252855de5243.webpack.hot-update.json:0
[  160811ms] [WARNING] [Fast Refresh] performing full reload

Fast Refresh will perform a full reload when you edit a file that's imported by modules outside of the React rendering tree.
You might have a file which exports a React component but also exports a value that is imported by a non-React component file.
Consider migrating the non-React component export to a separate file and importing it into both files.

It is also possible the parent component of the component you edited is a class component, which disables Fast Refresh.
Fast Refresh requires at least one parent function component in your React tree. @ webpack-internal:///../../node_modules/.pnpm/next@14.2.25_react-dom@18.3.1_react@18.3.1_sass@1.93.2/node_modules/next/dist/client/components/react-dev-overlay/pages/hot-reloader-client.js:347
[  161287ms] [ERROR] Failed to load resource: the server responded with a status of 404 (Not Found) @ http://localhost:3000/_next/static/webpack/08e4252855de5243.webpack.hot-update.json:0
[  161334ms] [WARNING] [Fast Refresh] performing full reload

Fast Refresh will perform a full reload when you edit a file that's imported by modules outside of the React rendering tree.
You might have a file which exports a React component but also exports a value that is imported by a non-React component file.
Consider migrating the non-React component export to a separate file and importing it into both files.

It is also possible the parent component of the component you edited is a class component, which disables Fast Refresh.
Fast Refresh requires at least one parent function component in your React tree. @ webpack-internal:///../../node_modules/.pnpm/next@14.2.25_react-dom@18.3.1_react@18.3.1_sass@1.93.2/node_modules/next/dist/client/components/react-dev-overlay/pages/hot-reloader-client.js:347
[  161836ms] [ERROR] Failed to load resource: the server responded with a status of 404 (Not Found) @ http://localhost:3000/_next/static/webpack/08e4252855de5243.webpack.hot-update.json:0
[  161882ms] [WARNING] [Fast Refresh] performing full reload

Fast Refresh will perform a full reload when you edit a file that's imported by modules outside of the React rendering tree.
You might have a file which exports a React component but also exports a value that is imported by a non-React component file.
Consider migrating the non-React component export to a separate file and importing it into both files.

It is also possible the parent component of the component you edited is a class component, which disables Fast Refresh.
Fast Refresh requires at least one parent function component in your React tree. @ webpack-internal:///../../node_modules/.pnpm/next@14.2.25_react-dom@18.3.1_react@18.3.1_sass@1.93.2/node_modules/next/dist/client/components/react-dev-overlay/pages/hot-reloader-client.js:347
[  162386ms] [ERROR] Failed to load resource: the server responded with a status of 404 (Not Found) @ http://localhost:3000/_next/static/webpack/08e4252855de5243.webpack.hot-update.json:0
[  162929ms] [ERROR] Failed to load resource: the server responded with a status of 404 (Not Found) @ http://localhost:3000/_next/static/webpack/08e4252855de5243.webpack.hot-update.json:0
[  163459ms] [ERROR] Failed to load resource: the server responded with a status of 404 (Not Found) @ http://localhost:3000/_next/static/webpack/08e4252855de5243.webpack.hot-update.json:0
[  163526ms] [WARNING] Error while trying to use the following icon from the Manifest: http://localhost:3000/images/icons/icon-192.png (Download error or resource isn't a valid image) @ http://localhost:3000/controller/FLYMYT/:0
[  164041ms] [ERROR] Failed to load resource: the server responded with a status of 404 (Not Found) @ http://localhost:3000/_next/static/webpack/08e4252855de5243.webpack.hot-update.json:0
[  164631ms] [ERROR] Failed to load resource: the server responded with a status of 404 (Not Found) @ http://localhost:3000/_next/static/webpack/08e4252855de5243.webpack.hot-update.json:0
[  164676ms] [ERROR] Failed to load resource: the server responded with a status of 404 (Not Found) @ http://localhost:3000/images/icons/icon-192.png:0
[  164676ms] [WARNING] Error while trying to use the following icon from the Manifest: http://localhost:3000/images/icons/icon-192.png (Download error or resource isn't a valid image) @ http://localhost:3000/controller/FLYMYT/:0
[  165197ms] [ERROR] Failed to load resource: the server responded with a status of 404 (Not Found) @ http://localhost:3000/_next/static/webpack/08e4252855de5243.webpack.hot-update.json:0
[  165770ms] [ERROR] Failed to load resource: the server responded with a status of 404 (Not Found) @ http://localhost:3000/_next/static/webpack/08e4252855de5243.webpack.hot-update.json:0
[  165808ms] [WARNING] [Fast Refresh] performing full reload

Fast Refresh will perform a full reload when you edit a file that's imported by modules outside of the React rendering tree.
You might have a file which exports a React component but also exports a value that is imported by a non-React component file.
Consider migrating the non-React component export to a separate file and importing it into both files.

It is also possible the parent component of the component you edited is a class component, which disables Fast Refresh.
Fast Refresh requires at least one parent function component in your React tree. @ webpack-internal:///../../node_modules/.pnpm/next@14.2.25_react-dom@18.3.1_react@18.3.1_sass@1.93.2/node_modules/next/dist/client/components/react-dev-overlay/pages/hot-reloader-client.js:347
[  166307ms] [ERROR] Failed to load resource: the server responded with a status of 404 (Not Found) @ http://localhost:3000/_next/static/webpack/08e4252855de5243.webpack.hot-update.json:0
[  166363ms] [ERROR] Failed to load resource: the server responded with a status of 404 (Not Found) @ http://localhost:3000/_next/static/webpack/08e4252855de5243.webpack.hot-update.json:0
[  166841ms] [ERROR] Failed to load resource: the server responded with a status of 404 (Not Found) @ http://localhost:3000/_next/static/webpack/08e4252855de5243.webpack.hot-update.json:0
[  166870ms] [ERROR] Failed to load resource: the server responded with a status of 404 (Not Found) @ http://localhost:3000/_next/static/webpack/08e4252855de5243.webpack.hot-update.json:0
[  167387ms] [ERROR] Failed to load resource: the server responded with a status of 404 (Not Found) @ http://localhost:3000/_next/static/webpack/08e4252855de5243.webpack.hot-update.json:0
[  168007ms] [ERROR] Failed to load resource: the server responded with a status of 404 (Not Found) @ http://localhost:3000/_next/static/webpack/08e4252855de5243.webpack.hot-update.json:0
[  168593ms] [ERROR] Failed to load resource: the server responded with a status of 404 (Not Found) @ http://localhost:3000/_next/static/webpack/08e4252855de5243.webpack.hot-update.json:0
[  169267ms] [ERROR] Failed to load resource: the server responded with a status of 404 (Not Found) @ http://localhost:3000/_next/static/webpack/08e4252855de5243.webpack.hot-update.json:0
[  169937ms] [ERROR] Failed to load resource: the server responded with a status of 404 (Not Found) @ http://localhost:3000/_next/static/webpack/08e4252855de5243.webpack.hot-update.json:0
[  169973ms] [ERROR] Failed to load resource: the server responded with a status of 404 (Not Found) @ http://localhost:3000/_next/static/webpack/08e4252855de5243.webpack.hot-update.json:0
[  170733ms] [ERROR] Failed to load resource: the server responded with a status of 404 (Not Found) @ http://localhost:3000/_next/static/webpack/08e4252855de5243.webpack.hot-update.json:0
[  171456ms] [ERROR] Failed to load resource: the server responded with a status of 404 (Not Found) @ http://localhost:3000/_next/static/webpack/08e4252855de5243.webpack.hot-update.json:0
[  172150ms] [ERROR] Failed to load resource: the server responded with a status of 404 (Not Found) @ http://localhost:3000/_next/static/webpack/08e4252855de5243.webpack.hot-update.json:0
[  172853ms] [ERROR] Failed to load resource: the server responded with a status of 404 (Not Found) @ http://localhost:3000/_next/static/webpack/08e4252855de5243.webpack.hot-update.json:0
[  174992ms] [ERROR] Failed to load resource: the server responded with a status of 404 (Not Found) @ http://localhost:3000/_next/static/webpack/08e4252855de5243.webpack.hot-update.json:0
[  175479ms] [ERROR] Failed to load resource: the server responded with a status of 404 (Not Found) @ http://localhost:3000/_next/static/webpack/08e4252855de5243.webpack.hot-update.json:0
[  178376ms] [WARNING] Image with src "/images/rooted-in-christ.jpg" has either width or height modified, but not the other. If you use CSS to change the size of your image, also include the styles 'width: "auto"' or 'height: "auto"' to maintain the aspect ratio. @ webpack-internal:///../../node_modules/.pnpm/next@14.2.25_react-dom@18.3.1_react@18.3.1_sass@1.93.2/node_modules/next/dist/shared/lib/utils/warn-once.js:15
[  178572ms] [ERROR] Failed to load resource: the server responded with a status of 404 (Not Found) @ http://localhost:3000/images/icons/icon-192.png:0
[  178573ms] [WARNING] Error while trying to use the following icon from the Manifest: http://localhost:3000/images/icons/icon-192.png (Download error or resource isn't a valid image) @ http://localhost:3000/controller/FLYMYT/:0
[  178601ms] [WARNING] [Fast Refresh] performing full reload

Fast Refresh will perform a full reload when you edit a file that's imported by modules outside of the React rendering tree.
You might have a file which exports a React component but also exports a value that is imported by a non-React component file.
Consider migrating the non-React component export to a separate file and importing it into both files.

It is also possible the parent component of the component you edited is a class component, which disables Fast Refresh.
Fast Refresh requires at least one parent function component in your React tree. @ webpack-internal:///../../node_modules/.pnpm/next@14.2.25_react-dom@18.3.1_react@18.3.1_sass@1.93.2/node_modules/next/dist/client/components/react-dev-overlay/pages/hot-reloader-client.js:347
[  179092ms] [ERROR] Failed to load resource: the server responded with a status of 404 (Not Found) @ http://localhost:3000/_next/static/webpack/293d4ec351f64387.webpack.hot-update.json:0
[  179133ms] [ERROR] Failed to load resource: the server responded with a status of 404 (Not Found) @ http://localhost:3000/images/icons/icon-192.png:0
[  179134ms] [WARNING] Error while trying to use the following icon from the Manifest: http://localhost:3000/images/icons/icon-192.png (Download error or resource isn't a valid image) @ http://localhost:3000/controller/FLYMYT/:0
[  179651ms] [ERROR] Failed to load resource: the server responded with a status of 404 (Not Found) @ http://localhost:3000/_next/static/webpack/293d4ec351f64387.webpack.hot-update.json:0
[  179702ms] [ERROR] Failed to load resource: the server responded with a status of 404 (Not Found) @ http://localhost:3000/images/icons/icon-192.png:0
[  179703ms] [WARNING] Error while trying to use the following icon from the Manifest: http://localhost:3000/images/icons/icon-192.png (Download error or resource isn't a valid image) @ http://localhost:3000/controller/FLYMYT/:0
[  180288ms] [ERROR] Failed to load resource: the server responded with a status of 404 (Not Found) @ http://localhost:3000/_next/static/webpack/293d4ec351f64387.webpack.hot-update.json:0
[  180359ms] [ERROR] Failed to load resource: the server responded with a status of 404 (Not Found) @ http://localhost:3000/images/icons/icon-192.png:0
[  180360ms] [WARNING] Error while trying to use the following icon from the Manifest: http://localhost:3000/images/icons/icon-192.png (Download error or resource isn't a valid image) @ http://localhost:3000/controller/FLYMYT/:0
[  180920ms] [ERROR] Failed to load resource: the server responded with a status of 404 (Not Found) @ http://localhost:3000/_next/static/webpack/293d4ec351f64387.webpack.hot-update.json:0
[  180994ms] [ERROR] Failed to load resource: the server responded with a status of 404 (Not Found) @ http://localhost:3000/images/icons/icon-192.png:0
[  180995ms] [WARNING] Error while trying to use the following icon from the Manifest: http://localhost:3000/images/icons/icon-192.png (Download error or resource isn't a valid image) @ http://localhost:3000/controller/FLYMYT/:0
[  181469ms] [ERROR] Failed to load resource: the server responded with a status of 404 (Not Found) @ http://localhost:3000/_next/static/webpack/293d4ec351f64387.webpack.hot-update.json:0
[  181537ms] [ERROR] Failed to load resource: the server responded with a status of 404 (Not Found) @ http://localhost:3000/images/icons/icon-192.png:0
[  181537ms] [WARNING] Error while trying to use the following icon from the Manifest: http://localhost:3000/images/icons/icon-192.png (Download error or resource isn't a valid image) @ http://localhost:3000/controller/FLYMYT/:0
[  182001ms] [ERROR] Failed to load resource: the server responded with a status of 404 (Not Found) @ http://localhost:3000/_next/static/webpack/293d4ec351f64387.webpack.hot-update.json:0
[  182063ms] [ERROR] Failed to load resource: the server responded with a status of 404 (Not Found) @ http://localhost:3000/images/icons/icon-192.png:0
[  182068ms] [WARNING] Error while trying to use the following icon from the Manifest: http://localhost:3000/images/icons/icon-192.png (Download error or resource isn't a valid image) @ http://localhost:3000/controller/FLYMYT/:0
[  182598ms] [ERROR] Failed to load resource: the server responded with a status of 404 (Not Found) @ http://localhost:3000/_next/static/webpack/293d4ec351f64387.webpack.hot-update.json:0
[  182650ms] [ERROR] Failed to load resource: the server responded with a status of 404 (Not Found) @ http://localhost:3000/images/icons/icon-192.png:0
[  182655ms] [WARNING] Error while trying to use the following icon from the Manifest: http://localhost:3000/images/icons/icon-192.png (Download error or resource isn't a valid image) @ http://localhost:3000/controller/FLYMYT/:0
[  183163ms] [ERROR] Failed to load resource: the server responded with a status of 404 (Not Found) @ http://localhost:3000/_next/static/webpack/293d4ec351f64387.webpack.hot-update.json:0
[  183218ms] [ERROR] Failed to load resource: the server responded with a status of 404 (Not Found) @ http://localhost:3000/images/icons/icon-192.png:0
[  183219ms] [WARNING] Error while trying to use the following icon from the Manifest: http://localhost:3000/images/icons/icon-192.png (Download error or resource isn't a valid image) @ http://localhost:3000/controller/FLYMYT/:0
[  183701ms] [ERROR] Failed to load resource: the server responded with a status of 404 (Not Found) @ http://localhost:3000/_next/static/webpack/293d4ec351f64387.webpack.hot-update.json:0
[  183747ms] [ERROR] Failed to load resource: the server responded with a status of 404 (Not Found) @ http://localhost:3000/images/icons/icon-192.png:0
[  183748ms] [WARNING] Error while trying to use the following icon from the Manifest: http://localhost:3000/images/icons/icon-192.png (Download error or resource isn't a valid image) @ http://localhost:3000/controller/FLYMYT/:0
[  183771ms] [WARNING] [Fast Refresh] performing full reload

Fast Refresh will perform a full reload when you edit a file that's imported by modules outside of the React rendering tree.
You might have a file which exports a React component but also exports a value that is imported by a non-React component file.
Consider migrating the non-React component export to a separate file and importing it into both files.

It is also possible the parent component of the component you edited is a class component, which disables Fast Refresh.
Fast Refresh requires at least one parent function component in your React tree. @ webpack-internal:///../../node_modules/.pnpm/next@14.2.25_react-dom@18.3.1_react@18.3.1_sass@1.93.2/node_modules/next/dist/client/components/react-dev-overlay/pages/hot-reloader-client.js:347
[  184219ms] [ERROR] Failed to load resource: the server responded with a status of 404 (Not Found) @ http://localhost:3000/_next/static/webpack/293d4ec351f64387.webpack.hot-update.json:0
[  184269ms] [ERROR] Failed to load resource: the server responded with a status of 404 (Not Found) @ http://localhost:3000/images/icons/icon-192.png:0
[  184270ms] [ERROR] Failed to load resource: the server responded with a status of 404 (Not Found) @ http://localhost:3000/_next/static/webpack/293d4ec351f64387.webpack.hot-update.json:0
[  184272ms] [WARNING] Error while trying to use the following icon from the Manifest: http://localhost:3000/images/icons/icon-192.png (Download error or resource isn't a valid image) @ http://localhost:3000/controller/FLYMYT/:0
[  184749ms] [ERROR] Failed to load resource: the server responded with a status of 404 (Not Found) @ http://localhost:3000/_next/static/webpack/293d4ec351f64387.webpack.hot-update.json:0
[  184790ms] [ERROR] Failed to load resource: the server responded with a status of 404 (Not Found) @ http://localhost:3000/images/icons/icon-192.png:0
[  184790ms] [WARNING] Error while trying to use the following icon from the Manifest: http://localhost:3000/images/icons/icon-192.png (Download error or resource isn't a valid image) @ http://localhost:3000/controller/FLYMYT/:0
[  184802ms] [WARNING] [Fast Refresh] performing full reload

Fast Refresh will perform a full reload when you edit a file that's imported by modules outside of the React rendering tree.
You might have a file which exports a React component but also exports a value that is imported by a non-React component file.
Consider migrating the non-React component export to a separate file and importing it into both files.

It is also possible the parent component of the component you edited is a class component, which disables Fast Refresh.
Fast Refresh requires at least one parent function component in your React tree. @ webpack-internal:///../../node_modules/.pnpm/next@14.2.25_react-dom@18.3.1_react@18.3.1_sass@1.93.2/node_modules/next/dist/client/components/react-dev-overlay/pages/hot-reloader-client.js:347
[  185247ms] [ERROR] Failed to load resource: the server responded with a status of 404 (Not Found) @ http://localhost:3000/_next/static/webpack/293d4ec351f64387.webpack.hot-update.json:0
[  185289ms] [ERROR] Failed to load resource: the server responded with a status of 404 (Not Found) @ http://localhost:3000/images/icons/icon-192.png:0
[  185289ms] [WARNING] Error while trying to use the following icon from the Manifest: http://localhost:3000/images/icons/icon-192.png (Download error or resource isn't a valid image) @ http://localhost:3000/controller/FLYMYT/:0
[  185307ms] [WARNING] [Fast Refresh] performing full reload

Fast Refresh will perform a full reload when you edit a file that's imported by modules outside of the React rendering tree.
You might have a file which exports a React component but also exports a value that is imported by a non-React component file.
Consider migrating the non-React component export to a separate file and importing it into both files.

It is also possible the parent component of the component you edited is a class component, which disables Fast Refresh.
Fast Refresh requires at least one parent function component in your React tree. @ webpack-internal:///../../node_modules/.pnpm/next@14.2.25_react-dom@18.3.1_react@18.3.1_sass@1.93.2/node_modules/next/dist/client/components/react-dev-overlay/pages/hot-reloader-client.js:347
[  185790ms] [ERROR] Failed to load resource: the server responded with a status of 404 (Not Found) @ http://localhost:3000/_next/static/webpack/293d4ec351f64387.webpack.hot-update.json:0
[  185827ms] [ERROR] Failed to load resource: the server responded with a status of 404 (Not Found) @ http://localhost:3000/images/icons/icon-192.png:0
[  185828ms] [WARNING] Error while trying to use the following icon from the Manifest: http://localhost:3000/images/icons/icon-192.png (Download error or resource isn't a valid image) @ http://localhost:3000/controller/FLYMYT/:0
[  185844ms] [WARNING] [Fast Refresh] performing full reload

Fast Refresh will perform a full reload when you edit a file that's imported by modules outside of the React rendering tree.
You might have a file which exports a React component but also exports a value that is imported by a non-React component file.
Consider migrating the non-React component export to a separate file and importing it into both files.

It is also possible the parent component of the component you edited is a class component, which disables Fast Refresh.
Fast Refresh requires at least one parent function component in your React tree. @ webpack-internal:///../../node_modules/.pnpm/next@14.2.25_react-dom@18.3.1_react@18.3.1_sass@1.93.2/node_modules/next/dist/client/components/react-dev-overlay/pages/hot-reloader-client.js:347
[  186387ms] [ERROR] Failed to load resource: the server responded with a status of 404 (Not Found) @ http://localhost:3000/_next/static/webpack/293d4ec351f64387.webpack.hot-update.json:0
[  186443ms] [ERROR] Failed to load resource: the server responded with a status of 404 (Not Found) @ http://localhost:3000/images/icons/icon-192.png:0
[  186444ms] [WARNING] Error while trying to use the following icon from the Manifest: http://localhost:3000/images/icons/icon-192.png (Download error or resource isn't a valid image) @ http://localhost:3000/controller/FLYMYT/:0
[  186463ms] [WARNING] [Fast Refresh] performing full reload

Fast Refresh will perform a full reload when you edit a file that's imported by modules outside of the React rendering tree.
You might have a file which exports a React component but also exports a value that is imported by a non-React component file.
Consider migrating the non-React component export to a separate file and importing it into both files.

It is also possible the parent component of the component you edited is a class component, which disables Fast Refresh.
Fast Refresh requires at least one parent function component in your React tree. @ webpack-internal:///../../node_modules/.pnpm/next@14.2.25_react-dom@18.3.1_react@18.3.1_sass@1.93.2/node_modules/next/dist/client/components/react-dev-overlay/pages/hot-reloader-client.js:347
[  186933ms] [ERROR] Failed to load resource: the server responded with a status of 404 (Not Found) @ http://localhost:3000/_next/static/webpack/293d4ec351f64387.webpack.hot-update.json:0
[  187008ms] [ERROR] Failed to load resource: the server responded with a status of 404 (Not Found) @ http://localhost:3000/images/icons/icon-192.png:0
[  187008ms] [ERROR] Failed to load resource: the server responded with a status of 404 (Not Found) @ http://localhost:3000/_next/static/webpack/293d4ec351f64387.webpack.hot-update.json:0
[  187009ms] [WARNING] Error while trying to use the following icon from the Manifest: http://localhost:3000/images/icons/icon-192.png (Download error or resource isn't a valid image) @ http://localhost:3000/controller/FLYMYT/:0
[  187603ms] [ERROR] Failed to load resource: the server responded with a status of 404 (Not Found) @ http://localhost:3000/_next/static/webpack/293d4ec351f64387.webpack.hot-update.json:0
[  187682ms] [ERROR] Failed to load resource: the server responded with a status of 404 (Not Found) @ http://localhost:3000/images/icons/icon-192.png:0
[  187688ms] [WARNING] Error while trying to use the following icon from the Manifest: http://localhost:3000/images/icons/icon-192.png (Download error or resource isn't a valid image) @ http://localhost:3000/controller/FLYMYT/:0
[  188155ms] [ERROR] Failed to load resource: the server responded with a status of 404 (Not Found) @ http://localhost:3000/_next/static/webpack/293d4ec351f64387.webpack.hot-update.json:0
[  188234ms] [ERROR] Failed to load resource: the server responded with a status of 404 (Not Found) @ http://localhost:3000/images/icons/icon-192.png:0
[  188234ms] [WARNING] Error while trying to use the following icon from the Manifest: http://localhost:3000/images/icons/icon-192.png (Download error or resource isn't a valid image) @ http://localhost:3000/controller/FLYMYT/:0
[  188622ms] [ERROR] Failed to load resource: the server responded with a status of 404 (Not Found) @ http://localhost:3000/_next/static/webpack/293d4ec351f64387.webpack.hot-update.json:0
[  188706ms] [ERROR] Failed to load resource: the server responded with a status of 404 (Not Found) @ http://localhost:3000/images/icons/icon-192.png:0
[  188709ms] [WARNING] Error while trying to use the following icon from the Manifest: http://localhost:3000/images/icons/icon-192.png (Download error or resource isn't a valid image) @ http://localhost:3000/controller/FLYMYT/:0
[  189161ms] [ERROR] Failed to load resource: the server responded with a status of 404 (Not Found) @ http://localhost:3000/_next/static/webpack/293d4ec351f64387.webpack.hot-update.json:0
[  189269ms] [ERROR] Failed to load resource: the server responded with a status of 404 (Not Found) @ http://localhost:3000/images/icons/icon-192.png:0
[  189275ms] [WARNING] Error while trying to use the following icon from the Manifest: http://localhost:3000/images/icons/icon-192.png (Download error or resource isn't a valid image) @ http://localhost:3000/controller/FLYMYT/:0
[  189699ms] [ERROR] Failed to load resource: the server responded with a status of 404 (Not Found) @ http://localhost:3000/_next/static/webpack/293d4ec351f64387.webpack.hot-update.json:0
[  189783ms] [ERROR] Failed to load resource: the server responded with a status of 404 (Not Found) @ http://localhost:3000/images/icons/icon-192.png:0
[  189789ms] [WARNING] Error while trying to use the following icon from the Manifest: http://localhost:3000/images/icons/icon-192.png (Download error or resource isn't a valid image) @ http://localhost:3000/controller/FLYMYT/:0
[  190236ms] [ERROR] Failed to load resource: the server responded with a status of 404 (Not Found) @ http://localhost:3000/_next/static/webpack/293d4ec351f64387.webpack.hot-update.json:0
[  190336ms] [ERROR] Failed to load resource: the server responded with a status of 404 (Not Found) @ http://localhost:3000/images/icons/icon-192.png:0
[  190340ms] [WARNING] Error while trying to use the following icon from the Manifest: http://localhost:3000/images/icons/icon-192.png (Download error or resource isn't a valid image) @ http://localhost:3000/controller/FLYMYT/:0
[  190782ms] [ERROR] Failed to load resource: the server responded with a status of 404 (Not Found) @ http://localhost:3000/_next/static/webpack/293d4ec351f64387.webpack.hot-update.json:0
[  190892ms] [ERROR] Failed to load resource: the server responded with a status of 404 (Not Found) @ http://localhost:3000/images/icons/icon-192.png:0
[  190897ms] [WARNING] Error while trying to use the following icon from the Manifest: http://localhost:3000/images/icons/icon-192.png (Download error or resource isn't a valid image) @ http://localhost:3000/controller/FLYMYT/:0
[  191403ms] [ERROR] Failed to load resource: the server responded with a status of 404 (Not Found) @ http://localhost:3000/_next/static/webpack/293d4ec351f64387.webpack.hot-update.json:0
[  191505ms] [ERROR] Failed to load resource: the server responded with a status of 404 (Not Found) @ http://localhost:3000/images/icons/icon-192.png:0
[  191507ms] [WARNING] Error while trying to use the following icon from the Manifest: http://localhost:3000/images/icons/icon-192.png (Download error or resource isn't a valid image) @ http://localhost:3000/controller/FLYMYT/:0
[  191923ms] [ERROR] Failed to load resource: the server responded with a status of 404 (Not Found) @ http://localhost:3000/_next/static/webpack/293d4ec351f64387.webpack.hot-update.json:0
[  191996ms] [ERROR] Failed to load resource: the server responded with a status of 404 (Not Found) @ http://localhost:3000/images/icons/icon-192.png:0
[  192000ms] [WARNING] Error while trying to use the following icon from the Manifest: http://localhost:3000/images/icons/icon-192.png (Download error or resource isn't a valid image) @ http://localhost:3000/controller/FLYMYT/:0
[  192446ms] [ERROR] Failed to load resource: the server responded with a status of 404 (Not Found) @ http://localhost:3000/_next/static/webpack/293d4ec351f64387.webpack.hot-update.json:0
[  192517ms] [ERROR] Failed to load resource: the server responded with a status of 404 (Not Found) @ http://localhost:3000/images/icons/icon-192.png:0
[  192522ms] [WARNING] Error while trying to use the following icon from the Manifest: http://localhost:3000/images/icons/icon-192.png (Download error or resource isn't a valid image) @ http://localhost:3000/controller/FLYMYT/:0
[  192943ms] [ERROR] Failed to load resource: the server responded with a status of 404 (Not Found) @ http://localhost:3000/_next/static/webpack/293d4ec351f64387.webpack.hot-update.json:0
[  193003ms] [ERROR] Failed to load resource: the server responded with a status of 404 (Not Found) @ http://localhost:3000/images/icons/icon-192.png:0
[  193005ms] [WARNING] Error while trying to use the following icon from the Manifest: http://localhost:3000/images/icons/icon-192.png (Download error or resource isn't a valid image) @ http://localhost:3000/controller/FLYMYT/:0
[  193489ms] [ERROR] Failed to load resource: the server responded with a status of 404 (Not Found) @ http://localhost:3000/_next/static/webpack/293d4ec351f64387.webpack.hot-update.json:0
[  193551ms] [ERROR] Failed to load resource: the server responded with a status of 404 (Not Found) @ http://localhost:3000/images/icons/icon-192.png:0
[  193554ms] [WARNING] Error while trying to use the following icon from the Manifest: http://localhost:3000/images/icons/icon-192.png (Download error or resource isn't a valid image) @ http://localhost:3000/controller/FLYMYT/:0
[  194020ms] [ERROR] Failed to load resource: the server responded with a status of 404 (Not Found) @ http://localhost:3000/_next/static/webpack/293d4ec351f64387.webpack.hot-update.json:0
[  194079ms] [ERROR] Failed to load resource: the server responded with a status of 404 (Not Found) @ http://localhost:3000/images/icons/icon-192.png:0
[  194083ms] [WARNING] Error while trying to use the following icon from the Manifest: http://localhost:3000/images/icons/icon-192.png (Download error or resource isn't a valid image) @ http://localhost:3000/controller/FLYMYT/:0
[  194539ms] [ERROR] Failed to load resource: the server responded with a status of 404 (Not Found) @ http://localhost:3000/_next/static/webpack/293d4ec351f64387.webpack.hot-update.json:0
[  194612ms] [ERROR] Failed to load resource: the server responded with a status of 404 (Not Found) @ http://localhost:3000/images/icons/icon-192.png:0
[  194612ms] [WARNING] Error while trying to use the following icon from the Manifest: http://localhost:3000/images/icons/icon-192.png (Download error or resource isn't a valid image) @ http://localhost:3000/controller/FLYMYT/:0
[  195099ms] [ERROR] Failed to load resource: the server responded with a status of 404 (Not Found) @ http://localhost:3000/_next/static/webpack/293d4ec351f64387.webpack.hot-update.json:0
[  195177ms] [ERROR] Failed to load resource: the server responded with a status of 404 (Not Found) @ http://localhost:3000/images/icons/icon-192.png:0
[  195181ms] [WARNING] Error while trying to use the following icon from the Manifest: http://localhost:3000/images/icons/icon-192.png (Download error or resource isn't a valid image) @ http://localhost:3000/controller/FLYMYT/:0
[  195637ms] [ERROR] Failed to load resource: the server responded with a status of 404 (Not Found) @ http://localhost:3000/_next/static/webpack/293d4ec351f64387.webpack.hot-update.json:0
[  195705ms] [ERROR] Failed to load resource: the server responded with a status of 404 (Not Found) @ http://localhost:3000/images/icons/icon-192.png:0
[  195705ms] [WARNING] Error while trying to use the following icon from the Manifest: http://localhost:3000/images/icons/icon-192.png (Download error or resource isn't a valid image) @ http://localhost:3000/controller/FLYMYT/:0
[  196210ms] [ERROR] Failed to load resource: the server responded with a status of 404 (Not Found) @ http://localhost:3000/_next/static/webpack/293d4ec351f64387.webpack.hot-update.json:0
[  196266ms] [ERROR] Failed to load resource: the server responded with a status of 404 (Not Found) @ http://localhost:3000/images/icons/icon-192.png:0
[  196267ms] [WARNING] Error while trying to use the following icon from the Manifest: http://localhost:3000/images/icons/icon-192.png (Download error or resource isn't a valid image) @ http://localhost:3000/controller/FLYMYT/:0
[  196814ms] [ERROR] Failed to load resource: the server responded with a status of 404 (Not Found) @ http://localhost:3000/_next/static/webpack/293d4ec351f64387.webpack.hot-update.json:0
[  196857ms] [ERROR] Failed to load resource: the server responded with a status of 404 (Not Found) @ http://localhost:3000/images/icons/icon-192.png:0
[  196858ms] [WARNING] Error while trying to use the following icon from the Manifest: http://localhost:3000/images/icons/icon-192.png (Download error or resource isn't a valid image) @ http://localhost:3000/controller/FLYMYT/:0
[  197371ms] [ERROR] Failed to load resource: the server responded with a status of 404 (Not Found) @ http://localhost:3000/_next/static/webpack/293d4ec351f64387.webpack.hot-update.json:0
[  197412ms] [ERROR] Failed to load resource: the server responded with a status of 404 (Not Found) @ http://localhost:3000/images/icons/icon-192.png:0
[  197412ms] [WARNING] Error while trying to use the following icon from the Manifest: http://localhost:3000/images/icons/icon-192.png (Download error or resource isn't a valid image) @ http://localhost:3000/controller/FLYMYT/:0
[  197994ms] [ERROR] Failed to load resource: the server responded with a status of 404 (Not Found) @ http://localhost:3000/_next/static/webpack/293d4ec351f64387.webpack.hot-update.json:0
[  198047ms] [ERROR] Failed to load resource: the server responded with a status of 404 (Not Found) @ http://localhost:3000/images/icons/icon-192.png:0
[  198048ms] [WARNING] Error while trying to use the following icon from the Manifest: http://localhost:3000/images/icons/icon-192.png (Download error or resource isn't a valid image) @ http://localhost:3000/controller/FLYMYT/:0
[  198555ms] [ERROR] Failed to load resource: the server responded with a status of 404 (Not Found) @ http://localhost:3000/_next/static/webpack/293d4ec351f64387.webpack.hot-update.json:0
[  198603ms] [ERROR] Failed to load resource: the server responded with a status of 404 (Not Found) @ http://localhost:3000/images/icons/icon-192.png:0
[  198603ms] [WARNING] Error while trying to use the following icon from the Manifest: http://localhost:3000/images/icons/icon-192.png (Download error or resource isn't a valid image) @ http://localhost:3000/controller/FLYMYT/:0
[  199092ms] [ERROR] Failed to load resource: the server responded with a status of 404 (Not Found) @ http://localhost:3000/_next/static/webpack/293d4ec351f64387.webpack.hot-update.json:0
[  199195ms] [ERROR] Failed to load resource: the server responded with a status of 404 (Not Found) @ http://localhost:3000/images/icons/icon-192.png:0
[  199199ms] [WARNING] Error while trying to use the following icon from the Manifest: http://localhost:3000/images/icons/icon-192.png (Download error or resource isn't a valid image) @ http://localhost:3000/controller/FLYMYT/:0
[  199676ms] [ERROR] Failed to load resource: the server responded with a status of 404 (Not Found) @ http://localhost:3000/_next/static/webpack/293d4ec351f64387.webpack.hot-update.json:0
[  199795ms] [ERROR] Failed to load resource: the server responded with a status of 404 (Not Found) @ http://localhost:3000/images/icons/icon-192.png:0
[  199800ms] [WARNING] Error while trying to use the following icon from the Manifest: http://localhost:3000/images/icons/icon-192.png (Download error or resource isn't a valid image) @ http://localhost:3000/controller/FLYMYT/:0
[  200427ms] [ERROR] Failed to load resource: the server responded with a status of 404 (Not Found) @ http://localhost:3000/_next/static/webpack/293d4ec351f64387.webpack.hot-update.json:0
[  200507ms] [ERROR] Failed to load resource: the server responded with a status of 404 (Not Found) @ http://localhost:3000/images/icons/icon-192.png:0
[  200507ms] [WARNING] Error while trying to use the following icon from the Manifest: http://localhost:3000/images/icons/icon-192.png (Download error or resource isn't a valid image) @ http://localhost:3000/controller/FLYMYT/:0
[  201064ms] [ERROR] Failed to load resource: the server responded with a status of 404 (Not Found) @ http://localhost:3000/_next/static/webpack/293d4ec351f64387.webpack.hot-update.json:0
[  201110ms] [ERROR] Failed to load resource: the server responded with a status of 404 (Not Found) @ http://localhost:3000/images/icons/icon-192.png:0
[  201111ms] [WARNING] Error while trying to use the following icon from the Manifest: http://localhost:3000/images/icons/icon-192.png (Download error or resource isn't a valid image) @ http://localhost:3000/controller/FLYMYT/:0
[  201544ms] [ERROR] Failed to load resource: the server responded with a status of 404 (Not Found) @ http://localhost:3000/_next/static/webpack/293d4ec351f64387.webpack.hot-update.json:0
[  201625ms] [ERROR] Failed to load resource: the server responded with a status of 404 (Not Found) @ http://localhost:3000/images/icons/icon-192.png:0
[  201627ms] [WARNING] Error while trying to use the following icon from the Manifest: http://localhost:3000/images/icons/icon-192.png (Download error or resource isn't a valid image) @ http://localhost:3000/controller/FLYMYT/:0
[  202171ms] [ERROR] Failed to load resource: the server responded with a status of 404 (Not Found) @ http://localhost:3000/_next/static/webpack/293d4ec351f64387.webpack.hot-update.json:0
[  202251ms] [ERROR] Failed to load resource: the server responded with a status of 404 (Not Found) @ http://localhost:3000/images/icons/icon-192.png:0
[  202257ms] [WARNING] Error while trying to use the following icon from the Manifest: http://localhost:3000/images/icons/icon-192.png (Download error or resource isn't a valid image) @ http://localhost:3000/controller/FLYMYT/:0
[  202757ms] [ERROR] Failed to load resource: the server responded with a status of 404 (Not Found) @ http://localhost:3000/_next/static/webpack/293d4ec351f64387.webpack.hot-update.json:0
[  202906ms] [ERROR] Failed to load resource: the server responded with a status of 404 (Not Found) @ http://localhost:3000/images/icons/icon-192.png:0
[  202907ms] [WARNING] Error while trying to use the following icon from the Manifest: http://localhost:3000/images/icons/icon-192.png (Download error or resource isn't a valid image) @ http://localhost:3000/controller/FLYMYT/:0
[  203301ms] [ERROR] Failed to load resource: the server responded with a status of 404 (Not Found) @ http://localhost:3000/_next/static/webpack/293d4ec351f64387.webpack.hot-update.json:0
[  203405ms] [ERROR] Failed to load resource: the server responded with a status of 404 (Not Found) @ http://localhost:3000/images/icons/icon-192.png:0
[  203408ms] [WARNING] Error while trying to use the following icon from the Manifest: http://localhost:3000/images/icons/icon-192.png (Download error or resource isn't a valid image) @ http://localhost:3000/controller/FLYMYT/:0
[  203877ms] [ERROR] Failed to load resource: the server responded with a status of 404 (Not Found) @ http://localhost:3000/_next/static/webpack/293d4ec351f64387.webpack.hot-update.json:0
[  203951ms] [ERROR] Failed to load resource: the server responded with a status of 404 (Not Found) @ http://localhost:3000/images/icons/icon-192.png:0
[  203957ms] [WARNING] Error while trying to use the following icon from the Manifest: http://localhost:3000/images/icons/icon-192.png (Download error or resource isn't a valid image) @ http://localhost:3000/controller/FLYMYT/:0
[  204481ms] [ERROR] Failed to load resource: the server responded with a status of 404 (Not Found) @ http://localhost:3000/_next/static/webpack/293d4ec351f64387.webpack.hot-update.json:0
[  204528ms] [ERROR] Failed to load resource: the server responded with a status of 404 (Not Found) @ http://localhost:3000/images/icons/icon-192.png:0
[  204528ms] [WARNING] Error while trying to use the following icon from the Manifest: http://localhost:3000/images/icons/icon-192.png (Download error or resource isn't a valid image) @ http://localhost:3000/controller/FLYMYT/:0
[  204978ms] [ERROR] Failed to load resource: the server responded with a status of 404 (Not Found) @ http://localhost:3000/_next/static/webpack/293d4ec351f64387.webpack.hot-update.json:0
[  205016ms] [ERROR] Failed to load resource: the server responded with a status of 404 (Not Found) @ http://localhost:3000/images/icons/icon-192.png:0
[  205016ms] [WARNING] Error while trying to use the following icon from the Manifest: http://localhost:3000/images/icons/icon-192.png (Download error or resource isn't a valid image) @ http://localhost:3000/controller/FLYMYT/:0
[  205453ms] [ERROR] Failed to load resource: the server responded with a status of 404 (Not Found) @ http://localhost:3000/_next/static/webpack/293d4ec351f64387.webpack.hot-update.json:0
[  205524ms] [ERROR] Failed to load resource: the server responded with a status of 404 (Not Found) @ http://localhost:3000/images/icons/icon-192.png:0
[  205528ms] [WARNING] Error while trying to use the following icon from the Manifest: http://localhost:3000/images/icons/icon-192.png (Download error or resource isn't a valid image) @ http://localhost:3000/controller/FLYMYT/:0
[  206008ms] [ERROR] Failed to load resource: the server responded with a status of 404 (Not Found) @ http://localhost:3000/_next/static/webpack/293d4ec351f64387.webpack.hot-update.json:0
[  206144ms] [ERROR] Failed to load resource: the server responded with a status of 404 (Not Found) @ http://localhost:3000/images/icons/icon-192.png:0
[  206145ms] [WARNING] Error while trying to use the following icon from the Manifest: http://localhost:3000/images/icons/icon-192.png (Download error or resource isn't a valid image) @ http://localhost:3000/controller/FLYMYT/:0
[  206614ms] [ERROR] Failed to load resource: the server responded with a status of 404 (Not Found) @ http://localhost:3000/_next/static/webpack/293d4ec351f64387.webpack.hot-update.json:0
[  206700ms] [ERROR] Failed to load resource: the server responded with a status of 404 (Not Found) @ http://localhost:3000/images/icons/icon-192.png:0
[  206703ms] [WARNING] Error while trying to use the following icon from the Manifest: http://localhost:3000/images/icons/icon-192.png (Download error or resource isn't a valid image) @ http://localhost:3000/controller/FLYMYT/:0
[  207155ms] [ERROR] Failed to load resource: the server responded with a status of 404 (Not Found) @ http://localhost:3000/_next/static/webpack/293d4ec351f64387.webpack.hot-update.json:0
[  207231ms] [ERROR] Failed to load resource: the server responded with a status of 404 (Not Found) @ http://localhost:3000/images/icons/icon-192.png:0
[  207234ms] [WARNING] Error while trying to use the following icon from the Manifest: http://localhost:3000/images/icons/icon-192.png (Download error or resource isn't a valid image) @ http://localhost:3000/controller/FLYMYT/:0
[  207723ms] [ERROR] Failed to load resource: the server responded with a status of 404 (Not Found) @ http://localhost:3000/_next/static/webpack/293d4ec351f64387.webpack.hot-update.json:0
[  207791ms] [ERROR] Failed to load resource: the server responded with a status of 404 (Not Found) @ http://localhost:3000/images/icons/icon-192.png:0
[  207793ms] [WARNING] Error while trying to use the following icon from the Manifest: http://localhost:3000/images/icons/icon-192.png (Download error or resource isn't a valid image) @ http://localhost:3000/controller/FLYMYT/:0
[  208295ms] [ERROR] Failed to load resource: the server responded with a status of 404 (Not Found) @ http://localhost:3000/_next/static/webpack/293d4ec351f64387.webpack.hot-update.json:0
[  208371ms] [ERROR] Failed to load resource: the server responded with a status of 404 (Not Found) @ http://localhost:3000/images/icons/icon-192.png:0
[  208377ms] [WARNING] Error while trying to use the following icon from the Manifest: http://localhost:3000/images/icons/icon-192.png (Download error or resource isn't a valid image) @ http://localhost:3000/controller/FLYMYT/:0
[  208818ms] [ERROR] Failed to load resource: the server responded with a status of 404 (Not Found) @ http://localhost:3000/_next/static/webpack/293d4ec351f64387.webpack.hot-update.json:0
[  208881ms] [ERROR] Failed to load resource: the server responded with a status of 404 (Not Found) @ http://localhost:3000/images/icons/icon-192.png:0
[  208882ms] [WARNING] Error while trying to use the following icon from the Manifest: http://localhost:3000/images/icons/icon-192.png (Download error or resource isn't a valid image) @ http://localhost:3000/controller/FLYMYT/:0
[  209398ms] [ERROR] Failed to load resource: the server responded with a status of 404 (Not Found) @ http://localhost:3000/_next/static/webpack/293d4ec351f64387.webpack.hot-update.json:0
[  209476ms] [ERROR] Failed to load resource: the server responded with a status of 404 (Not Found) @ http://localhost:3000/images/icons/icon-192.png:0
[  209476ms] [WARNING] Error while trying to use the following icon from the Manifest: http://localhost:3000/images/icons/icon-192.png (Download error or resource isn't a valid image) @ http://localhost:3000/controller/FLYMYT/:0
[  210046ms] [ERROR] Failed to load resource: the server responded with a status of 404 (Not Found) @ http://localhost:3000/_next/static/webpack/293d4ec351f64387.webpack.hot-update.json:0
[  210087ms] [ERROR] Failed to load resource: the server responded with a status of 404 (Not Found) @ http://localhost:3000/images/icons/icon-192.png:0
[  210088ms] [WARNING] Error while trying to use the following icon from the Manifest: http://localhost:3000/images/icons/icon-192.png (Download error or resource isn't a valid image) @ http://localhost:3000/controller/FLYMYT/:0
[  210517ms] [ERROR] Failed to load resource: the server responded with a status of 404 (Not Found) @ http://localhost:3000/_next/static/webpack/293d4ec351f64387.webpack.hot-update.json:0
[  210597ms] [ERROR] Failed to load resource: the server responded with a status of 404 (Not Found) @ http://localhost:3000/images/icons/icon-192.png:0
[  210598ms] [WARNING] Error while trying to use the following icon from the Manifest: http://localhost:3000/images/icons/icon-192.png (Download error or resource isn't a valid image) @ http://localhost:3000/controller/FLYMYT/:0
[  210994ms] [ERROR] Failed to load resource: the server responded with a status of 404 (Not Found) @ http://localhost:3000/_next/static/webpack/293d4ec351f64387.webpack.hot-update.json:0
[  211037ms] [ERROR] Failed to load resource: the server responded with a status of 404 (Not Found) @ http://localhost:3000/images/icons/icon-192.png:0
[  211038ms] [WARNING] Error while trying to use the following icon from the Manifest: http://localhost:3000/images/icons/icon-192.png (Download error or resource isn't a valid image) @ http://localhost:3000/controller/FLYMYT/:0
[  211051ms] [WARNING] [Fast Refresh] performing full reload

Fast Refresh will perform a full reload when you edit a file that's imported by modules outside of the React rendering tree.
You might have a file which exports a React component but also exports a value that is imported by a non-React component file.
Consider migrating the non-React component export to a separate file and importing it into both files.

It is also possible the parent component of the component you edited is a class component, which disables Fast Refresh.
Fast Refresh requires at least one parent function component in your React tree. @ webpack-internal:///../../node_modules/.pnpm/next@14.2.25_react-dom@18.3.1_react@18.3.1_sass@1.93.2/node_modules/next/dist/client/components/react-dev-overlay/pages/hot-reloader-client.js:347
[  211538ms] [ERROR] Failed to load resource: the server responded with a status of 404 (Not Found) @ http://localhost:3000/_next/static/webpack/293d4ec351f64387.webpack.hot-update.json:0
[  211579ms] [ERROR] Failed to load resource: the server responded with a status of 404 (Not Found) @ http://localhost:3000/images/icons/icon-192.png:0
[  211580ms] [WARNING] Error while trying to use the following icon from the Manifest: http://localhost:3000/images/icons/icon-192.png (Download error or resource isn't a valid image) @ http://localhost:3000/controller/FLYMYT/:0
[  211598ms] [WARNING] [Fast Refresh] performing full reload

Fast Refresh will perform a full reload when you edit a file that's imported by modules outside of the React rendering tree.
You might have a file which exports a React component but also exports a value that is imported by a non-React component file.
Consider migrating the non-React component export to a separate file and importing it into both files.

It is also possible the parent component of the component you edited is a class component, which disables Fast Refresh.
Fast Refresh requires at least one parent function component in your React tree. @ webpack-internal:///../../node_modules/.pnpm/next@14.2.25_react-dom@18.3.1_react@18.3.1_sass@1.93.2/node_modules/next/dist/client/components/react-dev-overlay/pages/hot-reloader-client.js:347
[  212095ms] [ERROR] Failed to load resource: the server responded with a status of 404 (Not Found) @ http://localhost:3000/_next/static/webpack/293d4ec351f64387.webpack.hot-update.json:0
[  212128ms] [ERROR] Failed to load resource: the server responded with a status of 404 (Not Found) @ http://localhost:3000/images/icons/icon-192.png:0
[  212129ms] [WARNING] Error while trying to use the following icon from the Manifest: http://localhost:3000/images/icons/icon-192.png (Download error or resource isn't a valid image) @ http://localhost:3000/controller/FLYMYT/:0
[  212614ms] [ERROR] Failed to load resource: the server responded with a status of 404 (Not Found) @ http://localhost:3000/_next/static/webpack/293d4ec351f64387.webpack.hot-update.json:0
[  212649ms] [ERROR] Failed to load resource: the server responded with a status of 404 (Not Found) @ http://localhost:3000/images/icons/icon-192.png:0
[  212650ms] [WARNING] Error while trying to use the following icon from the Manifest: http://localhost:3000/images/icons/icon-192.png (Download error or resource isn't a valid image) @ http://localhost:3000/controller/FLYMYT/:0
[  213295ms] [ERROR] Failed to load resource: the server responded with a status of 404 (Not Found) @ http://localhost:3000/_next/static/webpack/293d4ec351f64387.webpack.hot-update.json:0
[  213352ms] [ERROR] Failed to load resource: the server responded with a status of 404 (Not Found) @ http://localhost:3000/images/icons/icon-192.png:0
[  213353ms] [WARNING] Error while trying to use the following icon from the Manifest: http://localhost:3000/images/icons/icon-192.png (Download error or resource isn't a valid image) @ http://localhost:3000/controller/FLYMYT/:0
[  213386ms] [WARNING] [Fast Refresh] performing full reload

Fast Refresh will perform a full reload when you edit a file that's imported by modules outside of the React rendering tree.
You might have a file which exports a React component but also exports a value that is imported by a non-React component file.
Consider migrating the non-React component export to a separate file and importing it into both files.

It is also possible the parent component of the component you edited is a class component, which disables Fast Refresh.
Fast Refresh requires at least one parent function component in your React tree. @ webpack-internal:///../../node_modules/.pnpm/next@14.2.25_react-dom@18.3.1_react@18.3.1_sass@1.93.2/node_modules/next/dist/client/components/react-dev-overlay/pages/hot-reloader-client.js:347
[  214033ms] [ERROR] Failed to load resource: the server responded with a status of 404 (Not Found) @ http://localhost:3000/_next/static/webpack/293d4ec351f64387.webpack.hot-update.json:0
[  214075ms] [ERROR] Failed to load resource: the server responded with a status of 404 (Not Found) @ http://localhost:3000/images/icons/icon-192.png:0
[  214075ms] [WARNING] Error while trying to use the following icon from the Manifest: http://localhost:3000/images/icons/icon-192.png (Download error or resource isn't a valid image) @ http://localhost:3000/controller/FLYMYT/:0
[  214094ms] [WARNING] [Fast Refresh] performing full reload

Fast Refresh will perform a full reload when you edit a file that's imported by modules outside of the React rendering tree.
You might have a file which exports a React component but also exports a value that is imported by a non-React component file.
Consider migrating the non-React component export to a separate file and importing it into both files.

It is also possible the parent component of the component you edited is a class component, which disables Fast Refresh.
Fast Refresh requires at least one parent function component in your React tree. @ webpack-internal:///../../node_modules/.pnpm/next@14.2.25_react-dom@18.3.1_react@18.3.1_sass@1.93.2/node_modules/next/dist/client/components/react-dev-overlay/pages/hot-reloader-client.js:347
[  215479ms] Invalid or unexpected token
[  215738ms] [ERROR] Failed to load resource: the server responded with a status of 404 (Not Found) @ http://localhost:3000/images/icons/icon-192.png:0
[  215740ms] [WARNING] Error while trying to use the following icon from the Manifest: http://localhost:3000/images/icons/icon-192.png (Download error or resource isn't a valid image) @ http://localhost:3000/controller/FLYMYT/:0
[  215772ms] [ERROR] Failed to load resource: the server responded with a status of 404 (Not Found) @ http://localhost:3000/_next/static/webpack/293d4ec351f64387.webpack.hot-update.json:0
[  216342ms] [ERROR] Failed to load resource: the server responded with a status of 404 (Not Found) @ http://localhost:3000/_next/static/webpack/6322dbebd56c63d2.webpack.hot-update.json:0
[  216387ms] [ERROR] Failed to load resource: the server responded with a status of 404 (Not Found) @ http://localhost:3000/images/icons/icon-192.png:0
[  216388ms] [WARNING] Error while trying to use the following icon from the Manifest: http://localhost:3000/images/icons/icon-192.png (Download error or resource isn't a valid image) @ http://localhost:3000/controller/FLYMYT/:0
[  216420ms] [ERROR] Failed to load resource: the server responded with a status of 404 (Not Found) @ http://localhost:3000/controller/FLYMYT/:0
[  216806ms] [ERROR] Failed to load resource: the server responded with a status of 404 (Not Found) @ http://localhost:3000/_next/static/webpack/6322dbebd56c63d2.webpack.hot-update.json:0
[  216848ms] [ERROR] Failed to load resource: the server responded with a status of 404 (Not Found) @ http://localhost:3000/images/icons/icon-192.png:0
[  216849ms] [WARNING] Error while trying to use the following icon from the Manifest: http://localhost:3000/images/icons/icon-192.png (Download error or resource isn't a valid image) @ http://localhost:3000/controller/FLYMYT/:0
[  216879ms] [ERROR] Failed to load resource: the server responded with a status of 404 (Not Found) @ http://localhost:3000/controller/FLYMYT/:0
[  217240ms] [ERROR] Failed to load resource: the server responded with a status of 404 (Not Found) @ http://localhost:3000/_next/static/webpack/6322dbebd56c63d2.webpack.hot-update.json:0
[  217272ms] [ERROR] Failed to load resource: the server responded with a status of 404 (Not Found) @ http://localhost:3000/images/icons/icon-192.png:0
[  217273ms] [WARNING] Error while trying to use the following icon from the Manifest: http://localhost:3000/images/icons/icon-192.png (Download error or resource isn't a valid image) @ http://localhost:3000/controller/FLYMYT/:0
[  217296ms] [ERROR] Failed to load resource: the server responded with a status of 404 (Not Found) @ http://localhost:3000/controller/FLYMYT/:0
[  217588ms] Invalid or unexpected token
[  217649ms] [ERROR] Failed to load resource: the server responded with a status of 500 (Internal Server Error) @ http://localhost:3000/_next/static/webpack/6322dbebd56c63d2.webpack.hot-update.json:0
[  217652ms] [WARNING] [Fast Refresh] performing full reload

Fast Refresh will perform a full reload when you edit a file that's imported by modules outside of the React rendering tree.
You might have a file which exports a React component but also exports a value that is imported by a non-React component file.
Consider migrating the non-React component export to a separate file and importing it into both files.

It is also possible the parent component of the component you edited is a class component, which disables Fast Refresh.
Fast Refresh requires at least one parent function component in your React tree. @ webpack-internal:///../../node_modules/.pnpm/next@14.2.25_react-dom@18.3.1_react@18.3.1_sass@1.93.2/node_modules/next/dist/client/components/react-dev-overlay/pages/hot-reloader-client.js:347
[  217653ms] [ERROR] Failed to load resource: the server responded with a status of 500 (Internal Server Error) @ http://localhost:3000/images/icons/icon-192.png:0
[  217657ms] [WARNING] Error while trying to use the following icon from the Manifest: http://localhost:3000/images/icons/icon-192.png (Download error or resource isn't a valid image) @ http://localhost:3000/controller/FLYMYT/:0
[  217735ms] [ERROR] Failed to load resource: the server responded with a status of 404 (Not Found) @ http://localhost:3000/controller/FLYMYT/:0
[  218500ms] [ERROR] Failed to load resource: the server responded with a status of 404 (Not Found) @ http://localhost:3000/images/icons/icon-192.png:0
[  218568ms] [WARNING] Error while trying to use the following icon from the Manifest: http://localhost:3000/images/icons/icon-192.png (Download error or resource isn't a valid image) @ http://localhost:3000/controller/FLYMYT/:0
[  218613ms] [WARNING] Image with src "/images/rooted-in-christ.jpg" has either width or height modified, but not the other. If you use CSS to change the size of your image, also include the styles 'width: "auto"' or 'height: "auto"' to maintain the aspect ratio. @ webpack-internal:///../../node_modules/.pnpm/next@14.2.25_react-dom@18.3.1_react@18.3.1_sass@1.93.2/node_modules/next/dist/shared/lib/utils/warn-once.js:15
[  234889ms] [ERROR] Failed to load resource: the server responded with a status of 404 (Not Found) @ http://localhost:3000/_next/static/webpack/2f1caa009b7e3f43.webpack.hot-update.json:0
[  234926ms] [ERROR] Failed to load resource: the server responded with a status of 404 (Not Found) @ http://localhost:3000/controller/FLYMYT/:0
[  235630ms] [WARNING] Image with src "/images/rooted-in-christ.jpg" has either width or height modified, but not the other. If you use CSS to change the size of your image, also include the styles 'width: "auto"' or 'height: "auto"' to maintain the aspect ratio. @ webpack-internal:///../../node_modules/.pnpm/next@14.2.25_react-dom@18.3.1_react@18.3.1_sass@1.93.2/node_modules/next/dist/shared/lib/utils/warn-once.js:15
[  235638ms] [ERROR] Failed to load resource: the server responded with a status of 404 (Not Found) @ http://localhost:3000/images/icons/icon-192.png:0
[  235655ms] [WARNING] Error while trying to use the following icon from the Manifest: http://localhost:3000/images/icons/icon-192.png (Download error or resource isn't a valid image) @ http://localhost:3000/controller/FLYMYT/:0
